[0.556s] Invoking command in '/home/robot/ros2_ws/ROS2_Projects/build/my_py_pkg': PYTHONPATH=/home/robot/ros2_ws/ROS2_Projects/install/my_py_pkg/lib/python3.8/site-packages:${PYTHONPATH} /usr/bin/python3 setup.py develop --prefix /home/robot/ros2_ws/ROS2_Projects/install/my_py_pkg --uninstall --editable --build-directory /home/robot/ros2_ws/ROS2_Projects/build/my_py_pkg/build
[0.756s] running develop
[0.892s] Invoked command in '/home/robot/ros2_ws/ROS2_Projects/build/my_py_pkg' returned '0': PYTHONPATH=/home/robot/ros2_ws/ROS2_Projects/install/my_py_pkg/lib/python3.8/site-packages:${PYTHONPATH} /usr/bin/python3 setup.py develop --prefix /home/robot/ros2_ws/ROS2_Projects/install/my_py_pkg --uninstall --editable --build-directory /home/robot/ros2_ws/ROS2_Projects/build/my_py_pkg/build
[0.894s] Invoking command in '/home/robot/ros2_ws/ROS2_Projects/src/my_py_pkg': PYTHONPATH=/home/robot/ros2_ws/ROS2_Projects/install/my_py_pkg/lib/python3.8/site-packages:${PYTHONPATH} /usr/bin/python3 setup.py egg_info --egg-base ../../build/my_py_pkg build --build-base /home/robot/ros2_ws/ROS2_Projects/build/my_py_pkg/build install --prefix /home/robot/ros2_ws/ROS2_Projects/install/my_py_pkg --record /home/robot/ros2_ws/ROS2_Projects/build/my_py_pkg/install.log --single-version-externally-managed
[1.076s] running egg_info
[1.077s] writing ../../build/my_py_pkg/my_py_pkg.egg-info/PKG-INFO
[1.077s] writing dependency_links to ../../build/my_py_pkg/my_py_pkg.egg-info/dependency_links.txt
[1.077s] writing entry points to ../../build/my_py_pkg/my_py_pkg.egg-info/entry_points.txt
[1.077s] writing requirements to ../../build/my_py_pkg/my_py_pkg.egg-info/requires.txt
[1.077s] writing top-level names to ../../build/my_py_pkg/my_py_pkg.egg-info/top_level.txt
[1.105s] reading manifest file '../../build/my_py_pkg/my_py_pkg.egg-info/SOURCES.txt'
[1.106s] writing manifest file '../../build/my_py_pkg/my_py_pkg.egg-info/SOURCES.txt'
[1.106s] running build
[1.106s] running build_py
[1.106s] copying my_py_pkg/number_counter.py -> /home/robot/ros2_ws/ROS2_Projects/build/my_py_pkg/build/lib/my_py_pkg
[1.107s] running install
[1.107s] running install_lib
[1.108s] copying /home/robot/ros2_ws/ROS2_Projects/build/my_py_pkg/build/lib/my_py_pkg/number_counter.py -> /home/robot/ros2_ws/ROS2_Projects/install/my_py_pkg/lib/python3.8/site-packages/my_py_pkg
[1.108s] byte-compiling /home/robot/ros2_ws/ROS2_Projects/install/my_py_pkg/lib/python3.8/site-packages/my_py_pkg/number_counter.py to number_counter.cpython-38.pyc
[1.110s] running install_data
[1.111s] running install_egg_info
[1.112s] removing '/home/robot/ros2_ws/ROS2_Projects/install/my_py_pkg/lib/python3.8/site-packages/my_py_pkg-0.0.0-py3.8.egg-info' (and everything under it)
[1.112s] Copying ../../build/my_py_pkg/my_py_pkg.egg-info to /home/robot/ros2_ws/ROS2_Projects/install/my_py_pkg/lib/python3.8/site-packages/my_py_pkg-0.0.0-py3.8.egg-info
[1.113s] running install_scripts
[1.126s] Installing add_two_ints_client script to /home/robot/ros2_ws/ROS2_Projects/install/my_py_pkg/lib/my_py_pkg
[1.127s] Installing add_two_ints_server script to /home/robot/ros2_ws/ROS2_Projects/install/my_py_pkg/lib/my_py_pkg
[1.127s] Installing num_publisher script to /home/robot/ros2_ws/ROS2_Projects/install/my_py_pkg/lib/my_py_pkg
[1.127s] Installing number_counter script to /home/robot/ros2_ws/ROS2_Projects/install/my_py_pkg/lib/my_py_pkg
[1.127s] Installing py_node script to /home/robot/ros2_ws/ROS2_Projects/install/my_py_pkg/lib/my_py_pkg
[1.127s] Installing robot_news_station script to /home/robot/ros2_ws/ROS2_Projects/install/my_py_pkg/lib/my_py_pkg
[1.127s] Installing smartphone script to /home/robot/ros2_ws/ROS2_Projects/install/my_py_pkg/lib/my_py_pkg
[1.127s] writing list of installed files to '/home/robot/ros2_ws/ROS2_Projects/build/my_py_pkg/install.log'
[1.147s] Invoked command in '/home/robot/ros2_ws/ROS2_Projects/src/my_py_pkg' returned '0': PYTHONPATH=/home/robot/ros2_ws/ROS2_Projects/install/my_py_pkg/lib/python3.8/site-packages:${PYTHONPATH} /usr/bin/python3 setup.py egg_info --egg-base ../../build/my_py_pkg build --build-base /home/robot/ros2_ws/ROS2_Projects/build/my_py_pkg/build install --prefix /home/robot/ros2_ws/ROS2_Projects/install/my_py_pkg --record /home/robot/ros2_ws/ROS2_Projects/build/my_py_pkg/install.log --single-version-externally-managed
