[0.123s] DEBUG:colcon:Command line arguments: ['/usr/bin/colcon', 'build', '--packages-select', 'catch_all_turtle', '--symlink-install']
[0.124s] DEBUG:colcon:Parsed command line arguments: Namespace(allow_overriding=[], ament_cmake_args=None, base_paths=['.'], build_base='build', catkin_cmake_args=None, catkin_skip_building_tests=False, cmake_args=None, cmake_clean_cache=False, cmake_clean_first=False, cmake_force_configure=False, cmake_target=None, cmake_target_skip_unavailable=False, continue_on_error=False, event_handlers=None, executor='parallel', ignore_user_meta=False, install_base='install', log_base=None, log_level=None, main=<bound method BuildVerb.main of <colcon_core.verb.build.BuildVerb object at 0x7faef138e850>>, merge_install=False, metas=['./colcon.meta'], packages_above=None, packages_above_and_dependencies=None, packages_above_depth=None, packages_end=None, packages_ignore=None, packages_ignore_regex=None, packages_select=['catch_all_turtle'], packages_select_build_failed=False, packages_select_by_dep=None, packages_select_regex=None, packages_select_test_failures=False, packages_skip=None, packages_skip_build_finished=False, packages_skip_by_dep=None, packages_skip_regex=None, packages_skip_test_passed=False, packages_skip_up_to=None, packages_start=None, packages_up_to=None, packages_up_to_regex=None, parallel_workers=8, paths=None, symlink_install=True, test_result_base=None, verb_extension=<colcon_core.verb.build.BuildVerb object at 0x7faef138e850>, verb_name='build', verb_parser=<colcon_defaults.argument_parser.defaults.DefaultArgumentsDecorator object at 0x7faef138edc0>)
[0.158s] Level 1:colcon.colcon_core.package_discovery:discover_packages(colcon_meta) check parameters
[0.158s] Level 1:colcon.colcon_core.package_discovery:discover_packages(recursive) check parameters
[0.158s] Level 1:colcon.colcon_core.package_discovery:discover_packages(ignore) check parameters
[0.158s] Level 1:colcon.colcon_core.package_discovery:discover_packages(path) check parameters
[0.158s] Level 1:colcon.colcon_core.package_discovery:discover_packages(colcon_meta) discover
[0.158s] Level 1:colcon.colcon_core.package_discovery:discover_packages(recursive) discover
[0.158s] INFO:colcon.colcon_core.package_discovery:Crawling recursively for packages in '/home/robot/ros2_ws/ROS2_Projects'
[0.158s] Level 1:colcon.colcon_core.package_identification:_identify(.) by extensions ['ignore', 'ignore_ament_install']
[0.158s] Level 1:colcon.colcon_core.package_identification:_identify(.) by extension 'ignore'
[0.159s] Level 1:colcon.colcon_core.package_identification:_identify(.) by extension 'ignore_ament_install'
[0.159s] Level 1:colcon.colcon_core.package_identification:_identify(.) by extensions ['colcon_pkg']
[0.159s] Level 1:colcon.colcon_core.package_identification:_identify(.) by extension 'colcon_pkg'
[0.159s] Level 1:colcon.colcon_core.package_identification:_identify(.) by extensions ['colcon_meta']
[0.159s] Level 1:colcon.colcon_core.package_identification:_identify(.) by extension 'colcon_meta'
[0.159s] Level 1:colcon.colcon_core.package_identification:_identify(.) by extensions ['ros']
[0.159s] Level 1:colcon.colcon_core.package_identification:_identify(.) by extension 'ros'
[0.186s] Level 1:colcon.colcon_core.package_identification:_identify(.) by extensions ['cmake', 'python']
[0.186s] Level 1:colcon.colcon_core.package_identification:_identify(.) by extension 'cmake'
[0.186s] Level 1:colcon.colcon_core.package_identification:_identify(.) by extension 'python'
[0.186s] Level 1:colcon.colcon_core.package_identification:_identify(.) by extensions ['python_setup_py']
[0.186s] Level 1:colcon.colcon_core.package_identification:_identify(.) by extension 'python_setup_py'
[0.186s] Level 1:colcon.colcon_core.package_identification:_identify(build) by extensions ['ignore', 'ignore_ament_install']
[0.186s] Level 1:colcon.colcon_core.package_identification:_identify(build) by extension 'ignore'
[0.186s] Level 1:colcon.colcon_core.package_identification:_identify(build) ignored
[0.186s] Level 1:colcon.colcon_core.package_identification:_identify(install) by extensions ['ignore', 'ignore_ament_install']
[0.186s] Level 1:colcon.colcon_core.package_identification:_identify(install) by extension 'ignore'
[0.186s] Level 1:colcon.colcon_core.package_identification:_identify(install) ignored
[0.186s] Level 1:colcon.colcon_core.package_identification:_identify(log) by extensions ['ignore', 'ignore_ament_install']
[0.187s] Level 1:colcon.colcon_core.package_identification:_identify(log) by extension 'ignore'
[0.187s] Level 1:colcon.colcon_core.package_identification:_identify(log) ignored
[0.187s] Level 1:colcon.colcon_core.package_identification:_identify(src) by extensions ['ignore', 'ignore_ament_install']
[0.187s] Level 1:colcon.colcon_core.package_identification:_identify(src) by extension 'ignore'
[0.187s] Level 1:colcon.colcon_core.package_identification:_identify(src) by extension 'ignore_ament_install'
[0.187s] Level 1:colcon.colcon_core.package_identification:_identify(src) by extensions ['colcon_pkg']
[0.187s] Level 1:colcon.colcon_core.package_identification:_identify(src) by extension 'colcon_pkg'
[0.187s] Level 1:colcon.colcon_core.package_identification:_identify(src) by extensions ['colcon_meta']
[0.187s] Level 1:colcon.colcon_core.package_identification:_identify(src) by extension 'colcon_meta'
[0.187s] Level 1:colcon.colcon_core.package_identification:_identify(src) by extensions ['ros']
[0.187s] Level 1:colcon.colcon_core.package_identification:_identify(src) by extension 'ros'
[0.187s] Level 1:colcon.colcon_core.package_identification:_identify(src) by extensions ['cmake', 'python']
[0.187s] Level 1:colcon.colcon_core.package_identification:_identify(src) by extension 'cmake'
[0.187s] Level 1:colcon.colcon_core.package_identification:_identify(src) by extension 'python'
[0.187s] Level 1:colcon.colcon_core.package_identification:_identify(src) by extensions ['python_setup_py']
[0.187s] Level 1:colcon.colcon_core.package_identification:_identify(src) by extension 'python_setup_py'
[0.187s] Level 1:colcon.colcon_core.package_identification:_identify(src/catch_all_turtle) by extensions ['ignore', 'ignore_ament_install']
[0.188s] Level 1:colcon.colcon_core.package_identification:_identify(src/catch_all_turtle) by extension 'ignore'
[0.188s] Level 1:colcon.colcon_core.package_identification:_identify(src/catch_all_turtle) by extension 'ignore_ament_install'
[0.188s] Level 1:colcon.colcon_core.package_identification:_identify(src/catch_all_turtle) by extensions ['colcon_pkg']
[0.188s] Level 1:colcon.colcon_core.package_identification:_identify(src/catch_all_turtle) by extension 'colcon_pkg'
[0.188s] Level 1:colcon.colcon_core.package_identification:_identify(src/catch_all_turtle) by extensions ['colcon_meta']
[0.188s] Level 1:colcon.colcon_core.package_identification:_identify(src/catch_all_turtle) by extension 'colcon_meta'
[0.188s] Level 1:colcon.colcon_core.package_identification:_identify(src/catch_all_turtle) by extensions ['ros']
[0.188s] Level 1:colcon.colcon_core.package_identification:_identify(src/catch_all_turtle) by extension 'ros'
[0.190s] DEBUG:colcon.colcon_core.package_identification:Package 'src/catch_all_turtle' with type 'ros.ament_python' and name 'catch_all_turtle'
[0.190s] Level 1:colcon.colcon_core.package_identification:_identify(src/my_py_pkg) by extensions ['ignore', 'ignore_ament_install']
[0.190s] Level 1:colcon.colcon_core.package_identification:_identify(src/my_py_pkg) by extension 'ignore'
[0.190s] Level 1:colcon.colcon_core.package_identification:_identify(src/my_py_pkg) by extension 'ignore_ament_install'
[0.190s] Level 1:colcon.colcon_core.package_identification:_identify(src/my_py_pkg) by extensions ['colcon_pkg']
[0.191s] Level 1:colcon.colcon_core.package_identification:_identify(src/my_py_pkg) by extension 'colcon_pkg'
[0.191s] Level 1:colcon.colcon_core.package_identification:_identify(src/my_py_pkg) by extensions ['colcon_meta']
[0.191s] Level 1:colcon.colcon_core.package_identification:_identify(src/my_py_pkg) by extension 'colcon_meta'
[0.191s] Level 1:colcon.colcon_core.package_identification:_identify(src/my_py_pkg) by extensions ['ros']
[0.191s] Level 1:colcon.colcon_core.package_identification:_identify(src/my_py_pkg) by extension 'ros'
[0.191s] DEBUG:colcon.colcon_core.package_identification:Package 'src/my_py_pkg' with type 'ros.ament_python' and name 'my_py_pkg'
[0.191s] Level 1:colcon.colcon_core.package_identification:_identify(src/my_robot_bringup) by extensions ['ignore', 'ignore_ament_install']
[0.192s] Level 1:colcon.colcon_core.package_identification:_identify(src/my_robot_bringup) by extension 'ignore'
[0.192s] Level 1:colcon.colcon_core.package_identification:_identify(src/my_robot_bringup) by extension 'ignore_ament_install'
[0.192s] Level 1:colcon.colcon_core.package_identification:_identify(src/my_robot_bringup) by extensions ['colcon_pkg']
[0.192s] Level 1:colcon.colcon_core.package_identification:_identify(src/my_robot_bringup) by extension 'colcon_pkg'
[0.192s] Level 1:colcon.colcon_core.package_identification:_identify(src/my_robot_bringup) by extensions ['colcon_meta']
[0.192s] Level 1:colcon.colcon_core.package_identification:_identify(src/my_robot_bringup) by extension 'colcon_meta'
[0.192s] Level 1:colcon.colcon_core.package_identification:_identify(src/my_robot_bringup) by extensions ['ros']
[0.192s] Level 1:colcon.colcon_core.package_identification:_identify(src/my_robot_bringup) by extension 'ros'
[0.192s] DEBUG:colcon.colcon_core.package_identification:Package 'src/my_robot_bringup' with type 'ros.ament_cmake' and name 'my_robot_bringup'
[0.192s] Level 1:colcon.colcon_core.package_identification:_identify(src/my_robot_interfaces) by extensions ['ignore', 'ignore_ament_install']
[0.193s] Level 1:colcon.colcon_core.package_identification:_identify(src/my_robot_interfaces) by extension 'ignore'
[0.193s] Level 1:colcon.colcon_core.package_identification:_identify(src/my_robot_interfaces) by extension 'ignore_ament_install'
[0.193s] Level 1:colcon.colcon_core.package_identification:_identify(src/my_robot_interfaces) by extensions ['colcon_pkg']
[0.193s] Level 1:colcon.colcon_core.package_identification:_identify(src/my_robot_interfaces) by extension 'colcon_pkg'
[0.193s] Level 1:colcon.colcon_core.package_identification:_identify(src/my_robot_interfaces) by extensions ['colcon_meta']
[0.193s] Level 1:colcon.colcon_core.package_identification:_identify(src/my_robot_interfaces) by extension 'colcon_meta'
[0.193s] Level 1:colcon.colcon_core.package_identification:_identify(src/my_robot_interfaces) by extensions ['ros']
[0.193s] Level 1:colcon.colcon_core.package_identification:_identify(src/my_robot_interfaces) by extension 'ros'
[0.193s] DEBUG:colcon.colcon_core.package_identification:Package 'src/my_robot_interfaces' with type 'ros.ament_cmake' and name 'my_robot_interfaces'
[0.193s] Level 1:colcon.colcon_core.package_discovery:discover_packages(recursive) using defaults
[0.193s] Level 1:colcon.colcon_core.package_discovery:discover_packages(ignore) discover
[0.193s] Level 1:colcon.colcon_core.package_discovery:discover_packages(ignore) using defaults
[0.194s] Level 1:colcon.colcon_core.package_discovery:discover_packages(path) discover
[0.194s] Level 1:colcon.colcon_core.package_discovery:discover_packages(path) using defaults
[0.216s] INFO:colcon.colcon_core.package_selection:Skipping not selected package 'my_robot_interfaces' in 'src/my_robot_interfaces'
[0.216s] INFO:colcon.colcon_core.package_selection:Skipping not selected package 'my_py_pkg' in 'src/my_py_pkg'
[0.216s] INFO:colcon.colcon_core.package_selection:Skipping not selected package 'my_robot_bringup' in 'src/my_robot_bringup'
[0.217s] Level 1:colcon.colcon_core.package_discovery:discover_packages(prefix_path) check parameters
[0.217s] Level 1:colcon.colcon_core.package_discovery:discover_packages(prefix_path) discover
[0.221s] DEBUG:colcon.colcon_installed_package_information.package_discovery:Found 3 installed packages in /home/robot/ros2_ws/ROS2_Projects/install
[0.222s] DEBUG:colcon.colcon_installed_package_information.package_discovery:Found 256 installed packages in /opt/ros/foxy
[0.224s] Level 1:colcon.colcon_core.package_discovery:discover_packages(prefix_path) using defaults
[0.297s] Level 5:colcon.colcon_core.verb:set package 'catch_all_turtle' build argument 'cmake_args' from command line to 'None'
[0.297s] Level 5:colcon.colcon_core.verb:set package 'catch_all_turtle' build argument 'cmake_target' from command line to 'None'
[0.297s] Level 5:colcon.colcon_core.verb:set package 'catch_all_turtle' build argument 'cmake_target_skip_unavailable' from command line to 'False'
[0.297s] Level 5:colcon.colcon_core.verb:set package 'catch_all_turtle' build argument 'cmake_clean_cache' from command line to 'False'
[0.297s] Level 5:colcon.colcon_core.verb:set package 'catch_all_turtle' build argument 'cmake_clean_first' from command line to 'False'
[0.297s] Level 5:colcon.colcon_core.verb:set package 'catch_all_turtle' build argument 'cmake_force_configure' from command line to 'False'
[0.298s] Level 5:colcon.colcon_core.verb:set package 'catch_all_turtle' build argument 'ament_cmake_args' from command line to 'None'
[0.298s] Level 5:colcon.colcon_core.verb:set package 'catch_all_turtle' build argument 'catkin_cmake_args' from command line to 'None'
[0.298s] Level 5:colcon.colcon_core.verb:set package 'catch_all_turtle' build argument 'catkin_skip_building_tests' from command line to 'False'
[0.298s] DEBUG:colcon.colcon_core.verb:Building package 'catch_all_turtle' with the following arguments: {'ament_cmake_args': None, 'build_base': '/home/robot/ros2_ws/ROS2_Projects/build/catch_all_turtle', 'catkin_cmake_args': None, 'catkin_skip_building_tests': False, 'cmake_args': None, 'cmake_clean_cache': False, 'cmake_clean_first': False, 'cmake_force_configure': False, 'cmake_target': None, 'cmake_target_skip_unavailable': False, 'install_base': '/home/robot/ros2_ws/ROS2_Projects/install/catch_all_turtle', 'merge_install': False, 'path': '/home/robot/ros2_ws/ROS2_Projects/src/catch_all_turtle', 'symlink_install': True, 'test_result_base': None}
[0.298s] INFO:colcon.colcon_core.executor:Executing jobs using 'parallel' executor
[0.303s] DEBUG:colcon.colcon_parallel_executor.executor.parallel:run_until_complete
[0.303s] INFO:colcon.colcon_ros.task.ament_python.build:Building ROS package in '/home/robot/ros2_ws/ROS2_Projects/src/catch_all_turtle' with build type 'ament_python'
[0.303s] Level 1:colcon.colcon_core.shell:create_environment_hook('catch_all_turtle', 'ament_prefix_path')
[0.309s] INFO:colcon.colcon_core.plugin_system:Skipping extension 'colcon_core.shell.bat': Not used on non-Windows systems
[0.309s] INFO:colcon.colcon_core.shell:Creating environment hook '/home/robot/ros2_ws/ROS2_Projects/install/catch_all_turtle/share/catch_all_turtle/hook/ament_prefix_path.ps1'
[0.311s] INFO:colcon.colcon_core.shell:Creating environment descriptor '/home/robot/ros2_ws/ROS2_Projects/install/catch_all_turtle/share/catch_all_turtle/hook/ament_prefix_path.dsv'
[0.311s] INFO:colcon.colcon_core.shell:Creating environment hook '/home/robot/ros2_ws/ROS2_Projects/install/catch_all_turtle/share/catch_all_turtle/hook/ament_prefix_path.sh'
[0.313s] INFO:colcon.colcon_core.shell:Skip shell extension 'powershell' for command environment: Not usable outside of PowerShell
[0.313s] DEBUG:colcon.colcon_core.shell:Skip shell extension 'dsv' for command environment
[0.514s] INFO:colcon.colcon_core.task.python.build:Building Python package in '/home/robot/ros2_ws/ROS2_Projects/src/catch_all_turtle'
[0.516s] INFO:colcon.colcon_core.shell:Skip shell extension 'powershell' for command environment: Not usable outside of PowerShell
[0.516s] DEBUG:colcon.colcon_core.shell:Skip shell extension 'dsv' for command environment
[0.956s] DEBUG:colcon.colcon_core.event_handler.log_command:Invoking command in '/home/robot/ros2_ws/ROS2_Projects/build/catch_all_turtle': PYTHONPATH=/home/robot/ros2_ws/ROS2_Projects/install/catch_all_turtle/lib/python3.8/site-packages:${PYTHONPATH} /usr/bin/python3 setup.py develop --prefix /home/robot/ros2_ws/ROS2_Projects/install/catch_all_turtle --editable --build-directory /home/robot/ros2_ws/ROS2_Projects/build/catch_all_turtle/build --no-deps install_data --install-dir /home/robot/ros2_ws/ROS2_Projects/install/catch_all_turtle
[1.373s] Level 1:colcon.colcon_core.shell:create_environment_hook('catch_all_turtle', 'pythonpath_develop')
[1.375s] INFO:colcon.colcon_core.shell:Creating environment hook '/home/robot/ros2_ws/ROS2_Projects/build/catch_all_turtle/share/catch_all_turtle/hook/pythonpath_develop.ps1'
[1.375s] DEBUG:colcon.colcon_core.event_handler.log_command:Invoked command in '/home/robot/ros2_ws/ROS2_Projects/build/catch_all_turtle' returned '0': PYTHONPATH=/home/robot/ros2_ws/ROS2_Projects/install/catch_all_turtle/lib/python3.8/site-packages:${PYTHONPATH} /usr/bin/python3 setup.py develop --prefix /home/robot/ros2_ws/ROS2_Projects/install/catch_all_turtle --editable --build-directory /home/robot/ros2_ws/ROS2_Projects/build/catch_all_turtle/build --no-deps install_data --install-dir /home/robot/ros2_ws/ROS2_Projects/install/catch_all_turtle
[1.376s] INFO:colcon.colcon_core.shell:Creating environment descriptor '/home/robot/ros2_ws/ROS2_Projects/build/catch_all_turtle/share/catch_all_turtle/hook/pythonpath_develop.dsv'
[1.376s] INFO:colcon.colcon_core.shell:Creating environment hook '/home/robot/ros2_ws/ROS2_Projects/build/catch_all_turtle/share/catch_all_turtle/hook/pythonpath_develop.sh'
[1.385s] Level 1:colcon.colcon_core.environment:checking '/home/robot/ros2_ws/ROS2_Projects/install/catch_all_turtle' for CMake module files
[1.385s] Level 1:colcon.colcon_core.environment:checking '/home/robot/ros2_ws/ROS2_Projects/install/catch_all_turtle' for CMake config files
[1.386s] Level 1:colcon.colcon_core.environment:checking '/home/robot/ros2_ws/ROS2_Projects/install/catch_all_turtle/lib'
[1.386s] Level 1:colcon.colcon_core.environment:checking '/home/robot/ros2_ws/ROS2_Projects/install/catch_all_turtle/bin'
[1.386s] Level 1:colcon.colcon_core.environment:checking '/home/robot/ros2_ws/ROS2_Projects/install/catch_all_turtle/lib/pkgconfig/catch_all_turtle.pc'
[1.386s] Level 1:colcon.colcon_core.environment:checking '/home/robot/ros2_ws/ROS2_Projects/install/catch_all_turtle/lib/python3.8/site-packages'
[1.386s] Level 1:colcon.colcon_core.shell:create_environment_hook('catch_all_turtle', 'pythonpath')
[1.387s] INFO:colcon.colcon_core.shell:Creating environment hook '/home/robot/ros2_ws/ROS2_Projects/install/catch_all_turtle/share/catch_all_turtle/hook/pythonpath.ps1'
[1.388s] INFO:colcon.colcon_core.shell:Creating environment descriptor '/home/robot/ros2_ws/ROS2_Projects/install/catch_all_turtle/share/catch_all_turtle/hook/pythonpath.dsv'
[1.388s] INFO:colcon.colcon_core.shell:Creating environment hook '/home/robot/ros2_ws/ROS2_Projects/install/catch_all_turtle/share/catch_all_turtle/hook/pythonpath.sh'
[1.389s] Level 1:colcon.colcon_core.environment:checking '/home/robot/ros2_ws/ROS2_Projects/install/catch_all_turtle/bin'
[1.389s] Level 1:colcon.colcon_core.environment:create_environment_scripts_only(catch_all_turtle)
[1.390s] INFO:colcon.colcon_core.shell:Creating package script '/home/robot/ros2_ws/ROS2_Projects/install/catch_all_turtle/share/catch_all_turtle/package.ps1'
[1.391s] INFO:colcon.colcon_core.shell:Creating package descriptor '/home/robot/ros2_ws/ROS2_Projects/install/catch_all_turtle/share/catch_all_turtle/package.dsv'
[1.392s] INFO:colcon.colcon_core.shell:Creating package script '/home/robot/ros2_ws/ROS2_Projects/install/catch_all_turtle/share/catch_all_turtle/package.sh'
[1.393s] INFO:colcon.colcon_core.shell:Creating package script '/home/robot/ros2_ws/ROS2_Projects/install/catch_all_turtle/share/catch_all_turtle/package.bash'
[1.393s] INFO:colcon.colcon_core.shell:Creating package script '/home/robot/ros2_ws/ROS2_Projects/install/catch_all_turtle/share/catch_all_turtle/package.zsh'
[1.394s] Level 1:colcon.colcon_core.environment:create_file_with_runtime_dependencies(/home/robot/ros2_ws/ROS2_Projects/install/catch_all_turtle/share/colcon-core/packages/catch_all_turtle)
[1.395s] DEBUG:colcon.colcon_parallel_executor.executor.parallel:closing loop
[1.395s] DEBUG:colcon.colcon_parallel_executor.executor.parallel:loop closed
[1.395s] DEBUG:colcon.colcon_parallel_executor.executor.parallel:run_until_complete finished with '0'
[1.395s] DEBUG:colcon.colcon_core.event_reactor:joining thread
[1.403s] INFO:colcon.colcon_core.plugin_system:Skipping extension 'colcon_notification.desktop_notification.terminal_notifier': Not used on non-Darwin systems
[1.403s] INFO:colcon.colcon_core.plugin_system:Skipping extension 'colcon_notification.desktop_notification.win32': Not used on non-Windows systems
[1.403s] INFO:colcon.colcon_notification.desktop_notification:Sending desktop notification using 'notify2'
[1.421s] DEBUG:colcon.colcon_core.event_reactor:joined thread
[1.423s] INFO:colcon.colcon_core.shell:Creating prefix script '/home/robot/ros2_ws/ROS2_Projects/install/local_setup.ps1'
[1.424s] INFO:colcon.colcon_core.shell:Creating prefix util module '/home/robot/ros2_ws/ROS2_Projects/install/_local_setup_util_ps1.py'
[1.425s] INFO:colcon.colcon_core.shell:Creating prefix chain script '/home/robot/ros2_ws/ROS2_Projects/install/setup.ps1'
[1.427s] INFO:colcon.colcon_core.shell:Creating prefix script '/home/robot/ros2_ws/ROS2_Projects/install/local_setup.sh'
[1.428s] INFO:colcon.colcon_core.shell:Creating prefix util module '/home/robot/ros2_ws/ROS2_Projects/install/_local_setup_util_sh.py'
[1.429s] INFO:colcon.colcon_core.shell:Creating prefix chain script '/home/robot/ros2_ws/ROS2_Projects/install/setup.sh'
[1.430s] INFO:colcon.colcon_core.shell:Creating prefix script '/home/robot/ros2_ws/ROS2_Projects/install/local_setup.bash'
[1.431s] INFO:colcon.colcon_core.shell:Creating prefix chain script '/home/robot/ros2_ws/ROS2_Projects/install/setup.bash'
[1.432s] INFO:colcon.colcon_core.shell:Creating prefix script '/home/robot/ros2_ws/ROS2_Projects/install/local_setup.zsh'
[1.433s] INFO:colcon.colcon_core.shell:Creating prefix chain script '/home/robot/ros2_ws/ROS2_Projects/install/setup.zsh'
