[0.022s] Invoking command in '/home/robot/ros2_ws/ROS2_Projects/build/my_robot_bringup': AMENT_PREFIX_PATH=/home/robot/ros2_ws/ROS2_Projects/install/my_py_pkg:/home/robot/ros2_ws/ROS2_Projects/install/my_robot_bringup:/home/robot/ros2_ws/ROS2_Projects/install/my_robot_interfaces:/opt/ros/foxy CMAKE_PREFIX_PATH=/home/robot/ros2_ws/ROS2_Projects/install/my_robot_interfaces:/home/robot/ros2_ws/ROS2_Projects/install/my_robot_bringup:/home/robot/ros2_ws/ROS2_Projects/install/my_py_pkg:/opt/ros/foxy /usr/bin/cmake /home/robot/ros2_ws/ROS2_Projects/src/my_robot_bringup -DCMAKE_INSTALL_PREFIX=/home/robot/ros2_ws/ROS2_Projects/install/my_robot_bringup
[0.065s] -- Found ament_cmake: 0.9.9 (/opt/ros/foxy/share/ament_cmake/cmake)
[0.091s] -- Using PYTHON_EXECUTABLE: /usr/bin/python3
[0.255s] -- Override CMake install command with custom implementation using symlinks instead of copying resources
[0.341s] -- Configuring done
[0.345s] -- Generating done
[0.346s] -- Build files have been written to: /home/robot/ros2_ws/ROS2_Projects/build/my_robot_bringup
[0.348s] Invoked command in '/home/robot/ros2_ws/ROS2_Projects/build/my_robot_bringup' returned '0': AMENT_PREFIX_PATH=/home/robot/ros2_ws/ROS2_Projects/install/my_py_pkg:/home/robot/ros2_ws/ROS2_Projects/install/my_robot_bringup:/home/robot/ros2_ws/ROS2_Projects/install/my_robot_interfaces:/opt/ros/foxy CMAKE_PREFIX_PATH=/home/robot/ros2_ws/ROS2_Projects/install/my_robot_interfaces:/home/robot/ros2_ws/ROS2_Projects/install/my_robot_bringup:/home/robot/ros2_ws/ROS2_Projects/install/my_py_pkg:/opt/ros/foxy /usr/bin/cmake /home/robot/ros2_ws/ROS2_Projects/src/my_robot_bringup -DCMAKE_INSTALL_PREFIX=/home/robot/ros2_ws/ROS2_Projects/install/my_robot_bringup
[0.350s] Invoking command in '/home/robot/ros2_ws/ROS2_Projects/build/my_robot_bringup': AMENT_PREFIX_PATH=/home/robot/ros2_ws/ROS2_Projects/install/my_py_pkg:/home/robot/ros2_ws/ROS2_Projects/install/my_robot_bringup:/home/robot/ros2_ws/ROS2_Projects/install/my_robot_interfaces:/opt/ros/foxy CMAKE_PREFIX_PATH=/home/robot/ros2_ws/ROS2_Projects/install/my_robot_interfaces:/home/robot/ros2_ws/ROS2_Projects/install/my_robot_bringup:/home/robot/ros2_ws/ROS2_Projects/install/my_py_pkg:/opt/ros/foxy /usr/bin/cmake --build /home/robot/ros2_ws/ROS2_Projects/build/my_robot_bringup -- -j8 -l8
[0.384s] Invoked command in '/home/robot/ros2_ws/ROS2_Projects/build/my_robot_bringup' returned '0': AMENT_PREFIX_PATH=/home/robot/ros2_ws/ROS2_Projects/install/my_py_pkg:/home/robot/ros2_ws/ROS2_Projects/install/my_robot_bringup:/home/robot/ros2_ws/ROS2_Projects/install/my_robot_interfaces:/opt/ros/foxy CMAKE_PREFIX_PATH=/home/robot/ros2_ws/ROS2_Projects/install/my_robot_interfaces:/home/robot/ros2_ws/ROS2_Projects/install/my_robot_bringup:/home/robot/ros2_ws/ROS2_Projects/install/my_py_pkg:/opt/ros/foxy /usr/bin/cmake --build /home/robot/ros2_ws/ROS2_Projects/build/my_robot_bringup -- -j8 -l8
[0.414s] Invoking command in '/home/robot/ros2_ws/ROS2_Projects/build/my_robot_bringup': AMENT_PREFIX_PATH=/home/robot/ros2_ws/ROS2_Projects/install/my_py_pkg:/home/robot/ros2_ws/ROS2_Projects/install/my_robot_bringup:/home/robot/ros2_ws/ROS2_Projects/install/my_robot_interfaces:/opt/ros/foxy CMAKE_PREFIX_PATH=/home/robot/ros2_ws/ROS2_Projects/install/my_robot_interfaces:/home/robot/ros2_ws/ROS2_Projects/install/my_robot_bringup:/home/robot/ros2_ws/ROS2_Projects/install/my_py_pkg:/opt/ros/foxy /usr/bin/cmake --install /home/robot/ros2_ws/ROS2_Projects/build/my_robot_bringup
[0.421s] -- Install configuration: ""
[0.422s] -- Execute custom install script
[0.422s] -- Up-to-date symlink: /home/robot/ros2_ws/ROS2_Projects/install/my_robot_bringup/share/my_robot_bringup/launch/number_app.launch.py
[0.423s] -- Up-to-date symlink: /home/robot/ros2_ws/ROS2_Projects/install/my_robot_bringup/share/ament_index/resource_index/package_run_dependencies/my_robot_bringup
[0.423s] -- Up-to-date symlink: /home/robot/ros2_ws/ROS2_Projects/install/my_robot_bringup/share/ament_index/resource_index/parent_prefix_path/my_robot_bringup
[0.424s] -- Up-to-date symlink: /home/robot/ros2_ws/ROS2_Projects/install/my_robot_bringup/share/my_robot_bringup/environment/ament_prefix_path.sh
[0.424s] -- Up-to-date symlink: /home/robot/ros2_ws/ROS2_Projects/install/my_robot_bringup/share/my_robot_bringup/environment/ament_prefix_path.dsv
[0.425s] -- Up-to-date symlink: /home/robot/ros2_ws/ROS2_Projects/install/my_robot_bringup/share/my_robot_bringup/environment/path.sh
[0.425s] -- Up-to-date symlink: /home/robot/ros2_ws/ROS2_Projects/install/my_robot_bringup/share/my_robot_bringup/environment/path.dsv
[0.426s] -- Up-to-date symlink: /home/robot/ros2_ws/ROS2_Projects/install/my_robot_bringup/share/my_robot_bringup/local_setup.bash
[0.426s] -- Up-to-date symlink: /home/robot/ros2_ws/ROS2_Projects/install/my_robot_bringup/share/my_robot_bringup/local_setup.sh
[0.427s] -- Up-to-date symlink: /home/robot/ros2_ws/ROS2_Projects/install/my_robot_bringup/share/my_robot_bringup/local_setup.zsh
[0.427s] -- Up-to-date symlink: /home/robot/ros2_ws/ROS2_Projects/install/my_robot_bringup/share/my_robot_bringup/local_setup.dsv
[0.427s] -- Symlinking: /home/robot/ros2_ws/ROS2_Projects/install/my_robot_bringup/share/my_robot_bringup/package.dsv
[0.435s] -- Up-to-date symlink: /home/robot/ros2_ws/ROS2_Projects/install/my_robot_bringup/share/ament_index/resource_index/packages/my_robot_bringup
[0.436s] -- Up-to-date symlink: /home/robot/ros2_ws/ROS2_Projects/install/my_robot_bringup/share/my_robot_bringup/cmake/my_robot_bringupConfig.cmake
[0.436s] -- Up-to-date symlink: /home/robot/ros2_ws/ROS2_Projects/install/my_robot_bringup/share/my_robot_bringup/cmake/my_robot_bringupConfig-version.cmake
[0.436s] -- Up-to-date symlink: /home/robot/ros2_ws/ROS2_Projects/install/my_robot_bringup/share/my_robot_bringup/package.xml
[0.439s] Invoked command in '/home/robot/ros2_ws/ROS2_Projects/build/my_robot_bringup' returned '0': AMENT_PREFIX_PATH=/home/robot/ros2_ws/ROS2_Projects/install/my_py_pkg:/home/robot/ros2_ws/ROS2_Projects/install/my_robot_bringup:/home/robot/ros2_ws/ROS2_Projects/install/my_robot_interfaces:/opt/ros/foxy CMAKE_PREFIX_PATH=/home/robot/ros2_ws/ROS2_Projects/install/my_robot_interfaces:/home/robot/ros2_ws/ROS2_Projects/install/my_robot_bringup:/home/robot/ros2_ws/ROS2_Projects/install/my_py_pkg:/opt/ros/foxy /usr/bin/cmake --install /home/robot/ros2_ws/ROS2_Projects/build/my_robot_bringup
