[0.652s] Invoking command in '/home/robot/ros2_ws/ROS2_Projects/build/my_py_pkg': PYTHONPATH=/home/robot/ros2_ws/ROS2_Projects/install/my_py_pkg/lib/python3.8/site-packages:/home/robot/ros2_ws/ROS2_Projects/install/my_robot_interfaces/lib/python3.8/site-packages:/home/robot/ros2_ws/ROS2_Projects/install/my_py_pkg/lib/python3.8/site-packages:/opt/ros/foxy/lib/python3.8/site-packages /usr/bin/python3 setup.py develop --prefix /home/robot/ros2_ws/ROS2_Projects/install/my_py_pkg --uninstall --editable --build-directory /home/robot/ros2_ws/ROS2_Projects/build/my_py_pkg/build
[0.857s] running develop
[0.993s] Invoked command in '/home/robot/ros2_ws/ROS2_Projects/build/my_py_pkg' returned '0': PYTHONPATH=/home/robot/ros2_ws/ROS2_Projects/install/my_py_pkg/lib/python3.8/site-packages:/home/robot/ros2_ws/ROS2_Projects/install/my_robot_interfaces/lib/python3.8/site-packages:/home/robot/ros2_ws/ROS2_Projects/install/my_py_pkg/lib/python3.8/site-packages:/opt/ros/foxy/lib/python3.8/site-packages /usr/bin/python3 setup.py develop --prefix /home/robot/ros2_ws/ROS2_Projects/install/my_py_pkg --uninstall --editable --build-directory /home/robot/ros2_ws/ROS2_Projects/build/my_py_pkg/build
[0.994s] Invoking command in '/home/robot/ros2_ws/ROS2_Projects/src/my_py_pkg': PYTHONPATH=/home/robot/ros2_ws/ROS2_Projects/install/my_py_pkg/lib/python3.8/site-packages:/home/robot/ros2_ws/ROS2_Projects/install/my_robot_interfaces/lib/python3.8/site-packages:/home/robot/ros2_ws/ROS2_Projects/install/my_py_pkg/lib/python3.8/site-packages:/opt/ros/foxy/lib/python3.8/site-packages /usr/bin/python3 setup.py egg_info --egg-base ../../build/my_py_pkg build --build-base /home/robot/ros2_ws/ROS2_Projects/build/my_py_pkg/build install --prefix /home/robot/ros2_ws/ROS2_Projects/install/my_py_pkg --record /home/robot/ros2_ws/ROS2_Projects/build/my_py_pkg/install.log --single-version-externally-managed
[1.183s] running egg_info
[1.183s] writing ../../build/my_py_pkg/my_py_pkg.egg-info/PKG-INFO
[1.184s] writing dependency_links to ../../build/my_py_pkg/my_py_pkg.egg-info/dependency_links.txt
[1.184s] writing entry points to ../../build/my_py_pkg/my_py_pkg.egg-info/entry_points.txt
[1.184s] writing requirements to ../../build/my_py_pkg/my_py_pkg.egg-info/requires.txt
[1.184s] writing top-level names to ../../build/my_py_pkg/my_py_pkg.egg-info/top_level.txt
[1.225s] reading manifest file '../../build/my_py_pkg/my_py_pkg.egg-info/SOURCES.txt'
[1.226s] writing manifest file '../../build/my_py_pkg/my_py_pkg.egg-info/SOURCES.txt'
[1.226s] running build
[1.226s] running build_py
[1.227s] copying my_py_pkg/led_panel_node.py -> /home/robot/ros2_ws/ROS2_Projects/build/my_py_pkg/build/lib/my_py_pkg
[1.227s] running install
[1.228s] running install_lib
[1.229s] copying /home/robot/ros2_ws/ROS2_Projects/build/my_py_pkg/build/lib/my_py_pkg/led_panel_node.py -> /home/robot/ros2_ws/ROS2_Projects/install/my_py_pkg/lib/python3.8/site-packages/my_py_pkg
[1.229s] byte-compiling /home/robot/ros2_ws/ROS2_Projects/install/my_py_pkg/lib/python3.8/site-packages/my_py_pkg/led_panel_node.py to led_panel_node.cpython-38.pyc
[1.230s] running install_data
[1.231s] running install_egg_info
[1.232s] removing '/home/robot/ros2_ws/ROS2_Projects/install/my_py_pkg/lib/python3.8/site-packages/my_py_pkg-0.0.0-py3.8.egg-info' (and everything under it)
[1.232s] Copying ../../build/my_py_pkg/my_py_pkg.egg-info to /home/robot/ros2_ws/ROS2_Projects/install/my_py_pkg/lib/python3.8/site-packages/my_py_pkg-0.0.0-py3.8.egg-info
[1.233s] running install_scripts
[1.248s] Installing add_two_ints_client script to /home/robot/ros2_ws/ROS2_Projects/install/my_py_pkg/lib/my_py_pkg
[1.248s] Installing add_two_ints_server script to /home/robot/ros2_ws/ROS2_Projects/install/my_py_pkg/lib/my_py_pkg
[1.248s] Installing hw_status_publisher script to /home/robot/ros2_ws/ROS2_Projects/install/my_py_pkg/lib/my_py_pkg
[1.248s] Installing led_panel_node script to /home/robot/ros2_ws/ROS2_Projects/install/my_py_pkg/lib/my_py_pkg
[1.248s] Installing num_publisher script to /home/robot/ros2_ws/ROS2_Projects/install/my_py_pkg/lib/my_py_pkg
[1.248s] Installing number_counter script to /home/robot/ros2_ws/ROS2_Projects/install/my_py_pkg/lib/my_py_pkg
[1.248s] Installing py_node script to /home/robot/ros2_ws/ROS2_Projects/install/my_py_pkg/lib/my_py_pkg
[1.249s] Installing robot_news_station script to /home/robot/ros2_ws/ROS2_Projects/install/my_py_pkg/lib/my_py_pkg
[1.249s] Installing smartphone script to /home/robot/ros2_ws/ROS2_Projects/install/my_py_pkg/lib/my_py_pkg
[1.249s] writing list of installed files to '/home/robot/ros2_ws/ROS2_Projects/build/my_py_pkg/install.log'
[1.268s] Invoked command in '/home/robot/ros2_ws/ROS2_Projects/src/my_py_pkg' returned '0': PYTHONPATH=/home/robot/ros2_ws/ROS2_Projects/install/my_py_pkg/lib/python3.8/site-packages:/home/robot/ros2_ws/ROS2_Projects/install/my_robot_interfaces/lib/python3.8/site-packages:/home/robot/ros2_ws/ROS2_Projects/install/my_py_pkg/lib/python3.8/site-packages:/opt/ros/foxy/lib/python3.8/site-packages /usr/bin/python3 setup.py egg_info --egg-base ../../build/my_py_pkg build --build-base /home/robot/ros2_ws/ROS2_Projects/build/my_py_pkg/build install --prefix /home/robot/ros2_ws/ROS2_Projects/install/my_py_pkg --record /home/robot/ros2_ws/ROS2_Projects/build/my_py_pkg/install.log --single-version-externally-managed
