[0.015s] Invoking command in '/home/robot/ros2_ws/ROS2_Projects/build/my_robot_interfaces': CMAKE_PREFIX_PATH=${CMAKE_PREFIX_PATH}:/home/robot/ros2_ws/ROS2_Projects/install/my_py_pkg:/home/robot/ros2_ws/ROS2_Projects/install/catch_all_turtles:/home/robot/ros2_ws/ROS2_Projects/install/catch_all_turtle:/opt/ros/foxy /usr/bin/cmake --build /home/robot/ros2_ws/ROS2_Projects/build/my_robot_interfaces -- -j8 -l8
[0.038s] -- Found ament_cmake: 0.9.9 (/opt/ros/foxy/share/ament_cmake/cmake)
[0.064s] -- Using PYTHON_EXECUTABLE: /usr/bin/python3
[0.223s] -- Override CMake install command with custom implementation using symlinks instead of copying resources
[0.229s] -- Found rosidl_default_generators: 1.0.1 (/opt/ros/foxy/share/rosidl_default_generators/cmake)
[0.232s] -- Using all available rosidl_typesupport_c: rosidl_typesupport_fastrtps_c;rosidl_typesupport_introspection_c
[0.235s] -- Found rosidl_adapter: 1.2.1 (/opt/ros/foxy/share/rosidl_adapter/cmake)
[0.344s] -- Using all available rosidl_typesupport_cpp: rosidl_typesupport_fastrtps_cpp;rosidl_typesupport_introspection_cpp
[0.389s] -- Found PythonInterp: /usr/bin/python3 (found version "3.8.10") 
[0.534s] -- Found ament_cmake_ros: 0.9.2 (/opt/ros/foxy/share/ament_cmake_ros/cmake)
[0.620s] -- Using all available rosidl_typesupport_c: rosidl_typesupport_fastrtps_c;rosidl_typesupport_introspection_c
[0.630s] -- Using all available rosidl_typesupport_cpp: rosidl_typesupport_fastrtps_cpp;rosidl_typesupport_introspection_cpp
[0.656s] -- Found PythonInterp: /usr/bin/python3 (found suitable version "3.8.10", minimum required is "3.5") 
[0.656s] -- Found python_cmake_module: 0.8.1 (/opt/ros/foxy/share/python_cmake_module/cmake)
[0.683s] -- Using PYTHON_EXECUTABLE: /usr/bin/python3
[0.683s] -- Using PYTHON_INCLUDE_DIRS: /usr/include/python3.8
[0.683s] -- Using PYTHON_LIBRARIES: /usr/lib/x86_64-linux-gnu/libpython3.8.so
[0.719s] -- Configuring done
[0.767s] -- Generating done
[0.770s] -- Build files have been written to: /home/robot/ros2_ws/ROS2_Projects/build/my_robot_interfaces
[0.792s] [  1%] [34m[1mGenerating C code for ROS interfaces[0m
[0.792s] [35m[1mScanning dependencies of target my_robot_interfaces__cpp[0m
[0.802s] [  2%] [34m[1mGenerating C++ code for ROS interfaces[0m
[1.244s] [  2%] Built target my_robot_interfaces__cpp
[1.252s] [35m[1mScanning dependencies of target my_robot_interfaces__rosidl_generator_c[0m
[1.253s] [  7%] [34m[1mGenerating C++ introspection for ROS interfaces[0m
[1.253s] [  7%] [34m[1mGenerating C++ type support dispatch for ROS interfaces[0m
[1.253s] [  7%] [34m[1mGenerating C++ type support for eProsima Fast-RTPS[0m
[1.267s] [ 12%] [32mBuilding C object CMakeFiles/my_robot_interfaces__rosidl_generator_c.dir/rosidl_generator_c/my_robot_interfaces/msg/detail/hardware_status__functions.c.o[0m
[1.267s] [ 12%] [32mBuilding C object CMakeFiles/my_robot_interfaces__rosidl_generator_c.dir/rosidl_generator_c/my_robot_interfaces/srv/detail/compute_rectangle_area__functions.c.o[0m
[1.267s] [ 12%] [32mBuilding C object CMakeFiles/my_robot_interfaces__rosidl_generator_c.dir/rosidl_generator_c/my_robot_interfaces/msg/detail/turtle__functions.c.o[0m
[1.268s] [ 12%] [32mBuilding C object CMakeFiles/my_robot_interfaces__rosidl_generator_c.dir/rosidl_generator_c/my_robot_interfaces/msg/detail/led_states__functions.c.o[0m
[1.278s] [ 14%] [32mBuilding C object CMakeFiles/my_robot_interfaces__rosidl_generator_c.dir/rosidl_generator_c/my_robot_interfaces/msg/detail/turtle_array__functions.c.o[0m
[1.410s] [ 15%] [32mBuilding C object CMakeFiles/my_robot_interfaces__rosidl_generator_c.dir/rosidl_generator_c/my_robot_interfaces/srv/detail/set_led__functions.c.o[0m
[1.447s] [ 16%] [32m[1mLinking C shared library libmy_robot_interfaces__rosidl_generator_c.so[0m
[1.487s] [ 16%] Built target my_robot_interfaces__rosidl_generator_c
[1.497s] [ 18%] [34m[1mGenerating C introspection for ROS interfaces[0m
[1.500s] [ 19%] [34m[1mGenerating C type support dispatch for ROS interfaces[0m
[1.631s] [35m[1mScanning dependencies of target my_robot_interfaces__rosidl_typesupport_cpp[0m
[1.649s] [ 22%] [32mBuilding CXX object CMakeFiles/my_robot_interfaces__rosidl_typesupport_cpp.dir/rosidl_typesupport_cpp/my_robot_interfaces/msg/hardware_status__type_support.cpp.o[0m
[1.649s] [ 22%] [32mBuilding CXX object CMakeFiles/my_robot_interfaces__rosidl_typesupport_cpp.dir/rosidl_typesupport_cpp/my_robot_interfaces/srv/compute_rectangle_area__type_support.cpp.o[0m
[1.652s] [ 25%] [32mBuilding CXX object CMakeFiles/my_robot_interfaces__rosidl_typesupport_cpp.dir/rosidl_typesupport_cpp/my_robot_interfaces/msg/turtle__type_support.cpp.o[0m
[1.652s] [ 25%] [32mBuilding CXX object CMakeFiles/my_robot_interfaces__rosidl_typesupport_cpp.dir/rosidl_typesupport_cpp/my_robot_interfaces/msg/led_states__type_support.cpp.o[0m
[1.659s] [35m[1mScanning dependencies of target my_robot_interfaces__rosidl_typesupport_introspection_cpp[0m
[1.679s] [ 26%] [32mBuilding CXX object CMakeFiles/my_robot_interfaces__rosidl_typesupport_introspection_cpp.dir/rosidl_typesupport_introspection_cpp/my_robot_interfaces/msg/detail/hardware_status__type_support.cpp.o[0m
[1.804s] [35m[1mScanning dependencies of target my_robot_interfaces__rosidl_typesupport_fastrtps_cpp[0m
[1.847s] [ 28%] [32mBuilding CXX object CMakeFiles/my_robot_interfaces__rosidl_typesupport_fastrtps_cpp.dir/rosidl_typesupport_fastrtps_cpp/my_robot_interfaces/msg/detail/dds_fastrtps/hardware_status__type_support.cpp.o[0m
[2.048s] [35m[1mScanning dependencies of target my_robot_interfaces__rosidl_typesupport_c[0m
[2.079s] [ 29%] [32mBuilding CXX object CMakeFiles/my_robot_interfaces__rosidl_typesupport_c.dir/rosidl_typesupport_c/my_robot_interfaces/msg/hardware_status__type_support.cpp.o[0m
[2.124s] [ 30%] [32mBuilding CXX object CMakeFiles/my_robot_interfaces__rosidl_typesupport_c.dir/rosidl_typesupport_c/my_robot_interfaces/srv/compute_rectangle_area__type_support.cpp.o[0m
[2.158s] [ 32%] [32mBuilding CXX object CMakeFiles/my_robot_interfaces__rosidl_typesupport_fastrtps_cpp.dir/rosidl_typesupport_fastrtps_cpp/my_robot_interfaces/srv/detail/dds_fastrtps/compute_rectangle_area__type_support.cpp.o[0m
[2.164s] [ 35%] [32mBuilding CXX object CMakeFiles/my_robot_interfaces__rosidl_typesupport_cpp.dir/rosidl_typesupport_cpp/my_robot_interfaces/msg/turtle_array__type_support.cpp.o[0m
[2.164s] [ 35%] [32mBuilding CXX object CMakeFiles/my_robot_interfaces__rosidl_typesupport_c.dir/rosidl_typesupport_c/my_robot_interfaces/msg/led_states__type_support.cpp.o[0m
[2.169s] [ 38%] [32mBuilding CXX object CMakeFiles/my_robot_interfaces__rosidl_typesupport_cpp.dir/rosidl_typesupport_cpp/my_robot_interfaces/srv/set_led__type_support.cpp.o[0m
[2.169s] [ 38%] [32mBuilding CXX object CMakeFiles/my_robot_interfaces__rosidl_typesupport_c.dir/rosidl_typesupport_c/my_robot_interfaces/msg/turtle__type_support.cpp.o[0m
[2.192s] [ 39%] [32mBuilding CXX object CMakeFiles/my_robot_interfaces__rosidl_typesupport_introspection_cpp.dir/rosidl_typesupport_introspection_cpp/my_robot_interfaces/srv/detail/compute_rectangle_area__type_support.cpp.o[0m
[2.207s] [ 40%] [32mBuilding CXX object CMakeFiles/my_robot_interfaces__rosidl_typesupport_c.dir/rosidl_typesupport_c/my_robot_interfaces/msg/turtle_array__type_support.cpp.o[0m
[2.212s] [35m[1mScanning dependencies of target my_robot_interfaces__rosidl_typesupport_introspection_c[0m
[2.214s] [ 42%] [32mBuilding CXX object CMakeFiles/my_robot_interfaces__rosidl_typesupport_c.dir/rosidl_typesupport_c/my_robot_interfaces/srv/set_led__type_support.cpp.o[0m
[2.249s] [ 43%] [32mBuilding C object CMakeFiles/my_robot_interfaces__rosidl_typesupport_introspection_c.dir/rosidl_typesupport_introspection_c/my_robot_interfaces/msg/detail/hardware_status__type_support.c.o[0m
[2.256s] [ 45%] [32mBuilding C object CMakeFiles/my_robot_interfaces__rosidl_typesupport_introspection_c.dir/rosidl_typesupport_introspection_c/my_robot_interfaces/srv/detail/compute_rectangle_area__type_support.c.o[0m
[2.258s] [ 46%] [32m[1mLinking CXX shared library libmy_robot_interfaces__rosidl_typesupport_c.so[0m
[2.299s] [ 47%] [32mBuilding C object CMakeFiles/my_robot_interfaces__rosidl_typesupport_introspection_c.dir/rosidl_typesupport_introspection_c/my_robot_interfaces/msg/detail/led_states__type_support.c.o[0m
[2.311s] [ 49%] [32mBuilding CXX object CMakeFiles/my_robot_interfaces__rosidl_typesupport_introspection_cpp.dir/rosidl_typesupport_introspection_cpp/my_robot_interfaces/msg/detail/led_states__type_support.cpp.o[0m
[2.319s] [ 49%] Built target my_robot_interfaces__rosidl_typesupport_c
[2.332s] [ 50%] [32mBuilding C object CMakeFiles/my_robot_interfaces__rosidl_typesupport_introspection_c.dir/rosidl_typesupport_introspection_c/my_robot_interfaces/msg/detail/turtle__type_support.c.o[0m
[2.359s] [ 52%] [32mBuilding C object CMakeFiles/my_robot_interfaces__rosidl_typesupport_introspection_c.dir/rosidl_typesupport_introspection_c/my_robot_interfaces/msg/detail/turtle_array__type_support.c.o[0m
[2.381s] [ 53%] [32mBuilding C object CMakeFiles/my_robot_interfaces__rosidl_typesupport_introspection_c.dir/rosidl_typesupport_introspection_c/my_robot_interfaces/srv/detail/set_led__type_support.c.o[0m
[2.410s] [ 54%] [32mBuilding CXX object CMakeFiles/my_robot_interfaces__rosidl_typesupport_introspection_cpp.dir/rosidl_typesupport_introspection_cpp/my_robot_interfaces/msg/detail/turtle__type_support.cpp.o[0m
[2.432s] [ 56%] [32m[1mLinking C shared library libmy_robot_interfaces__rosidl_typesupport_introspection_c.so[0m
[2.475s] [ 56%] Built target my_robot_interfaces__rosidl_typesupport_introspection_c
[2.489s] [ 57%] [32mBuilding CXX object CMakeFiles/my_robot_interfaces__rosidl_typesupport_introspection_cpp.dir/rosidl_typesupport_introspection_cpp/my_robot_interfaces/msg/detail/turtle_array__type_support.cpp.o[0m
[2.514s] [ 59%] [32mBuilding CXX object CMakeFiles/my_robot_interfaces__rosidl_typesupport_fastrtps_cpp.dir/rosidl_typesupport_fastrtps_cpp/my_robot_interfaces/msg/detail/dds_fastrtps/led_states__type_support.cpp.o[0m
[2.596s] [ 60%] [32mBuilding CXX object CMakeFiles/my_robot_interfaces__rosidl_typesupport_fastrtps_cpp.dir/rosidl_typesupport_fastrtps_cpp/my_robot_interfaces/msg/detail/dds_fastrtps/turtle__type_support.cpp.o[0m
[2.623s] [ 61%] [32m[1mLinking CXX shared library libmy_robot_interfaces__rosidl_typesupport_cpp.so[0m
[2.662s] [ 63%] [32mBuilding CXX object CMakeFiles/my_robot_interfaces__rosidl_typesupport_introspection_cpp.dir/rosidl_typesupport_introspection_cpp/my_robot_interfaces/srv/detail/set_led__type_support.cpp.o[0m
[2.694s] [ 63%] Built target my_robot_interfaces__rosidl_typesupport_cpp
[2.707s] [ 64%] [32mBuilding CXX object CMakeFiles/my_robot_interfaces__rosidl_typesupport_fastrtps_cpp.dir/rosidl_typesupport_fastrtps_cpp/my_robot_interfaces/msg/detail/dds_fastrtps/turtle_array__type_support.cpp.o[0m
[2.845s] [ 66%] [32mBuilding CXX object CMakeFiles/my_robot_interfaces__rosidl_typesupport_fastrtps_cpp.dir/rosidl_typesupport_fastrtps_cpp/my_robot_interfaces/srv/detail/dds_fastrtps/set_led__type_support.cpp.o[0m
[3.108s] [ 67%] [32m[1mLinking CXX shared library libmy_robot_interfaces__rosidl_typesupport_introspection_cpp.so[0m
[3.190s] [ 67%] Built target my_robot_interfaces__rosidl_typesupport_introspection_cpp
[3.351s] [ 69%] [32m[1mLinking CXX shared library libmy_robot_interfaces__rosidl_typesupport_fastrtps_cpp.so[0m
[3.433s] [ 69%] Built target my_robot_interfaces__rosidl_typesupport_fastrtps_cpp
[3.444s] [ 70%] [34m[1mGenerating C type support for eProsima Fast-RTPS[0m
[3.809s] [35m[1mScanning dependencies of target my_robot_interfaces__rosidl_typesupport_fastrtps_c[0m
[3.827s] [ 71%] [32mBuilding CXX object CMakeFiles/my_robot_interfaces__rosidl_typesupport_fastrtps_c.dir/rosidl_typesupport_fastrtps_c/my_robot_interfaces/srv/detail/compute_rectangle_area__type_support_c.cpp.o[0m
[3.828s] [ 73%] [32mBuilding CXX object CMakeFiles/my_robot_interfaces__rosidl_typesupport_fastrtps_c.dir/rosidl_typesupport_fastrtps_c/my_robot_interfaces/msg/detail/turtle_array__type_support_c.cpp.o[0m
[3.828s] [ 74%] [32mBuilding CXX object CMakeFiles/my_robot_interfaces__rosidl_typesupport_fastrtps_c.dir/rosidl_typesupport_fastrtps_c/my_robot_interfaces/msg/detail/hardware_status__type_support_c.cpp.o[0m
[3.829s] [ 76%] [32mBuilding CXX object CMakeFiles/my_robot_interfaces__rosidl_typesupport_fastrtps_c.dir/rosidl_typesupport_fastrtps_c/my_robot_interfaces/msg/detail/led_states__type_support_c.cpp.o[0m
[3.829s] [ 77%] [32mBuilding CXX object CMakeFiles/my_robot_interfaces__rosidl_typesupport_fastrtps_c.dir/rosidl_typesupport_fastrtps_c/my_robot_interfaces/msg/detail/turtle__type_support_c.cpp.o[0m
[3.829s] [ 78%] [32mBuilding CXX object CMakeFiles/my_robot_interfaces__rosidl_typesupport_fastrtps_c.dir/rosidl_typesupport_fastrtps_c/my_robot_interfaces/srv/detail/set_led__type_support_c.cpp.o[0m
[4.351s] [ 80%] [32m[1mLinking CXX shared library libmy_robot_interfaces__rosidl_typesupport_fastrtps_c.so[0m
[4.429s] [ 80%] Built target my_robot_interfaces__rosidl_typesupport_fastrtps_c
[4.447s] [ 80%] Built target my_robot_interfaces
[4.457s] [35m[1mScanning dependencies of target my_robot_interfaces__py[0m
[4.467s] [ 81%] [34m[1mGenerating Python code for ROS interfaces[0m
[5.186s] [ 81%] Built target my_robot_interfaces__py
[5.198s] [35m[1mScanning dependencies of target my_robot_interfaces__python[0m
[5.220s] [ 83%] [32mBuilding C object CMakeFiles/my_robot_interfaces__python.dir/rosidl_generator_py/my_robot_interfaces/srv/_compute_rectangle_area_s.c.o[0m
[5.221s] [ 84%] [32mBuilding C object CMakeFiles/my_robot_interfaces__python.dir/rosidl_generator_py/my_robot_interfaces/msg/_led_states_s.c.o[0m
[5.221s] [ 85%] [32mBuilding C object CMakeFiles/my_robot_interfaces__python.dir/rosidl_generator_py/my_robot_interfaces/msg/_hardware_status_s.c.o[0m
[5.223s] [ 88%] [32mBuilding C object CMakeFiles/my_robot_interfaces__python.dir/rosidl_generator_py/my_robot_interfaces/msg/_turtle_s.c.o[0m
[5.223s] [ 88%] [32mBuilding C object CMakeFiles/my_robot_interfaces__python.dir/rosidl_generator_py/my_robot_interfaces/msg/_turtle_array_s.c.o[0m
[5.223s] [ 90%] [32mBuilding C object CMakeFiles/my_robot_interfaces__python.dir/rosidl_generator_py/my_robot_interfaces/srv/_set_led_s.c.o[0m
[5.360s] [ 91%] [32m[1mLinking C shared library rosidl_generator_py/my_robot_interfaces/libmy_robot_interfaces__python.so[0m
[5.395s] [ 91%] Built target my_robot_interfaces__python
[5.406s] [35m[1mScanning dependencies of target my_robot_interfaces__rosidl_typesupport_c__pyext[0m
[5.406s] [35m[1mScanning dependencies of target my_robot_interfaces__rosidl_typesupport_introspection_c__pyext[0m
[5.406s] [35m[1mScanning dependencies of target my_robot_interfaces__rosidl_typesupport_fastrtps_c__pyext[0m
[5.421s] [ 92%] [32mBuilding C object CMakeFiles/my_robot_interfaces__rosidl_typesupport_introspection_c__pyext.dir/rosidl_generator_py/my_robot_interfaces/_my_robot_interfaces_s.ep.rosidl_typesupport_introspection_c.c.o[0m
[5.421s] [ 95%] [32mBuilding C object CMakeFiles/my_robot_interfaces__rosidl_typesupport_fastrtps_c__pyext.dir/rosidl_generator_py/my_robot_interfaces/_my_robot_interfaces_s.ep.rosidl_typesupport_fastrtps_c.c.o[0m
[5.422s] [ 95%] [32mBuilding C object CMakeFiles/my_robot_interfaces__rosidl_typesupport_c__pyext.dir/rosidl_generator_py/my_robot_interfaces/_my_robot_interfaces_s.ep.rosidl_typesupport_c.c.o[0m
[5.515s] [100%] [32m[1mLinking CXX shared library rosidl_generator_py/my_robot_interfaces/my_robot_interfaces_s__rosidl_typesupport_fastrtps_c.cpython-38-x86_64-linux-gnu.so[0m
[5.515s] [100%] [32m[1mLinking C shared library rosidl_generator_py/my_robot_interfaces/my_robot_interfaces_s__rosidl_typesupport_introspection_c.cpython-38-x86_64-linux-gnu.so[0m
[5.515s] [100%] [32m[1mLinking C shared library rosidl_generator_py/my_robot_interfaces/my_robot_interfaces_s__rosidl_typesupport_c.cpython-38-x86_64-linux-gnu.so[0m
[5.546s] [100%] Built target my_robot_interfaces__rosidl_typesupport_introspection_c__pyext
[5.546s] [100%] Built target my_robot_interfaces__rosidl_typesupport_c__pyext
[5.573s] [100%] Built target my_robot_interfaces__rosidl_typesupport_fastrtps_c__pyext
[5.583s] Invoked command in '/home/robot/ros2_ws/ROS2_Projects/build/my_robot_interfaces' returned '0': CMAKE_PREFIX_PATH=${CMAKE_PREFIX_PATH}:/home/robot/ros2_ws/ROS2_Projects/install/my_py_pkg:/home/robot/ros2_ws/ROS2_Projects/install/catch_all_turtles:/home/robot/ros2_ws/ROS2_Projects/install/catch_all_turtle:/opt/ros/foxy /usr/bin/cmake --build /home/robot/ros2_ws/ROS2_Projects/build/my_robot_interfaces -- -j8 -l8
[5.678s] Invoking command in '/home/robot/ros2_ws/ROS2_Projects/build/my_robot_interfaces': CMAKE_PREFIX_PATH=${CMAKE_PREFIX_PATH}:/home/robot/ros2_ws/ROS2_Projects/install/my_py_pkg:/home/robot/ros2_ws/ROS2_Projects/install/catch_all_turtles:/home/robot/ros2_ws/ROS2_Projects/install/catch_all_turtle:/opt/ros/foxy /usr/bin/cmake --install /home/robot/ros2_ws/ROS2_Projects/build/my_robot_interfaces
[5.685s] -- Install configuration: ""
[5.686s] -- Execute custom install script
[5.686s] -- Up-to-date symlink: /home/robot/ros2_ws/ROS2_Projects/install/my_robot_interfaces/share/ament_index/resource_index/rosidl_interfaces/my_robot_interfaces
[5.687s] -- Up-to-date symlink: /home/robot/ros2_ws/ROS2_Projects/install/my_robot_interfaces/include/my_robot_interfaces/msg/detail/hardware_status__functions.h
[5.688s] -- Up-to-date symlink: /home/robot/ros2_ws/ROS2_Projects/install/my_robot_interfaces/include/my_robot_interfaces/msg/detail/hardware_status__struct.h
[5.688s] -- Up-to-date symlink: /home/robot/ros2_ws/ROS2_Projects/install/my_robot_interfaces/include/my_robot_interfaces/msg/detail/hardware_status__type_support.h
[5.688s] -- Up-to-date symlink: /home/robot/ros2_ws/ROS2_Projects/install/my_robot_interfaces/include/my_robot_interfaces/msg/detail/led_states__functions.h
[5.689s] -- Up-to-date symlink: /home/robot/ros2_ws/ROS2_Projects/install/my_robot_interfaces/include/my_robot_interfaces/msg/detail/led_states__struct.h
[5.689s] -- Up-to-date symlink: /home/robot/ros2_ws/ROS2_Projects/install/my_robot_interfaces/include/my_robot_interfaces/msg/detail/led_states__type_support.h
[5.689s] -- Symlinking: /home/robot/ros2_ws/ROS2_Projects/install/my_robot_interfaces/include/my_robot_interfaces/msg/detail/turtle__functions.h
[5.698s] -- Symlinking: /home/robot/ros2_ws/ROS2_Projects/install/my_robot_interfaces/include/my_robot_interfaces/msg/detail/turtle__struct.h
[5.706s] -- Symlinking: /home/robot/ros2_ws/ROS2_Projects/install/my_robot_interfaces/include/my_robot_interfaces/msg/detail/turtle__type_support.h
[5.714s] -- Symlinking: /home/robot/ros2_ws/ROS2_Projects/install/my_robot_interfaces/include/my_robot_interfaces/msg/detail/turtle_array__functions.h
[5.722s] -- Symlinking: /home/robot/ros2_ws/ROS2_Projects/install/my_robot_interfaces/include/my_robot_interfaces/msg/detail/turtle_array__struct.h
[5.730s] -- Symlinking: /home/robot/ros2_ws/ROS2_Projects/install/my_robot_interfaces/include/my_robot_interfaces/msg/detail/turtle_array__type_support.h
[5.738s] -- Up-to-date symlink: /home/robot/ros2_ws/ROS2_Projects/install/my_robot_interfaces/include/my_robot_interfaces/msg/hardware_status.h
[5.739s] -- Up-to-date symlink: /home/robot/ros2_ws/ROS2_Projects/install/my_robot_interfaces/include/my_robot_interfaces/msg/led_states.h
[5.739s] -- Up-to-date symlink: /home/robot/ros2_ws/ROS2_Projects/install/my_robot_interfaces/include/my_robot_interfaces/msg/rosidl_generator_c__visibility_control.h
[5.739s] -- Symlinking: /home/robot/ros2_ws/ROS2_Projects/install/my_robot_interfaces/include/my_robot_interfaces/msg/turtle.h
[5.747s] -- Symlinking: /home/robot/ros2_ws/ROS2_Projects/install/my_robot_interfaces/include/my_robot_interfaces/msg/turtle_array.h
[5.756s] -- Up-to-date symlink: /home/robot/ros2_ws/ROS2_Projects/install/my_robot_interfaces/include/my_robot_interfaces/srv/compute_rectangle_area.h
[5.756s] -- Up-to-date symlink: /home/robot/ros2_ws/ROS2_Projects/install/my_robot_interfaces/include/my_robot_interfaces/srv/detail/compute_rectangle_area__functions.h
[5.756s] -- Up-to-date symlink: /home/robot/ros2_ws/ROS2_Projects/install/my_robot_interfaces/include/my_robot_interfaces/srv/detail/compute_rectangle_area__struct.h
[5.757s] -- Up-to-date symlink: /home/robot/ros2_ws/ROS2_Projects/install/my_robot_interfaces/include/my_robot_interfaces/srv/detail/compute_rectangle_area__type_support.h
[5.757s] -- Up-to-date symlink: /home/robot/ros2_ws/ROS2_Projects/install/my_robot_interfaces/include/my_robot_interfaces/srv/detail/set_led__functions.h
[5.758s] -- Up-to-date symlink: /home/robot/ros2_ws/ROS2_Projects/install/my_robot_interfaces/include/my_robot_interfaces/srv/detail/set_led__struct.h
[5.758s] -- Up-to-date symlink: /home/robot/ros2_ws/ROS2_Projects/install/my_robot_interfaces/include/my_robot_interfaces/srv/detail/set_led__type_support.h
[5.758s] -- Up-to-date symlink: /home/robot/ros2_ws/ROS2_Projects/install/my_robot_interfaces/include/my_robot_interfaces/srv/set_led.h
[5.759s] -- Up-to-date symlink: /home/robot/ros2_ws/ROS2_Projects/install/my_robot_interfaces/share/my_robot_interfaces/environment/library_path.sh
[5.759s] -- Up-to-date symlink: /home/robot/ros2_ws/ROS2_Projects/install/my_robot_interfaces/share/my_robot_interfaces/environment/library_path.dsv
[5.760s] -- Up-to-date symlink: /home/robot/ros2_ws/ROS2_Projects/install/my_robot_interfaces/include/my_robot_interfaces/msg/detail/hardware_status__rosidl_typesupport_fastrtps_c.h
[5.760s] -- Up-to-date symlink: /home/robot/ros2_ws/ROS2_Projects/install/my_robot_interfaces/include/my_robot_interfaces/msg/detail/led_states__rosidl_typesupport_fastrtps_c.h
[5.760s] -- Symlinking: /home/robot/ros2_ws/ROS2_Projects/install/my_robot_interfaces/include/my_robot_interfaces/msg/detail/turtle__rosidl_typesupport_fastrtps_c.h
[5.769s] -- Symlinking: /home/robot/ros2_ws/ROS2_Projects/install/my_robot_interfaces/include/my_robot_interfaces/msg/detail/turtle_array__rosidl_typesupport_fastrtps_c.h
[5.777s] -- Up-to-date symlink: /home/robot/ros2_ws/ROS2_Projects/install/my_robot_interfaces/include/my_robot_interfaces/msg/rosidl_typesupport_fastrtps_c__visibility_control.h
[5.777s] -- Up-to-date symlink: /home/robot/ros2_ws/ROS2_Projects/install/my_robot_interfaces/include/my_robot_interfaces/srv/detail/compute_rectangle_area__rosidl_typesupport_fastrtps_c.h
[5.778s] -- Up-to-date symlink: /home/robot/ros2_ws/ROS2_Projects/install/my_robot_interfaces/include/my_robot_interfaces/srv/detail/set_led__rosidl_typesupport_fastrtps_c.h
[5.778s] -- Up-to-date symlink: /home/robot/ros2_ws/ROS2_Projects/install/my_robot_interfaces/lib/libmy_robot_interfaces__rosidl_typesupport_fastrtps_c.so
[5.779s] -- Up-to-date symlink: /home/robot/ros2_ws/ROS2_Projects/install/my_robot_interfaces/include/my_robot_interfaces/msg/detail/hardware_status__rosidl_typesupport_fastrtps_cpp.hpp
[5.780s] -- Up-to-date symlink: /home/robot/ros2_ws/ROS2_Projects/install/my_robot_interfaces/include/my_robot_interfaces/msg/detail/led_states__rosidl_typesupport_fastrtps_cpp.hpp
[5.780s] -- Symlinking: /home/robot/ros2_ws/ROS2_Projects/install/my_robot_interfaces/include/my_robot_interfaces/msg/detail/turtle__rosidl_typesupport_fastrtps_cpp.hpp
[5.788s] -- Symlinking: /home/robot/ros2_ws/ROS2_Projects/install/my_robot_interfaces/include/my_robot_interfaces/msg/detail/turtle_array__rosidl_typesupport_fastrtps_cpp.hpp
[5.796s] -- Up-to-date symlink: /home/robot/ros2_ws/ROS2_Projects/install/my_robot_interfaces/include/my_robot_interfaces/msg/rosidl_typesupport_fastrtps_cpp__visibility_control.h
[5.796s] -- Up-to-date symlink: /home/robot/ros2_ws/ROS2_Projects/install/my_robot_interfaces/include/my_robot_interfaces/srv/detail/compute_rectangle_area__rosidl_typesupport_fastrtps_cpp.hpp
[5.797s] -- Up-to-date symlink: /home/robot/ros2_ws/ROS2_Projects/install/my_robot_interfaces/include/my_robot_interfaces/srv/detail/set_led__rosidl_typesupport_fastrtps_cpp.hpp
[5.797s] -- Up-to-date symlink: /home/robot/ros2_ws/ROS2_Projects/install/my_robot_interfaces/lib/libmy_robot_interfaces__rosidl_typesupport_fastrtps_cpp.so
[5.798s] -- Up-to-date symlink: /home/robot/ros2_ws/ROS2_Projects/install/my_robot_interfaces/include/my_robot_interfaces/msg/detail/hardware_status__rosidl_typesupport_introspection_c.h
[5.799s] -- Up-to-date symlink: /home/robot/ros2_ws/ROS2_Projects/install/my_robot_interfaces/include/my_robot_interfaces/msg/detail/led_states__rosidl_typesupport_introspection_c.h
[5.799s] -- Symlinking: /home/robot/ros2_ws/ROS2_Projects/install/my_robot_interfaces/include/my_robot_interfaces/msg/detail/turtle__rosidl_typesupport_introspection_c.h
[5.807s] -- Symlinking: /home/robot/ros2_ws/ROS2_Projects/install/my_robot_interfaces/include/my_robot_interfaces/msg/detail/turtle_array__rosidl_typesupport_introspection_c.h
[5.815s] -- Up-to-date symlink: /home/robot/ros2_ws/ROS2_Projects/install/my_robot_interfaces/include/my_robot_interfaces/msg/rosidl_typesupport_introspection_c__visibility_control.h
[5.815s] -- Up-to-date symlink: /home/robot/ros2_ws/ROS2_Projects/install/my_robot_interfaces/include/my_robot_interfaces/srv/detail/compute_rectangle_area__rosidl_typesupport_introspection_c.h
[5.816s] -- Up-to-date symlink: /home/robot/ros2_ws/ROS2_Projects/install/my_robot_interfaces/include/my_robot_interfaces/srv/detail/set_led__rosidl_typesupport_introspection_c.h
[5.817s] -- Up-to-date symlink: /home/robot/ros2_ws/ROS2_Projects/install/my_robot_interfaces/include/my_robot_interfaces/msg/detail/hardware_status__builder.hpp
[5.817s] -- Up-to-date symlink: /home/robot/ros2_ws/ROS2_Projects/install/my_robot_interfaces/include/my_robot_interfaces/msg/detail/hardware_status__struct.hpp
[5.818s] -- Up-to-date symlink: /home/robot/ros2_ws/ROS2_Projects/install/my_robot_interfaces/include/my_robot_interfaces/msg/detail/hardware_status__traits.hpp
[5.818s] -- Up-to-date symlink: /home/robot/ros2_ws/ROS2_Projects/install/my_robot_interfaces/include/my_robot_interfaces/msg/detail/led_states__builder.hpp
[5.818s] -- Up-to-date symlink: /home/robot/ros2_ws/ROS2_Projects/install/my_robot_interfaces/include/my_robot_interfaces/msg/detail/led_states__struct.hpp
[5.819s] -- Up-to-date symlink: /home/robot/ros2_ws/ROS2_Projects/install/my_robot_interfaces/include/my_robot_interfaces/msg/detail/led_states__traits.hpp
[5.819s] -- Symlinking: /home/robot/ros2_ws/ROS2_Projects/install/my_robot_interfaces/include/my_robot_interfaces/msg/detail/turtle__builder.hpp
[5.827s] -- Symlinking: /home/robot/ros2_ws/ROS2_Projects/install/my_robot_interfaces/include/my_robot_interfaces/msg/detail/turtle__struct.hpp
[5.835s] -- Symlinking: /home/robot/ros2_ws/ROS2_Projects/install/my_robot_interfaces/include/my_robot_interfaces/msg/detail/turtle__traits.hpp
[5.843s] -- Symlinking: /home/robot/ros2_ws/ROS2_Projects/install/my_robot_interfaces/include/my_robot_interfaces/msg/detail/turtle_array__builder.hpp
[5.852s] -- Symlinking: /home/robot/ros2_ws/ROS2_Projects/install/my_robot_interfaces/include/my_robot_interfaces/msg/detail/turtle_array__struct.hpp
[5.860s] -- Symlinking: /home/robot/ros2_ws/ROS2_Projects/install/my_robot_interfaces/include/my_robot_interfaces/msg/detail/turtle_array__traits.hpp
[5.868s] -- Up-to-date symlink: /home/robot/ros2_ws/ROS2_Projects/install/my_robot_interfaces/include/my_robot_interfaces/msg/hardware_status.hpp
[5.869s] -- Up-to-date symlink: /home/robot/ros2_ws/ROS2_Projects/install/my_robot_interfaces/include/my_robot_interfaces/msg/led_states.hpp
[5.869s] -- Symlinking: /home/robot/ros2_ws/ROS2_Projects/install/my_robot_interfaces/include/my_robot_interfaces/msg/turtle.hpp
[5.877s] -- Symlinking: /home/robot/ros2_ws/ROS2_Projects/install/my_robot_interfaces/include/my_robot_interfaces/msg/turtle_array.hpp
[5.886s] -- Up-to-date symlink: /home/robot/ros2_ws/ROS2_Projects/install/my_robot_interfaces/include/my_robot_interfaces/srv/compute_rectangle_area.hpp
[5.886s] -- Up-to-date symlink: /home/robot/ros2_ws/ROS2_Projects/install/my_robot_interfaces/include/my_robot_interfaces/srv/detail/compute_rectangle_area__builder.hpp
[5.887s] -- Up-to-date symlink: /home/robot/ros2_ws/ROS2_Projects/install/my_robot_interfaces/include/my_robot_interfaces/srv/detail/compute_rectangle_area__struct.hpp
[5.887s] -- Up-to-date symlink: /home/robot/ros2_ws/ROS2_Projects/install/my_robot_interfaces/include/my_robot_interfaces/srv/detail/compute_rectangle_area__traits.hpp
[5.887s] -- Up-to-date symlink: /home/robot/ros2_ws/ROS2_Projects/install/my_robot_interfaces/include/my_robot_interfaces/srv/detail/set_led__builder.hpp
[5.888s] -- Up-to-date symlink: /home/robot/ros2_ws/ROS2_Projects/install/my_robot_interfaces/include/my_robot_interfaces/srv/detail/set_led__struct.hpp
[5.888s] -- Up-to-date symlink: /home/robot/ros2_ws/ROS2_Projects/install/my_robot_interfaces/include/my_robot_interfaces/srv/detail/set_led__traits.hpp
[5.889s] -- Up-to-date symlink: /home/robot/ros2_ws/ROS2_Projects/install/my_robot_interfaces/include/my_robot_interfaces/srv/set_led.hpp
[5.890s] -- Up-to-date symlink: /home/robot/ros2_ws/ROS2_Projects/install/my_robot_interfaces/include/my_robot_interfaces/msg/detail/hardware_status__rosidl_typesupport_introspection_cpp.hpp
[5.890s] -- Up-to-date symlink: /home/robot/ros2_ws/ROS2_Projects/install/my_robot_interfaces/include/my_robot_interfaces/msg/detail/led_states__rosidl_typesupport_introspection_cpp.hpp
[5.890s] -- Symlinking: /home/robot/ros2_ws/ROS2_Projects/install/my_robot_interfaces/include/my_robot_interfaces/msg/detail/turtle__rosidl_typesupport_introspection_cpp.hpp
[5.898s] -- Symlinking: /home/robot/ros2_ws/ROS2_Projects/install/my_robot_interfaces/include/my_robot_interfaces/msg/detail/turtle_array__rosidl_typesupport_introspection_cpp.hpp
[5.907s] -- Up-to-date symlink: /home/robot/ros2_ws/ROS2_Projects/install/my_robot_interfaces/include/my_robot_interfaces/srv/detail/compute_rectangle_area__rosidl_typesupport_introspection_cpp.hpp
[5.907s] -- Up-to-date symlink: /home/robot/ros2_ws/ROS2_Projects/install/my_robot_interfaces/include/my_robot_interfaces/srv/detail/set_led__rosidl_typesupport_introspection_cpp.hpp
[5.908s] -- Up-to-date symlink: /home/robot/ros2_ws/ROS2_Projects/install/my_robot_interfaces/share/my_robot_interfaces/environment/pythonpath.sh
[5.908s] -- Up-to-date symlink: /home/robot/ros2_ws/ROS2_Projects/install/my_robot_interfaces/share/my_robot_interfaces/environment/pythonpath.dsv
[5.908s] -- Up-to-date symlink: /home/robot/ros2_ws/ROS2_Projects/install/my_robot_interfaces/lib/python3.8/site-packages/my_robot_interfaces/__init__.py
[5.909s] -- Up-to-date symlink: /home/robot/ros2_ws/ROS2_Projects/install/my_robot_interfaces/lib/python3.8/site-packages/my_robot_interfaces/msg/__init__.py
[5.909s] -- Up-to-date symlink: /home/robot/ros2_ws/ROS2_Projects/install/my_robot_interfaces/lib/python3.8/site-packages/my_robot_interfaces/msg/_hardware_status.py
[5.909s] -- Up-to-date symlink: /home/robot/ros2_ws/ROS2_Projects/install/my_robot_interfaces/lib/python3.8/site-packages/my_robot_interfaces/msg/_led_states.py
[5.909s] -- Symlinking: /home/robot/ros2_ws/ROS2_Projects/install/my_robot_interfaces/lib/python3.8/site-packages/my_robot_interfaces/msg/_turtle.py
[5.918s] -- Symlinking: /home/robot/ros2_ws/ROS2_Projects/install/my_robot_interfaces/lib/python3.8/site-packages/my_robot_interfaces/msg/_turtle_array.py
[5.926s] -- Up-to-date symlink: /home/robot/ros2_ws/ROS2_Projects/install/my_robot_interfaces/lib/python3.8/site-packages/my_robot_interfaces/srv/__init__.py
[5.927s] -- Up-to-date symlink: /home/robot/ros2_ws/ROS2_Projects/install/my_robot_interfaces/lib/python3.8/site-packages/my_robot_interfaces/srv/_compute_rectangle_area.py
[5.927s] -- Up-to-date symlink: /home/robot/ros2_ws/ROS2_Projects/install/my_robot_interfaces/lib/python3.8/site-packages/my_robot_interfaces/srv/_set_led.py
[5.927s] -- Up-to-date symlink: /home/robot/ros2_ws/ROS2_Projects/install/my_robot_interfaces/lib/python3.8/site-packages/my_robot_interfaces/my_robot_interfaces_s__rosidl_typesupport_fastrtps_c.cpython-38-x86_64-linux-gnu.so
[5.928s] -- Up-to-date symlink: /home/robot/ros2_ws/ROS2_Projects/install/my_robot_interfaces/lib/python3.8/site-packages/my_robot_interfaces/my_robot_interfaces_s__rosidl_typesupport_introspection_c.cpython-38-x86_64-linux-gnu.so
[5.928s] -- Up-to-date symlink: /home/robot/ros2_ws/ROS2_Projects/install/my_robot_interfaces/lib/python3.8/site-packages/my_robot_interfaces/my_robot_interfaces_s__rosidl_typesupport_c.cpython-38-x86_64-linux-gnu.so
[5.928s] -- Up-to-date symlink: /home/robot/ros2_ws/ROS2_Projects/install/my_robot_interfaces/lib/libmy_robot_interfaces__python.so
[5.929s] -- Up-to-date symlink: /home/robot/ros2_ws/ROS2_Projects/install/my_robot_interfaces/share/my_robot_interfaces/msg/HardwareStatus.idl
[5.929s] -- Up-to-date symlink: /home/robot/ros2_ws/ROS2_Projects/install/my_robot_interfaces/share/my_robot_interfaces/srv/ComputeRectangleArea.idl
[5.929s] -- Up-to-date symlink: /home/robot/ros2_ws/ROS2_Projects/install/my_robot_interfaces/share/my_robot_interfaces/msg/LedStates.idl
[5.930s] -- Symlinking: /home/robot/ros2_ws/ROS2_Projects/install/my_robot_interfaces/share/my_robot_interfaces/msg/Turtle.idl
[5.938s] -- Symlinking: /home/robot/ros2_ws/ROS2_Projects/install/my_robot_interfaces/share/my_robot_interfaces/msg/TurtleArray.idl
[5.946s] -- Up-to-date symlink: /home/robot/ros2_ws/ROS2_Projects/install/my_robot_interfaces/share/my_robot_interfaces/srv/SetLed.idl
[5.947s] -- Up-to-date symlink: /home/robot/ros2_ws/ROS2_Projects/install/my_robot_interfaces/share/my_robot_interfaces/msg/HardwareStatus.msg
[5.947s] -- Up-to-date symlink: /home/robot/ros2_ws/ROS2_Projects/install/my_robot_interfaces/share/my_robot_interfaces/srv/ComputeRectangleArea.srv
[5.947s] -- Up-to-date symlink: /home/robot/ros2_ws/ROS2_Projects/install/my_robot_interfaces/share/my_robot_interfaces/srv/ComputeRectangleArea_Request.msg
[5.948s] -- Up-to-date symlink: /home/robot/ros2_ws/ROS2_Projects/install/my_robot_interfaces/share/my_robot_interfaces/srv/ComputeRectangleArea_Response.msg
[5.948s] -- Up-to-date symlink: /home/robot/ros2_ws/ROS2_Projects/install/my_robot_interfaces/share/my_robot_interfaces/msg/LedStates.msg
[5.948s] -- Symlinking: /home/robot/ros2_ws/ROS2_Projects/install/my_robot_interfaces/share/my_robot_interfaces/msg/Turtle.msg
[5.956s] -- Symlinking: /home/robot/ros2_ws/ROS2_Projects/install/my_robot_interfaces/share/my_robot_interfaces/msg/TurtleArray.msg
[5.965s] -- Up-to-date symlink: /home/robot/ros2_ws/ROS2_Projects/install/my_robot_interfaces/share/my_robot_interfaces/srv/SetLed.srv
[5.965s] -- Up-to-date symlink: /home/robot/ros2_ws/ROS2_Projects/install/my_robot_interfaces/share/my_robot_interfaces/srv/SetLed_Request.msg
[5.965s] -- Up-to-date symlink: /home/robot/ros2_ws/ROS2_Projects/install/my_robot_interfaces/share/my_robot_interfaces/srv/SetLed_Response.msg
[5.965s] -- Up-to-date symlink: /home/robot/ros2_ws/ROS2_Projects/install/my_robot_interfaces/share/ament_index/resource_index/package_run_dependencies/my_robot_interfaces
[5.966s] -- Up-to-date symlink: /home/robot/ros2_ws/ROS2_Projects/install/my_robot_interfaces/share/ament_index/resource_index/parent_prefix_path/my_robot_interfaces
[5.966s] -- Up-to-date symlink: /home/robot/ros2_ws/ROS2_Projects/install/my_robot_interfaces/share/my_robot_interfaces/environment/ament_prefix_path.sh
[5.966s] -- Up-to-date symlink: /home/robot/ros2_ws/ROS2_Projects/install/my_robot_interfaces/share/my_robot_interfaces/environment/ament_prefix_path.dsv
[5.966s] -- Up-to-date symlink: /home/robot/ros2_ws/ROS2_Projects/install/my_robot_interfaces/share/my_robot_interfaces/environment/path.sh
[5.967s] -- Up-to-date symlink: /home/robot/ros2_ws/ROS2_Projects/install/my_robot_interfaces/share/my_robot_interfaces/environment/path.dsv
[5.967s] -- Up-to-date symlink: /home/robot/ros2_ws/ROS2_Projects/install/my_robot_interfaces/share/my_robot_interfaces/local_setup.bash
[5.967s] -- Up-to-date symlink: /home/robot/ros2_ws/ROS2_Projects/install/my_robot_interfaces/share/my_robot_interfaces/local_setup.sh
[5.967s] -- Up-to-date symlink: /home/robot/ros2_ws/ROS2_Projects/install/my_robot_interfaces/share/my_robot_interfaces/local_setup.zsh
[5.968s] -- Up-to-date symlink: /home/robot/ros2_ws/ROS2_Projects/install/my_robot_interfaces/share/my_robot_interfaces/local_setup.dsv
[5.968s] -- Symlinking: /home/robot/ros2_ws/ROS2_Projects/install/my_robot_interfaces/share/my_robot_interfaces/package.dsv
[5.977s] -- Up-to-date symlink: /home/robot/ros2_ws/ROS2_Projects/install/my_robot_interfaces/share/ament_index/resource_index/packages/my_robot_interfaces
[5.977s] -- Up-to-date symlink: /home/robot/ros2_ws/ROS2_Projects/install/my_robot_interfaces/share/my_robot_interfaces/cmake/rosidl_cmake-extras.cmake
[5.977s] -- Up-to-date symlink: /home/robot/ros2_ws/ROS2_Projects/install/my_robot_interfaces/share/my_robot_interfaces/cmake/ament_cmake_export_dependencies-extras.cmake
[5.977s] -- Up-to-date symlink: /home/robot/ros2_ws/ROS2_Projects/install/my_robot_interfaces/share/my_robot_interfaces/cmake/ament_cmake_export_libraries-extras.cmake
[5.977s] -- Up-to-date symlink: /home/robot/ros2_ws/ROS2_Projects/install/my_robot_interfaces/share/my_robot_interfaces/cmake/ament_cmake_export_targets-extras.cmake
[5.978s] -- Up-to-date symlink: /home/robot/ros2_ws/ROS2_Projects/install/my_robot_interfaces/share/my_robot_interfaces/cmake/ament_cmake_export_include_directories-extras.cmake
[5.978s] -- Up-to-date symlink: /home/robot/ros2_ws/ROS2_Projects/install/my_robot_interfaces/share/my_robot_interfaces/cmake/rosidl_cmake_export_typesupport_libraries-extras.cmake
[5.978s] -- Up-to-date symlink: /home/robot/ros2_ws/ROS2_Projects/install/my_robot_interfaces/share/my_robot_interfaces/cmake/rosidl_cmake_export_typesupport_targets-extras.cmake
[5.978s] -- Up-to-date symlink: /home/robot/ros2_ws/ROS2_Projects/install/my_robot_interfaces/share/my_robot_interfaces/cmake/my_robot_interfacesConfig.cmake
[5.979s] -- Up-to-date symlink: /home/robot/ros2_ws/ROS2_Projects/install/my_robot_interfaces/share/my_robot_interfaces/cmake/my_robot_interfacesConfig-version.cmake
[5.979s] -- Up-to-date symlink: /home/robot/ros2_ws/ROS2_Projects/install/my_robot_interfaces/share/my_robot_interfaces/package.xml
[5.980s] -- Installing: /home/robot/ros2_ws/ROS2_Projects/install/my_robot_interfaces/lib/libmy_robot_interfaces__rosidl_generator_c.so
[5.980s] -- Set runtime path of "/home/robot/ros2_ws/ROS2_Projects/install/my_robot_interfaces/lib/libmy_robot_interfaces__rosidl_generator_c.so" to ""
[5.980s] -- Installing: /home/robot/ros2_ws/ROS2_Projects/install/my_robot_interfaces/lib/libmy_robot_interfaces__rosidl_typesupport_introspection_c.so
[5.981s] -- Set runtime path of "/home/robot/ros2_ws/ROS2_Projects/install/my_robot_interfaces/lib/libmy_robot_interfaces__rosidl_typesupport_introspection_c.so" to ""
[5.981s] -- Installing: /home/robot/ros2_ws/ROS2_Projects/install/my_robot_interfaces/lib/libmy_robot_interfaces__rosidl_typesupport_c.so
[5.982s] -- Set runtime path of "/home/robot/ros2_ws/ROS2_Projects/install/my_robot_interfaces/lib/libmy_robot_interfaces__rosidl_typesupport_c.so" to ""
[5.983s] -- Installing: /home/robot/ros2_ws/ROS2_Projects/install/my_robot_interfaces/lib/libmy_robot_interfaces__rosidl_typesupport_introspection_cpp.so
[5.983s] -- Set runtime path of "/home/robot/ros2_ws/ROS2_Projects/install/my_robot_interfaces/lib/libmy_robot_interfaces__rosidl_typesupport_introspection_cpp.so" to ""
[5.984s] -- Installing: /home/robot/ros2_ws/ROS2_Projects/install/my_robot_interfaces/lib/libmy_robot_interfaces__rosidl_typesupport_cpp.so
[5.984s] -- Set runtime path of "/home/robot/ros2_ws/ROS2_Projects/install/my_robot_interfaces/lib/libmy_robot_interfaces__rosidl_typesupport_cpp.so" to ""
[6.016s] Compiling '/home/robot/ros2_ws/ROS2_Projects/install/my_robot_interfaces/lib/python3.8/site-packages/my_robot_interfaces/__init__.py'...
[6.021s] -- Up-to-date: /home/robot/ros2_ws/ROS2_Projects/install/my_robot_interfaces/share/my_robot_interfaces/cmake/my_robot_interfaces__rosidl_generator_cExport.cmake
[6.021s] -- Installing: /home/robot/ros2_ws/ROS2_Projects/install/my_robot_interfaces/share/my_robot_interfaces/cmake/my_robot_interfaces__rosidl_generator_cExport-noconfig.cmake
[6.021s] -- Up-to-date: /home/robot/ros2_ws/ROS2_Projects/install/my_robot_interfaces/share/my_robot_interfaces/cmake/my_robot_interfaces__rosidl_typesupport_introspection_cExport.cmake
[6.021s] -- Installing: /home/robot/ros2_ws/ROS2_Projects/install/my_robot_interfaces/share/my_robot_interfaces/cmake/my_robot_interfaces__rosidl_typesupport_introspection_cExport-noconfig.cmake
[6.022s] -- Up-to-date: /home/robot/ros2_ws/ROS2_Projects/install/my_robot_interfaces/share/my_robot_interfaces/cmake/my_robot_interfaces__rosidl_typesupport_cExport.cmake
[6.022s] -- Installing: /home/robot/ros2_ws/ROS2_Projects/install/my_robot_interfaces/share/my_robot_interfaces/cmake/my_robot_interfaces__rosidl_typesupport_cExport-noconfig.cmake
[6.022s] -- Up-to-date: /home/robot/ros2_ws/ROS2_Projects/install/my_robot_interfaces/share/my_robot_interfaces/cmake/my_robot_interfaces__rosidl_generator_cppExport.cmake
[6.023s] -- Up-to-date: /home/robot/ros2_ws/ROS2_Projects/install/my_robot_interfaces/share/my_robot_interfaces/cmake/my_robot_interfaces__rosidl_typesupport_introspection_cppExport.cmake
[6.023s] -- Installing: /home/robot/ros2_ws/ROS2_Projects/install/my_robot_interfaces/share/my_robot_interfaces/cmake/my_robot_interfaces__rosidl_typesupport_introspection_cppExport-noconfig.cmake
[6.023s] -- Up-to-date: /home/robot/ros2_ws/ROS2_Projects/install/my_robot_interfaces/share/my_robot_interfaces/cmake/my_robot_interfaces__rosidl_typesupport_cppExport.cmake
[6.023s] -- Installing: /home/robot/ros2_ws/ROS2_Projects/install/my_robot_interfaces/share/my_robot_interfaces/cmake/my_robot_interfaces__rosidl_typesupport_cppExport-noconfig.cmake
[6.026s] Invoked command in '/home/robot/ros2_ws/ROS2_Projects/build/my_robot_interfaces' returned '0': CMAKE_PREFIX_PATH=${CMAKE_PREFIX_PATH}:/home/robot/ros2_ws/ROS2_Projects/install/my_py_pkg:/home/robot/ros2_ws/ROS2_Projects/install/catch_all_turtles:/home/robot/ros2_ws/ROS2_Projects/install/catch_all_turtle:/opt/ros/foxy /usr/bin/cmake --install /home/robot/ros2_ws/ROS2_Projects/build/my_robot_interfaces
