[0.659s] Invoking command in '/home/robot/ros2_ws/build/my_py_pkg': PYTHONPATH=/home/robot/ros2_ws/install/my_py_pkg/lib/python3.8/site-packages:${PYTHONPATH} /usr/bin/python3 setup.py develop --prefix /home/robot/ros2_ws/install/my_py_pkg --editable --build-directory /home/robot/ros2_ws/build/my_py_pkg/build --no-deps install_data --install-dir /home/robot/ros2_ws/install/my_py_pkg
[0.866s] running develop
[0.985s] running egg_info
[0.986s] writing my_py_pkg.egg-info/PKG-INFO
[0.986s] writing dependency_links to my_py_pkg.egg-info/dependency_links.txt
[0.986s] writing entry points to my_py_pkg.egg-info/entry_points.txt
[0.986s] writing requirements to my_py_pkg.egg-info/requires.txt
[0.986s] writing top-level names to my_py_pkg.egg-info/top_level.txt
[1.014s] reading manifest file 'my_py_pkg.egg-info/SOURCES.txt'
[1.015s] writing manifest file 'my_py_pkg.egg-info/SOURCES.txt'
[1.042s] running build_ext
[1.043s] Creating /home/robot/ros2_ws/install/my_py_pkg/lib/python3.8/site-packages/my-py-pkg.egg-link (link to .)
[1.044s] Installing num_publisher script to /home/robot/ros2_ws/install/my_py_pkg/lib/my_py_pkg
[1.044s] Installing py_node script to /home/robot/ros2_ws/install/my_py_pkg/lib/my_py_pkg
[1.044s] Installing robot_news_station script to /home/robot/ros2_ws/install/my_py_pkg/lib/my_py_pkg
[1.045s] Installing smartphone script to /home/robot/ros2_ws/install/my_py_pkg/lib/my_py_pkg
[1.045s] 
[1.045s] Installed /home/robot/ros2_ws/build/my_py_pkg
[1.045s] running install_data
[1.070s] Invoked command in '/home/robot/ros2_ws/build/my_py_pkg' returned '0': PYTHONPATH=/home/robot/ros2_ws/install/my_py_pkg/lib/python3.8/site-packages:${PYTHONPATH} /usr/bin/python3 setup.py develop --prefix /home/robot/ros2_ws/install/my_py_pkg --editable --build-directory /home/robot/ros2_ws/build/my_py_pkg/build --no-deps install_data --install-dir /home/robot/ros2_ws/install/my_py_pkg
