[0.014s] Invoking command in '/home/robot/ros2_ws/ROS2_Projects/build/my_robot_interfaces': CMAKE_PREFIX_PATH=/home/robot/ros2_ws/ROS2_Projects/install/my_py_pkg:/opt/ros/foxy /usr/bin/cmake --build /home/robot/ros2_ws/ROS2_Projects/build/my_robot_interfaces -- -j8 -l8
[0.036s] -- Found ament_cmake: 0.9.9 (/opt/ros/foxy/share/ament_cmake/cmake)
[0.061s] -- Found PythonInterp: /usr/bin/python3 (found suitable version "3.8.10", minimum required is "3") 
[0.061s] -- Using PYTHON_EXECUTABLE: /usr/bin/python3
[0.224s] -- Found rosidl_default_generators: 1.0.1 (/opt/ros/foxy/share/rosidl_default_generators/cmake)
[0.226s] -- Using all available rosidl_typesupport_c: rosidl_typesupport_fastrtps_c;rosidl_typesupport_introspection_c
[0.229s] -- Found rosidl_adapter: 1.2.1 (/opt/ros/foxy/share/rosidl_adapter/cmake)
[0.339s] -- Using all available rosidl_typesupport_cpp: rosidl_typesupport_fastrtps_cpp;rosidl_typesupport_introspection_cpp
[0.379s] -- Found PythonInterp: /usr/bin/python3 (found version "3.8.10") 
[0.491s] -- Found ament_cmake_ros: 0.9.2 (/opt/ros/foxy/share/ament_cmake_ros/cmake)
[0.571s] -- Using all available rosidl_typesupport_c: rosidl_typesupport_fastrtps_c;rosidl_typesupport_introspection_c
[0.576s] -- Using all available rosidl_typesupport_cpp: rosidl_typesupport_fastrtps_cpp;rosidl_typesupport_introspection_cpp
[0.599s] -- Found PythonInterp: /usr/bin/python3 (found suitable version "3.8.10", minimum required is "3.5") 
[0.599s] -- Found python_cmake_module: 0.8.1 (/opt/ros/foxy/share/python_cmake_module/cmake)
[0.622s] -- Using PYTHON_EXECUTABLE: /usr/bin/python3
[0.622s] -- Using PYTHON_INCLUDE_DIRS: /usr/include/python3.8
[0.622s] -- Using PYTHON_LIBRARIES: /usr/lib/x86_64-linux-gnu/libpython3.8.so
[0.639s] -- Configuring done
[0.661s] -- Generating done
[0.664s] -- Build files have been written to: /home/robot/ros2_ws/ROS2_Projects/build/my_robot_interfaces
[0.695s] [  6%] Built target my_robot_interfaces__cpp
[0.695s] [ 12%] Built target my_robot_interfaces__rosidl_generator_c
[0.714s] [ 22%] Built target my_robot_interfaces__rosidl_typesupport_introspection_c
[0.714s] [ 32%] Built target my_robot_interfaces__rosidl_typesupport_introspection_cpp
[0.715s] [ 41%] Built target my_robot_interfaces__rosidl_typesupport_c
[0.718s] [ 51%] Built target my_robot_interfaces__rosidl_typesupport_cpp
[0.723s] [ 61%] Built target my_robot_interfaces__rosidl_typesupport_fastrtps_cpp
[0.745s] [ 70%] Built target my_robot_interfaces__rosidl_typesupport_fastrtps_c
[0.763s] [ 70%] Built target my_robot_interfaces
[0.781s] [ 74%] Built target my_robot_interfaces__py
[0.803s] [ 80%] Built target my_robot_interfaces__python
[0.827s] [100%] Built target my_robot_interfaces__rosidl_typesupport_fastrtps_c__pyext
[0.827s] [100%] Built target my_robot_interfaces__rosidl_typesupport_introspection_c__pyext
[0.827s] [100%] Built target my_robot_interfaces__rosidl_typesupport_c__pyext
[0.838s] Invoked command in '/home/robot/ros2_ws/ROS2_Projects/build/my_robot_interfaces' returned '0': CMAKE_PREFIX_PATH=/home/robot/ros2_ws/ROS2_Projects/install/my_py_pkg:/opt/ros/foxy /usr/bin/cmake --build /home/robot/ros2_ws/ROS2_Projects/build/my_robot_interfaces -- -j8 -l8
[0.885s] Invoking command in '/home/robot/ros2_ws/ROS2_Projects/build/my_robot_interfaces': CMAKE_PREFIX_PATH=/home/robot/ros2_ws/ROS2_Projects/install/my_py_pkg:/opt/ros/foxy /usr/bin/cmake --install /home/robot/ros2_ws/ROS2_Projects/build/my_robot_interfaces
[0.893s] -- Install configuration: ""
[0.893s] -- Up-to-date: /home/robot/ros2_ws/ROS2_Projects/install/my_robot_interfaces/share/ament_index/resource_index/rosidl_interfaces/my_robot_interfaces
[0.893s] -- Up-to-date: /home/robot/ros2_ws/ROS2_Projects/install/my_robot_interfaces/include/my_robot_interfaces
[0.893s] -- Up-to-date: /home/robot/ros2_ws/ROS2_Projects/install/my_robot_interfaces/include/my_robot_interfaces/msg
[0.893s] -- Up-to-date: /home/robot/ros2_ws/ROS2_Projects/install/my_robot_interfaces/include/my_robot_interfaces/msg/rosidl_generator_c__visibility_control.h
[0.894s] -- Up-to-date: /home/robot/ros2_ws/ROS2_Projects/install/my_robot_interfaces/include/my_robot_interfaces/msg/hardware_status.h
[0.894s] -- Up-to-date: /home/robot/ros2_ws/ROS2_Projects/install/my_robot_interfaces/include/my_robot_interfaces/msg/detail
[0.894s] -- Up-to-date: /home/robot/ros2_ws/ROS2_Projects/install/my_robot_interfaces/include/my_robot_interfaces/msg/detail/hardware_status__functions.c
[0.894s] -- Up-to-date: /home/robot/ros2_ws/ROS2_Projects/install/my_robot_interfaces/include/my_robot_interfaces/msg/detail/hardware_status__struct.h
[0.894s] -- Up-to-date: /home/robot/ros2_ws/ROS2_Projects/install/my_robot_interfaces/include/my_robot_interfaces/msg/detail/hardware_status__type_support.h
[0.894s] -- Up-to-date: /home/robot/ros2_ws/ROS2_Projects/install/my_robot_interfaces/include/my_robot_interfaces/msg/detail/hardware_status__functions.h
[0.894s] -- Up-to-date: /home/robot/ros2_ws/ROS2_Projects/install/my_robot_interfaces/share/my_robot_interfaces/environment/library_path.sh
[0.894s] -- Installing: /home/robot/ros2_ws/ROS2_Projects/install/my_robot_interfaces/share/my_robot_interfaces/environment/library_path.dsv
[0.894s] -- Up-to-date: /home/robot/ros2_ws/ROS2_Projects/install/my_robot_interfaces/lib/libmy_robot_interfaces__rosidl_generator_c.so
[0.894s] -- Up-to-date: /home/robot/ros2_ws/ROS2_Projects/install/my_robot_interfaces/include/my_robot_interfaces
[0.894s] -- Up-to-date: /home/robot/ros2_ws/ROS2_Projects/install/my_robot_interfaces/include/my_robot_interfaces/msg
[0.894s] -- Up-to-date: /home/robot/ros2_ws/ROS2_Projects/install/my_robot_interfaces/include/my_robot_interfaces/msg/rosidl_typesupport_fastrtps_c__visibility_control.h
[0.895s] -- Up-to-date: /home/robot/ros2_ws/ROS2_Projects/install/my_robot_interfaces/include/my_robot_interfaces/msg/detail
[0.895s] -- Up-to-date: /home/robot/ros2_ws/ROS2_Projects/install/my_robot_interfaces/include/my_robot_interfaces/msg/detail/hardware_status__rosidl_typesupport_fastrtps_c.h
[0.895s] -- Up-to-date: /home/robot/ros2_ws/ROS2_Projects/install/my_robot_interfaces/lib/libmy_robot_interfaces__rosidl_typesupport_fastrtps_c.so
[0.895s] -- Up-to-date: /home/robot/ros2_ws/ROS2_Projects/install/my_robot_interfaces/include/my_robot_interfaces
[0.895s] -- Up-to-date: /home/robot/ros2_ws/ROS2_Projects/install/my_robot_interfaces/include/my_robot_interfaces/msg
[0.895s] -- Up-to-date: /home/robot/ros2_ws/ROS2_Projects/install/my_robot_interfaces/include/my_robot_interfaces/msg/rosidl_typesupport_fastrtps_cpp__visibility_control.h
[0.895s] -- Up-to-date: /home/robot/ros2_ws/ROS2_Projects/install/my_robot_interfaces/include/my_robot_interfaces/msg/detail
[0.895s] -- Up-to-date: /home/robot/ros2_ws/ROS2_Projects/install/my_robot_interfaces/include/my_robot_interfaces/msg/detail/dds_fastrtps
[0.895s] -- Up-to-date: /home/robot/ros2_ws/ROS2_Projects/install/my_robot_interfaces/include/my_robot_interfaces/msg/detail/hardware_status__rosidl_typesupport_fastrtps_cpp.hpp
[0.895s] -- Up-to-date: /home/robot/ros2_ws/ROS2_Projects/install/my_robot_interfaces/lib/libmy_robot_interfaces__rosidl_typesupport_fastrtps_cpp.so
[0.895s] -- Up-to-date: /home/robot/ros2_ws/ROS2_Projects/install/my_robot_interfaces/include/my_robot_interfaces
[0.896s] -- Up-to-date: /home/robot/ros2_ws/ROS2_Projects/install/my_robot_interfaces/include/my_robot_interfaces/msg
[0.896s] -- Up-to-date: /home/robot/ros2_ws/ROS2_Projects/install/my_robot_interfaces/include/my_robot_interfaces/msg/rosidl_typesupport_introspection_c__visibility_control.h
[0.896s] -- Up-to-date: /home/robot/ros2_ws/ROS2_Projects/install/my_robot_interfaces/include/my_robot_interfaces/msg/detail
[0.896s] -- Up-to-date: /home/robot/ros2_ws/ROS2_Projects/install/my_robot_interfaces/include/my_robot_interfaces/msg/detail/hardware_status__type_support.c
[0.896s] -- Up-to-date: /home/robot/ros2_ws/ROS2_Projects/install/my_robot_interfaces/include/my_robot_interfaces/msg/detail/hardware_status__rosidl_typesupport_introspection_c.h
[0.896s] -- Up-to-date: /home/robot/ros2_ws/ROS2_Projects/install/my_robot_interfaces/lib/libmy_robot_interfaces__rosidl_typesupport_introspection_c.so
[0.896s] -- Up-to-date: /home/robot/ros2_ws/ROS2_Projects/install/my_robot_interfaces/lib/libmy_robot_interfaces__rosidl_typesupport_c.so
[0.896s] -- Up-to-date: /home/robot/ros2_ws/ROS2_Projects/install/my_robot_interfaces/include/my_robot_interfaces
[0.896s] -- Up-to-date: /home/robot/ros2_ws/ROS2_Projects/install/my_robot_interfaces/include/my_robot_interfaces/msg
[0.896s] -- Up-to-date: /home/robot/ros2_ws/ROS2_Projects/install/my_robot_interfaces/include/my_robot_interfaces/msg/hardware_status.hpp
[0.897s] -- Up-to-date: /home/robot/ros2_ws/ROS2_Projects/install/my_robot_interfaces/include/my_robot_interfaces/msg/detail
[0.897s] -- Up-to-date: /home/robot/ros2_ws/ROS2_Projects/install/my_robot_interfaces/include/my_robot_interfaces/msg/detail/hardware_status__builder.hpp
[0.897s] -- Up-to-date: /home/robot/ros2_ws/ROS2_Projects/install/my_robot_interfaces/include/my_robot_interfaces/msg/detail/hardware_status__struct.hpp
[0.897s] -- Up-to-date: /home/robot/ros2_ws/ROS2_Projects/install/my_robot_interfaces/include/my_robot_interfaces/msg/detail/hardware_status__traits.hpp
[0.897s] -- Up-to-date: /home/robot/ros2_ws/ROS2_Projects/install/my_robot_interfaces/include/my_robot_interfaces
[0.897s] -- Up-to-date: /home/robot/ros2_ws/ROS2_Projects/install/my_robot_interfaces/include/my_robot_interfaces/msg
[0.897s] -- Up-to-date: /home/robot/ros2_ws/ROS2_Projects/install/my_robot_interfaces/include/my_robot_interfaces/msg/detail
[0.897s] -- Up-to-date: /home/robot/ros2_ws/ROS2_Projects/install/my_robot_interfaces/include/my_robot_interfaces/msg/detail/hardware_status__rosidl_typesupport_introspection_cpp.hpp
[0.897s] -- Up-to-date: /home/robot/ros2_ws/ROS2_Projects/install/my_robot_interfaces/include/my_robot_interfaces/msg/detail/hardware_status__type_support.cpp
[0.897s] -- Up-to-date: /home/robot/ros2_ws/ROS2_Projects/install/my_robot_interfaces/lib/libmy_robot_interfaces__rosidl_typesupport_introspection_cpp.so
[0.897s] -- Up-to-date: /home/robot/ros2_ws/ROS2_Projects/install/my_robot_interfaces/lib/libmy_robot_interfaces__rosidl_typesupport_cpp.so
[0.897s] -- Up-to-date: /home/robot/ros2_ws/ROS2_Projects/install/my_robot_interfaces/share/my_robot_interfaces/environment/pythonpath.sh
[0.897s] -- Installing: /home/robot/ros2_ws/ROS2_Projects/install/my_robot_interfaces/share/my_robot_interfaces/environment/pythonpath.dsv
[0.898s] -- Installing: /home/robot/ros2_ws/ROS2_Projects/install/my_robot_interfaces/lib/python3.8/site-packages/my_robot_interfaces/__init__.py
[0.926s] Compiling '/home/robot/ros2_ws/ROS2_Projects/install/my_robot_interfaces/lib/python3.8/site-packages/my_robot_interfaces/__init__.py'...
[0.930s] -- Up-to-date: /home/robot/ros2_ws/ROS2_Projects/install/my_robot_interfaces/lib/python3.8/site-packages/my_robot_interfaces/msg
[0.930s] -- Up-to-date: /home/robot/ros2_ws/ROS2_Projects/install/my_robot_interfaces/lib/python3.8/site-packages/my_robot_interfaces/msg/__init__.py
[0.930s] -- Up-to-date: /home/robot/ros2_ws/ROS2_Projects/install/my_robot_interfaces/lib/python3.8/site-packages/my_robot_interfaces/msg/_hardware_status.py
[0.931s] -- Up-to-date: /home/robot/ros2_ws/ROS2_Projects/install/my_robot_interfaces/lib/python3.8/site-packages/my_robot_interfaces/msg/_hardware_status_s.c
[0.931s] -- Up-to-date: /home/robot/ros2_ws/ROS2_Projects/install/my_robot_interfaces/lib/python3.8/site-packages/my_robot_interfaces/my_robot_interfaces_s__rosidl_typesupport_fastrtps_c.cpython-38-x86_64-linux-gnu.so
[0.931s] -- Up-to-date: /home/robot/ros2_ws/ROS2_Projects/install/my_robot_interfaces/lib/python3.8/site-packages/my_robot_interfaces/my_robot_interfaces_s__rosidl_typesupport_introspection_c.cpython-38-x86_64-linux-gnu.so
[0.932s] -- Up-to-date: /home/robot/ros2_ws/ROS2_Projects/install/my_robot_interfaces/lib/python3.8/site-packages/my_robot_interfaces/my_robot_interfaces_s__rosidl_typesupport_c.cpython-38-x86_64-linux-gnu.so
[0.932s] -- Up-to-date: /home/robot/ros2_ws/ROS2_Projects/install/my_robot_interfaces/lib/libmy_robot_interfaces__python.so
[0.933s] -- Up-to-date: /home/robot/ros2_ws/ROS2_Projects/install/my_robot_interfaces/share/my_robot_interfaces/msg/HardwareStatus.idl
[0.933s] -- Installing: /home/robot/ros2_ws/ROS2_Projects/install/my_robot_interfaces/share/my_robot_interfaces/msg/HardwareStatus.msg
[0.933s] -- Up-to-date: /home/robot/ros2_ws/ROS2_Projects/install/my_robot_interfaces/share/ament_index/resource_index/package_run_dependencies/my_robot_interfaces
[0.933s] -- Up-to-date: /home/robot/ros2_ws/ROS2_Projects/install/my_robot_interfaces/share/ament_index/resource_index/parent_prefix_path/my_robot_interfaces
[0.933s] -- Up-to-date: /home/robot/ros2_ws/ROS2_Projects/install/my_robot_interfaces/share/my_robot_interfaces/environment/ament_prefix_path.sh
[0.933s] -- Installing: /home/robot/ros2_ws/ROS2_Projects/install/my_robot_interfaces/share/my_robot_interfaces/environment/ament_prefix_path.dsv
[0.934s] -- Up-to-date: /home/robot/ros2_ws/ROS2_Projects/install/my_robot_interfaces/share/my_robot_interfaces/environment/path.sh
[0.934s] -- Installing: /home/robot/ros2_ws/ROS2_Projects/install/my_robot_interfaces/share/my_robot_interfaces/environment/path.dsv
[0.934s] -- Up-to-date: /home/robot/ros2_ws/ROS2_Projects/install/my_robot_interfaces/share/my_robot_interfaces/local_setup.bash
[0.934s] -- Up-to-date: /home/robot/ros2_ws/ROS2_Projects/install/my_robot_interfaces/share/my_robot_interfaces/local_setup.sh
[0.934s] -- Up-to-date: /home/robot/ros2_ws/ROS2_Projects/install/my_robot_interfaces/share/my_robot_interfaces/local_setup.zsh
[0.934s] -- Installing: /home/robot/ros2_ws/ROS2_Projects/install/my_robot_interfaces/share/my_robot_interfaces/local_setup.dsv
[0.934s] -- Installing: /home/robot/ros2_ws/ROS2_Projects/install/my_robot_interfaces/share/my_robot_interfaces/package.dsv
[0.935s] -- Up-to-date: /home/robot/ros2_ws/ROS2_Projects/install/my_robot_interfaces/share/ament_index/resource_index/packages/my_robot_interfaces
[0.935s] -- Up-to-date: /home/robot/ros2_ws/ROS2_Projects/install/my_robot_interfaces/share/my_robot_interfaces/cmake/my_robot_interfaces__rosidl_generator_cExport.cmake
[0.935s] -- Installing: /home/robot/ros2_ws/ROS2_Projects/install/my_robot_interfaces/share/my_robot_interfaces/cmake/my_robot_interfaces__rosidl_generator_cExport-noconfig.cmake
[0.935s] -- Up-to-date: /home/robot/ros2_ws/ROS2_Projects/install/my_robot_interfaces/share/my_robot_interfaces/cmake/my_robot_interfaces__rosidl_typesupport_introspection_cExport.cmake
[0.935s] -- Installing: /home/robot/ros2_ws/ROS2_Projects/install/my_robot_interfaces/share/my_robot_interfaces/cmake/my_robot_interfaces__rosidl_typesupport_introspection_cExport-noconfig.cmake
[0.935s] -- Up-to-date: /home/robot/ros2_ws/ROS2_Projects/install/my_robot_interfaces/share/my_robot_interfaces/cmake/my_robot_interfaces__rosidl_typesupport_cExport.cmake
[0.935s] -- Installing: /home/robot/ros2_ws/ROS2_Projects/install/my_robot_interfaces/share/my_robot_interfaces/cmake/my_robot_interfaces__rosidl_typesupport_cExport-noconfig.cmake
[0.936s] -- Up-to-date: /home/robot/ros2_ws/ROS2_Projects/install/my_robot_interfaces/share/my_robot_interfaces/cmake/my_robot_interfaces__rosidl_generator_cppExport.cmake
[0.936s] -- Up-to-date: /home/robot/ros2_ws/ROS2_Projects/install/my_robot_interfaces/share/my_robot_interfaces/cmake/my_robot_interfaces__rosidl_typesupport_introspection_cppExport.cmake
[0.936s] -- Installing: /home/robot/ros2_ws/ROS2_Projects/install/my_robot_interfaces/share/my_robot_interfaces/cmake/my_robot_interfaces__rosidl_typesupport_introspection_cppExport-noconfig.cmake
[0.936s] -- Up-to-date: /home/robot/ros2_ws/ROS2_Projects/install/my_robot_interfaces/share/my_robot_interfaces/cmake/my_robot_interfaces__rosidl_typesupport_cppExport.cmake
[0.937s] -- Installing: /home/robot/ros2_ws/ROS2_Projects/install/my_robot_interfaces/share/my_robot_interfaces/cmake/my_robot_interfaces__rosidl_typesupport_cppExport-noconfig.cmake
[0.937s] -- Up-to-date: /home/robot/ros2_ws/ROS2_Projects/install/my_robot_interfaces/share/my_robot_interfaces/cmake/rosidl_cmake-extras.cmake
[0.937s] -- Up-to-date: /home/robot/ros2_ws/ROS2_Projects/install/my_robot_interfaces/share/my_robot_interfaces/cmake/ament_cmake_export_dependencies-extras.cmake
[0.937s] -- Up-to-date: /home/robot/ros2_ws/ROS2_Projects/install/my_robot_interfaces/share/my_robot_interfaces/cmake/ament_cmake_export_libraries-extras.cmake
[0.937s] -- Up-to-date: /home/robot/ros2_ws/ROS2_Projects/install/my_robot_interfaces/share/my_robot_interfaces/cmake/ament_cmake_export_targets-extras.cmake
[0.937s] -- Up-to-date: /home/robot/ros2_ws/ROS2_Projects/install/my_robot_interfaces/share/my_robot_interfaces/cmake/ament_cmake_export_include_directories-extras.cmake
[0.937s] -- Up-to-date: /home/robot/ros2_ws/ROS2_Projects/install/my_robot_interfaces/share/my_robot_interfaces/cmake/rosidl_cmake_export_typesupport_libraries-extras.cmake
[0.937s] -- Up-to-date: /home/robot/ros2_ws/ROS2_Projects/install/my_robot_interfaces/share/my_robot_interfaces/cmake/rosidl_cmake_export_typesupport_targets-extras.cmake
[0.938s] -- Up-to-date: /home/robot/ros2_ws/ROS2_Projects/install/my_robot_interfaces/share/my_robot_interfaces/cmake/my_robot_interfacesConfig.cmake
[0.938s] -- Up-to-date: /home/robot/ros2_ws/ROS2_Projects/install/my_robot_interfaces/share/my_robot_interfaces/cmake/my_robot_interfacesConfig-version.cmake
[0.938s] -- Installing: /home/robot/ros2_ws/ROS2_Projects/install/my_robot_interfaces/share/my_robot_interfaces/package.xml
[0.941s] Invoked command in '/home/robot/ros2_ws/ROS2_Projects/build/my_robot_interfaces' returned '0': CMAKE_PREFIX_PATH=/home/robot/ros2_ws/ROS2_Projects/install/my_py_pkg:/opt/ros/foxy /usr/bin/cmake --install /home/robot/ros2_ws/ROS2_Projects/build/my_robot_interfaces
