[0.016s] Invoking command in '/home/robot/ros2_ws/ROS2_Projects/build/my_robot_bringup': AMENT_PREFIX_PATH=/home/robot/ros2_ws/ROS2_Projects/install/my_py_pkg:/home/robot/ros2_ws/ROS2_Projects/install/my_robot_bringup:/home/robot/ros2_ws/ROS2_Projects/install/my_robot_interfaces:/opt/ros/foxy CMAKE_PREFIX_PATH=/home/robot/ros2_ws/ROS2_Projects/install/my_robot_interfaces:/home/robot/ros2_ws/ROS2_Projects/install/my_robot_bringup:/home/robot/ros2_ws/ROS2_Projects/install/my_py_pkg:/opt/ros/foxy /usr/bin/cmake --build /home/robot/ros2_ws/ROS2_Projects/build/my_robot_bringup -- -j8 -l8
[0.041s] -- Found ament_cmake: 0.9.9 (/opt/ros/foxy/share/ament_cmake/cmake)
[0.065s] -- Using PYTHON_EXECUTABLE: /usr/bin/python3
[0.222s] -- Override CMake install command with custom implementation using symlinks instead of copying resources
[0.295s] -- Configuring done
[0.297s] -- Generating done
[0.298s] -- Build files have been written to: /home/robot/ros2_ws/ROS2_Projects/build/my_robot_bringup
[0.316s] Invoked command in '/home/robot/ros2_ws/ROS2_Projects/build/my_robot_bringup' returned '0': AMENT_PREFIX_PATH=/home/robot/ros2_ws/ROS2_Projects/install/my_py_pkg:/home/robot/ros2_ws/ROS2_Projects/install/my_robot_bringup:/home/robot/ros2_ws/ROS2_Projects/install/my_robot_interfaces:/opt/ros/foxy CMAKE_PREFIX_PATH=/home/robot/ros2_ws/ROS2_Projects/install/my_robot_interfaces:/home/robot/ros2_ws/ROS2_Projects/install/my_robot_bringup:/home/robot/ros2_ws/ROS2_Projects/install/my_py_pkg:/opt/ros/foxy /usr/bin/cmake --build /home/robot/ros2_ws/ROS2_Projects/build/my_robot_bringup -- -j8 -l8
[0.343s] Invoking command in '/home/robot/ros2_ws/ROS2_Projects/build/my_robot_bringup': AMENT_PREFIX_PATH=/home/robot/ros2_ws/ROS2_Projects/install/my_py_pkg:/home/robot/ros2_ws/ROS2_Projects/install/my_robot_bringup:/home/robot/ros2_ws/ROS2_Projects/install/my_robot_interfaces:/opt/ros/foxy CMAKE_PREFIX_PATH=/home/robot/ros2_ws/ROS2_Projects/install/my_robot_interfaces:/home/robot/ros2_ws/ROS2_Projects/install/my_robot_bringup:/home/robot/ros2_ws/ROS2_Projects/install/my_py_pkg:/opt/ros/foxy /usr/bin/cmake --install /home/robot/ros2_ws/ROS2_Projects/build/my_robot_bringup
[0.351s] -- Install configuration: ""
[0.351s] -- Execute custom install script
[0.352s] -- Up-to-date symlink: /home/robot/ros2_ws/ROS2_Projects/install/my_robot_bringup/share/my_robot_bringup/launch/number_app.launch.py
[0.352s] -- Up-to-date symlink: /home/robot/ros2_ws/ROS2_Projects/install/my_robot_bringup/share/ament_index/resource_index/package_run_dependencies/my_robot_bringup
[0.352s] -- Up-to-date symlink: /home/robot/ros2_ws/ROS2_Projects/install/my_robot_bringup/share/ament_index/resource_index/parent_prefix_path/my_robot_bringup
[0.353s] -- Up-to-date symlink: /home/robot/ros2_ws/ROS2_Projects/install/my_robot_bringup/share/my_robot_bringup/environment/ament_prefix_path.sh
[0.353s] -- Up-to-date symlink: /home/robot/ros2_ws/ROS2_Projects/install/my_robot_bringup/share/my_robot_bringup/environment/ament_prefix_path.dsv
[0.353s] -- Up-to-date symlink: /home/robot/ros2_ws/ROS2_Projects/install/my_robot_bringup/share/my_robot_bringup/environment/path.sh
[0.353s] -- Up-to-date symlink: /home/robot/ros2_ws/ROS2_Projects/install/my_robot_bringup/share/my_robot_bringup/environment/path.dsv
[0.354s] -- Up-to-date symlink: /home/robot/ros2_ws/ROS2_Projects/install/my_robot_bringup/share/my_robot_bringup/local_setup.bash
[0.354s] -- Up-to-date symlink: /home/robot/ros2_ws/ROS2_Projects/install/my_robot_bringup/share/my_robot_bringup/local_setup.sh
[0.354s] -- Up-to-date symlink: /home/robot/ros2_ws/ROS2_Projects/install/my_robot_bringup/share/my_robot_bringup/local_setup.zsh
[0.354s] -- Up-to-date symlink: /home/robot/ros2_ws/ROS2_Projects/install/my_robot_bringup/share/my_robot_bringup/local_setup.dsv
[0.354s] -- Symlinking: /home/robot/ros2_ws/ROS2_Projects/install/my_robot_bringup/share/my_robot_bringup/package.dsv
[0.363s] -- Up-to-date symlink: /home/robot/ros2_ws/ROS2_Projects/install/my_robot_bringup/share/ament_index/resource_index/packages/my_robot_bringup
[0.363s] -- Up-to-date symlink: /home/robot/ros2_ws/ROS2_Projects/install/my_robot_bringup/share/my_robot_bringup/cmake/my_robot_bringupConfig.cmake
[0.363s] -- Up-to-date symlink: /home/robot/ros2_ws/ROS2_Projects/install/my_robot_bringup/share/my_robot_bringup/cmake/my_robot_bringupConfig-version.cmake
[0.363s] -- Up-to-date symlink: /home/robot/ros2_ws/ROS2_Projects/install/my_robot_bringup/share/my_robot_bringup/package.xml
[0.365s] Invoked command in '/home/robot/ros2_ws/ROS2_Projects/build/my_robot_bringup' returned '0': AMENT_PREFIX_PATH=/home/robot/ros2_ws/ROS2_Projects/install/my_py_pkg:/home/robot/ros2_ws/ROS2_Projects/install/my_robot_bringup:/home/robot/ros2_ws/ROS2_Projects/install/my_robot_interfaces:/opt/ros/foxy CMAKE_PREFIX_PATH=/home/robot/ros2_ws/ROS2_Projects/install/my_robot_interfaces:/home/robot/ros2_ws/ROS2_Projects/install/my_robot_bringup:/home/robot/ros2_ws/ROS2_Projects/install/my_py_pkg:/opt/ros/foxy /usr/bin/cmake --install /home/robot/ros2_ws/ROS2_Projects/build/my_robot_bringup
