[0.569s] Invoking command in '/home/robot/ros2_ws/build/my_py_pkg': PYTHONPATH=/home/robot/ros2_ws/install/my_py_pkg/lib/python3.8/site-packages:${PYTHONPATH} /usr/bin/python3 setup.py develop --prefix /home/robot/ros2_ws/install/my_py_pkg --editable --build-directory /home/robot/ros2_ws/build/my_py_pkg/build --no-deps install_data --install-dir /home/robot/ros2_ws/install/my_py_pkg
[0.772s] running develop
[0.891s] running egg_info
[0.891s] writing my_py_pkg.egg-info/PKG-INFO
[0.892s] writing dependency_links to my_py_pkg.egg-info/dependency_links.txt
[0.892s] writing entry points to my_py_pkg.egg-info/entry_points.txt
[0.892s] writing requirements to my_py_pkg.egg-info/requires.txt
[0.892s] writing top-level names to my_py_pkg.egg-info/top_level.txt
[0.918s] reading manifest file 'my_py_pkg.egg-info/SOURCES.txt'
[0.919s] writing manifest file 'my_py_pkg.egg-info/SOURCES.txt'
[0.947s] running build_ext
[0.947s] Creating /home/robot/ros2_ws/install/my_py_pkg/lib/python3.8/site-packages/my-py-pkg.egg-link (link to .)
[0.948s] Installing number_publisher script to /home/robot/ros2_ws/install/my_py_pkg/lib/my_py_pkg
[0.948s] Installing py_node script to /home/robot/ros2_ws/install/my_py_pkg/lib/my_py_pkg
[0.948s] Installing robot_news_station script to /home/robot/ros2_ws/install/my_py_pkg/lib/my_py_pkg
[0.948s] Installing smartphone script to /home/robot/ros2_ws/install/my_py_pkg/lib/my_py_pkg
[0.948s] 
[0.949s] Installed /home/robot/ros2_ws/build/my_py_pkg
[0.949s] running install_data
[0.974s] Invoked command in '/home/robot/ros2_ws/build/my_py_pkg' returned '0': PYTHONPATH=/home/robot/ros2_ws/install/my_py_pkg/lib/python3.8/site-packages:${PYTHONPATH} /usr/bin/python3 setup.py develop --prefix /home/robot/ros2_ws/install/my_py_pkg --editable --build-directory /home/robot/ros2_ws/build/my_py_pkg/build --no-deps install_data --install-dir /home/robot/ros2_ws/install/my_py_pkg
