[0.554s] Invoking command in '/home/robot/ros2_ws/src/my_py_pkg': PYTHONPATH=/home/robot/ros2_ws/install/my_py_pkg/lib/python3.8/site-packages:${PYTHONPATH} /usr/bin/python3 setup.py egg_info --egg-base ../../build/my_py_pkg build --build-base /home/robot/ros2_ws/build/my_py_pkg/build install --prefix /home/robot/ros2_ws/install/my_py_pkg --record /home/robot/ros2_ws/build/my_py_pkg/install.log --single-version-externally-managed
[0.738s] running egg_info
[0.739s] writing ../../build/my_py_pkg/my_py_pkg.egg-info/PKG-INFO
[0.739s] writing dependency_links to ../../build/my_py_pkg/my_py_pkg.egg-info/dependency_links.txt
[0.739s] writing entry points to ../../build/my_py_pkg/my_py_pkg.egg-info/entry_points.txt
[0.739s] writing requirements to ../../build/my_py_pkg/my_py_pkg.egg-info/requires.txt
[0.739s] writing top-level names to ../../build/my_py_pkg/my_py_pkg.egg-info/top_level.txt
[0.768s] reading manifest file '../../build/my_py_pkg/my_py_pkg.egg-info/SOURCES.txt'
[0.768s] writing manifest file '../../build/my_py_pkg/my_py_pkg.egg-info/SOURCES.txt'
[0.768s] running build
[0.768s] running build_py
[0.769s] copying my_py_pkg/my_first_node.py -> /home/robot/ros2_ws/build/my_py_pkg/build/lib/my_py_pkg
[0.769s] running install
[0.769s] running install_lib
[0.770s] copying /home/robot/ros2_ws/build/my_py_pkg/build/lib/my_py_pkg/my_first_node.py -> /home/robot/ros2_ws/install/my_py_pkg/lib/python3.8/site-packages/my_py_pkg
[0.771s] byte-compiling /home/robot/ros2_ws/install/my_py_pkg/lib/python3.8/site-packages/my_py_pkg/my_first_node.py to my_first_node.cpython-38.pyc
[0.772s] running install_data
[0.772s] running install_egg_info
[0.773s] removing '/home/robot/ros2_ws/install/my_py_pkg/lib/python3.8/site-packages/my_py_pkg-0.0.0-py3.8.egg-info' (and everything under it)
[0.774s] Copying ../../build/my_py_pkg/my_py_pkg.egg-info to /home/robot/ros2_ws/install/my_py_pkg/lib/python3.8/site-packages/my_py_pkg-0.0.0-py3.8.egg-info
[0.774s] running install_scripts
[0.788s] Installing py_node script to /home/robot/ros2_ws/install/my_py_pkg/lib/my_py_pkg
[0.788s] writing list of installed files to '/home/robot/ros2_ws/build/my_py_pkg/install.log'
[0.808s] Invoked command in '/home/robot/ros2_ws/src/my_py_pkg' returned '0': PYTHONPATH=/home/robot/ros2_ws/install/my_py_pkg/lib/python3.8/site-packages:${PYTHONPATH} /usr/bin/python3 setup.py egg_info --egg-base ../../build/my_py_pkg build --build-base /home/robot/ros2_ws/build/my_py_pkg/build install --prefix /home/robot/ros2_ws/install/my_py_pkg --record /home/robot/ros2_ws/build/my_py_pkg/install.log --single-version-externally-managed
