[0.597s] Invoking command in '/home/robot/ros2_ws/ROS2_Projects/build/catch_all_turtles': CMAKE_PREFIX_PATH=/home/robot/ros2_ws/ROS2_Projects/install/my_robot_interfaces:/home/robot/ros2_ws/ROS2_Projects/install/my_robot_bringup PYTHONPATH=/home/robot/ros2_ws/ROS2_Projects/install/catch_all_turtles/lib/python3.8/site-packages:/home/robot/ros2_ws/ROS2_Projects/install/my_robot_interfaces/lib/python3.8/site-packages:/home/robot/ros2_ws/ROS2_Projects/install/my_py_pkg/lib/python3.8/site-packages:/home/robot/ros2_ws/ROS2_Projects/build/catch_all_turtles:/home/robot/ros2_ws/ROS2_Projects/install/catch_all_turtles/lib/python3.8/site-packages:/home/robot/ros2_ws/ROS2_Projects/build/catch_all_turtle:/home/robot/ros2_ws/ROS2_Projects/install/catch_all_turtle/lib/python3.8/site-packages:/opt/ros/foxy/lib/python3.8/site-packages /usr/bin/python3 setup.py develop --prefix /home/robot/ros2_ws/ROS2_Projects/install/catch_all_turtles --uninstall --editable --build-directory /home/robot/ros2_ws/ROS2_Projects/build/catch_all_turtles/build
[0.812s] running develop
[0.936s] Removing /home/robot/ros2_ws/ROS2_Projects/install/catch_all_turtles/lib/python3.8/site-packages/catch-all-turtles.egg-link (link to .)
[0.955s] Invoked command in '/home/robot/ros2_ws/ROS2_Projects/build/catch_all_turtles' returned '0': CMAKE_PREFIX_PATH=/home/robot/ros2_ws/ROS2_Projects/install/my_robot_interfaces:/home/robot/ros2_ws/ROS2_Projects/install/my_robot_bringup PYTHONPATH=/home/robot/ros2_ws/ROS2_Projects/install/catch_all_turtles/lib/python3.8/site-packages:/home/robot/ros2_ws/ROS2_Projects/install/my_robot_interfaces/lib/python3.8/site-packages:/home/robot/ros2_ws/ROS2_Projects/install/my_py_pkg/lib/python3.8/site-packages:/home/robot/ros2_ws/ROS2_Projects/build/catch_all_turtles:/home/robot/ros2_ws/ROS2_Projects/install/catch_all_turtles/lib/python3.8/site-packages:/home/robot/ros2_ws/ROS2_Projects/build/catch_all_turtle:/home/robot/ros2_ws/ROS2_Projects/install/catch_all_turtle/lib/python3.8/site-packages:/opt/ros/foxy/lib/python3.8/site-packages /usr/bin/python3 setup.py develop --prefix /home/robot/ros2_ws/ROS2_Projects/install/catch_all_turtles --uninstall --editable --build-directory /home/robot/ros2_ws/ROS2_Projects/build/catch_all_turtles/build
[0.958s] Invoking command in '/home/robot/ros2_ws/ROS2_Projects/src/catch_all_turtles': CMAKE_PREFIX_PATH=/home/robot/ros2_ws/ROS2_Projects/install/my_robot_interfaces:/home/robot/ros2_ws/ROS2_Projects/install/my_robot_bringup PYTHONPATH=/home/robot/ros2_ws/ROS2_Projects/install/catch_all_turtles/lib/python3.8/site-packages:/home/robot/ros2_ws/ROS2_Projects/install/my_robot_interfaces/lib/python3.8/site-packages:/home/robot/ros2_ws/ROS2_Projects/install/my_py_pkg/lib/python3.8/site-packages:/home/robot/ros2_ws/ROS2_Projects/build/catch_all_turtles:/home/robot/ros2_ws/ROS2_Projects/install/catch_all_turtles/lib/python3.8/site-packages:/home/robot/ros2_ws/ROS2_Projects/build/catch_all_turtle:/home/robot/ros2_ws/ROS2_Projects/install/catch_all_turtle/lib/python3.8/site-packages:/opt/ros/foxy/lib/python3.8/site-packages /usr/bin/python3 setup.py egg_info --egg-base ../../build/catch_all_turtles build --build-base /home/robot/ros2_ws/ROS2_Projects/build/catch_all_turtles/build install --prefix /home/robot/ros2_ws/ROS2_Projects/install/catch_all_turtles --record /home/robot/ros2_ws/ROS2_Projects/build/catch_all_turtles/install.log --single-version-externally-managed
[1.152s] running egg_info
[1.153s] writing ../../build/catch_all_turtles/catch_all_turtles.egg-info/PKG-INFO
[1.153s] writing dependency_links to ../../build/catch_all_turtles/catch_all_turtles.egg-info/dependency_links.txt
[1.153s] writing entry points to ../../build/catch_all_turtles/catch_all_turtles.egg-info/entry_points.txt
[1.153s] writing requirements to ../../build/catch_all_turtles/catch_all_turtles.egg-info/requires.txt
[1.153s] writing top-level names to ../../build/catch_all_turtles/catch_all_turtles.egg-info/top_level.txt
[1.182s] reading manifest file '../../build/catch_all_turtles/catch_all_turtles.egg-info/SOURCES.txt'
[1.183s] writing manifest file '../../build/catch_all_turtles/catch_all_turtles.egg-info/SOURCES.txt'
[1.183s] running build
[1.183s] running build_py
[1.184s] creating /home/robot/ros2_ws/ROS2_Projects/build/catch_all_turtles/build
[1.184s] creating /home/robot/ros2_ws/ROS2_Projects/build/catch_all_turtles/build/lib
[1.184s] creating /home/robot/ros2_ws/ROS2_Projects/build/catch_all_turtles/build/lib/catch_all_turtles
[1.184s] copying catch_all_turtles/__init__.py -> /home/robot/ros2_ws/ROS2_Projects/build/catch_all_turtles/build/lib/catch_all_turtles
[1.184s] copying catch_all_turtles/turtlesim_controller.py -> /home/robot/ros2_ws/ROS2_Projects/build/catch_all_turtles/build/lib/catch_all_turtles
[1.184s] copying catch_all_turtles/turtle_spwaner.py -> /home/robot/ros2_ws/ROS2_Projects/build/catch_all_turtles/build/lib/catch_all_turtles
[1.184s] running install
[1.185s] running install_lib
[1.185s] creating /home/robot/ros2_ws/ROS2_Projects/install/catch_all_turtles/lib/python3.8/site-packages/catch_all_turtles
[1.186s] copying /home/robot/ros2_ws/ROS2_Projects/build/catch_all_turtles/build/lib/catch_all_turtles/__init__.py -> /home/robot/ros2_ws/ROS2_Projects/install/catch_all_turtles/lib/python3.8/site-packages/catch_all_turtles
[1.186s] copying /home/robot/ros2_ws/ROS2_Projects/build/catch_all_turtles/build/lib/catch_all_turtles/turtlesim_controller.py -> /home/robot/ros2_ws/ROS2_Projects/install/catch_all_turtles/lib/python3.8/site-packages/catch_all_turtles
[1.186s] copying /home/robot/ros2_ws/ROS2_Projects/build/catch_all_turtles/build/lib/catch_all_turtles/turtle_spwaner.py -> /home/robot/ros2_ws/ROS2_Projects/install/catch_all_turtles/lib/python3.8/site-packages/catch_all_turtles
[1.186s] byte-compiling /home/robot/ros2_ws/ROS2_Projects/install/catch_all_turtles/lib/python3.8/site-packages/catch_all_turtles/__init__.py to __init__.cpython-38.pyc
[1.187s] byte-compiling /home/robot/ros2_ws/ROS2_Projects/install/catch_all_turtles/lib/python3.8/site-packages/catch_all_turtles/turtlesim_controller.py to turtlesim_controller.cpython-38.pyc
[1.188s] byte-compiling /home/robot/ros2_ws/ROS2_Projects/install/catch_all_turtles/lib/python3.8/site-packages/catch_all_turtles/turtle_spwaner.py to turtle_spwaner.cpython-38.pyc
[1.188s] running install_data
[1.189s] running install_egg_info
[1.190s] Copying ../../build/catch_all_turtles/catch_all_turtles.egg-info to /home/robot/ros2_ws/ROS2_Projects/install/catch_all_turtles/lib/python3.8/site-packages/catch_all_turtles-0.0.0-py3.8.egg-info
[1.191s] running install_scripts
[1.205s] Installing turtle_spwaner script to /home/robot/ros2_ws/ROS2_Projects/install/catch_all_turtles/lib/catch_all_turtles
[1.206s] Installing turtlesim_controller script to /home/robot/ros2_ws/ROS2_Projects/install/catch_all_turtles/lib/catch_all_turtles
[1.206s] writing list of installed files to '/home/robot/ros2_ws/ROS2_Projects/build/catch_all_turtles/install.log'
[1.225s] Invoked command in '/home/robot/ros2_ws/ROS2_Projects/src/catch_all_turtles' returned '0': CMAKE_PREFIX_PATH=/home/robot/ros2_ws/ROS2_Projects/install/my_robot_interfaces:/home/robot/ros2_ws/ROS2_Projects/install/my_robot_bringup PYTHONPATH=/home/robot/ros2_ws/ROS2_Projects/install/catch_all_turtles/lib/python3.8/site-packages:/home/robot/ros2_ws/ROS2_Projects/install/my_robot_interfaces/lib/python3.8/site-packages:/home/robot/ros2_ws/ROS2_Projects/install/my_py_pkg/lib/python3.8/site-packages:/home/robot/ros2_ws/ROS2_Projects/build/catch_all_turtles:/home/robot/ros2_ws/ROS2_Projects/install/catch_all_turtles/lib/python3.8/site-packages:/home/robot/ros2_ws/ROS2_Projects/build/catch_all_turtle:/home/robot/ros2_ws/ROS2_Projects/install/catch_all_turtle/lib/python3.8/site-packages:/opt/ros/foxy/lib/python3.8/site-packages /usr/bin/python3 setup.py egg_info --egg-base ../../build/catch_all_turtles build --build-base /home/robot/ros2_ws/ROS2_Projects/build/catch_all_turtles/build install --prefix /home/robot/ros2_ws/ROS2_Projects/install/catch_all_turtles --record /home/robot/ros2_ws/ROS2_Projects/build/catch_all_turtles/install.log --single-version-externally-managed
