[0.013s] Invoking command in '/home/robot/ros2_ws/ROS2_Projects/build/my_robot_interfaces': CMAKE_PREFIX_PATH=${CMAKE_PREFIX_PATH}:/home/robot/ros2_ws/ROS2_Projects/install/my_py_pkg:/opt/ros/foxy /usr/bin/cmake /home/robot/ros2_ws/ROS2_Projects/src/my_robot_interfaces -DCMAKE_INSTALL_PREFIX=/home/robot/ros2_ws/ROS2_Projects/install/my_robot_interfaces
[0.027s] -- Found ament_cmake: 0.9.9 (/opt/ros/foxy/share/ament_cmake/cmake)
[0.052s] -- Found PythonInterp: /usr/bin/python3 (found suitable version "3.8.10", minimum required is "3") 
[0.052s] -- Using PYTHON_EXECUTABLE: /usr/bin/python3
[0.210s] -- Override CMake install command with custom implementation using symlinks instead of copying resources
[0.217s] -- Found rosidl_default_generators: 1.0.1 (/opt/ros/foxy/share/rosidl_default_generators/cmake)
[0.219s] -- Using all available rosidl_typesupport_c: rosidl_typesupport_fastrtps_c;rosidl_typesupport_introspection_c
[0.223s] -- Found rosidl_adapter: 1.2.1 (/opt/ros/foxy/share/rosidl_adapter/cmake)
[0.333s] -- Using all available rosidl_typesupport_cpp: rosidl_typesupport_fastrtps_cpp;rosidl_typesupport_introspection_cpp
[0.374s] -- Found PythonInterp: /usr/bin/python3 (found version "3.8.10") 
[0.536s] CMake Error at /opt/ros/foxy/share/rosidl_adapter/cmake/rosidl_adapt_interfaces.cmake:60 (message):
[0.536s]   execute_process(/usr/bin/python3 -m rosidl_adapter --package-name
[0.536s]   my_robot_interfaces --arguments-file
[0.536s]   /home/robot/ros2_ws/ROS2_Projects/build/my_robot_interfaces/rosidl_adapter__arguments__my_robot_interfaces.json
[0.536s]   --output-dir
[0.536s]   /home/robot/ros2_ws/ROS2_Projects/build/my_robot_interfaces/rosidl_adapter/my_robot_interfaces
[0.536s]   --output-file
[0.536s]   /home/robot/ros2_ws/ROS2_Projects/build/my_robot_interfaces/rosidl_adapter/my_robot_interfaces.idls)
[0.536s]   returned error code 1:
[0.536s] 
[0.536s]   Error processing 'string ON' of 'my_robot_interfaces/LedStates': ''ON' is
[0.537s]   an invalid field name.  It should have the pattern
[0.537s]   '^(?!.*__)(?!.*_$)[a-z][a-z0-9_]*$''
[0.537s] 
[0.537s]   Traceback (most recent call last):
[0.537s] 
[0.537s]     File "/usr/lib/python3.8/runpy.py", line 194, in _run_module_as_main
[0.537s]       return _run_code(code, main_globals, None,
[0.537s]     File "/usr/lib/python3.8/runpy.py", line 87, in _run_code
[0.537s]       exec(code, run_globals)
[0.537s]     File "/opt/ros/foxy/lib/python3.8/site-packages/rosidl_adapter/__main__.py", line 19, in <module>
[0.537s]       sys.exit(main())
[0.537s]     File "/opt/ros/foxy/lib/python3.8/site-packages/rosidl_adapter/main.py", line 53, in main
[0.537s]       abs_idl_file = convert_to_idl(
[0.537s]     File "/opt/ros/foxy/lib/python3.8/site-packages/rosidl_adapter/__init__.py", line 19, in convert_to_idl
[0.538s]       return convert_msg_to_idl(
[0.538s]     File "/opt/ros/foxy/lib/python3.8/site-packages/rosidl_adapter/msg/__init__.py", line 28, in convert_msg_to_idl
[0.538s]       msg = parse_message_string(package_name, input_file.stem, content)
[0.538s]     File "/opt/ros/foxy/lib/python3.8/site-packages/rosidl_adapter/parser.py", line 515, in parse_message_string
[0.538s]       fields.append(Field(
[0.538s]     File "/opt/ros/foxy/lib/python3.8/site-packages/rosidl_adapter/parser.py", line 353, in __init__
[0.538s]       raise NameError(
[0.538s] 
[0.538s]   NameError: 'ON' is an invalid field name.  It should have the pattern
[0.538s]   '^(?!.*__)(?!.*_$)[a-z][a-z0-9_]*$'
[0.538s] 
[0.538s] Call Stack (most recent call first):
[0.538s]   /opt/ros/foxy/share/rosidl_cmake/cmake/rosidl_generate_interfaces.cmake:130 (rosidl_adapt_interfaces)
[0.538s]   CMakeLists.txt:17 (rosidl_generate_interfaces)
[0.538s] 
[0.539s] 
[0.539s] -- Configuring incomplete, errors occurred!
[0.539s] See also "/home/robot/ros2_ws/ROS2_Projects/build/my_robot_interfaces/CMakeFiles/CMakeOutput.log".
[0.542s] Invoked command in '/home/robot/ros2_ws/ROS2_Projects/build/my_robot_interfaces' returned '1': CMAKE_PREFIX_PATH=${CMAKE_PREFIX_PATH}:/home/robot/ros2_ws/ROS2_Projects/install/my_py_pkg:/opt/ros/foxy /usr/bin/cmake /home/robot/ros2_ws/ROS2_Projects/src/my_robot_interfaces -DCMAKE_INSTALL_PREFIX=/home/robot/ros2_ws/ROS2_Projects/install/my_robot_interfaces
