[0.011s] Invoking command in '/home/robot/ros2_ws/ROS2_Projects/build/my_robot_bringup': CMAKE_PREFIX_PATH=${CMAKE_PREFIX_PATH}:/home/robot/ros2_ws/ROS2_Projects/install/my_py_pkg:/opt/ros/foxy /usr/bin/cmake /home/robot/ros2_ws/ROS2_Projects/src/my_robot_bringup -DAMENT_CMAKE_SYMLINK_INSTALL=1 -DCMAKE_INSTALL_PREFIX=/home/robot/ros2_ws/ROS2_Projects/install/my_robot_bringup
[0.228s] -- The C compiler identification is GNU 9.4.0
[0.399s] -- The CXX compiler identification is GNU 9.4.0
[0.410s] -- Check for working C compiler: /usr/bin/cc
[0.490s] -- Check for working C compiler: /usr/bin/cc -- works
[0.491s] -- Detecting C compiler ABI info
[0.559s] -- Detecting C compiler ABI info - done
[0.572s] -- Detecting C compile features
[0.573s] -- Detecting C compile features - done
[0.576s] -- Check for working CXX compiler: /usr/bin/c++
[0.644s] -- Check for working CXX compiler: /usr/bin/c++ -- works
[0.645s] -- Detecting CXX compiler ABI info
[0.714s] -- Detecting CXX compiler ABI info - done
[0.725s] -- Detecting CXX compile features
[0.726s] -- Detecting CXX compile features - done
[0.730s] -- Found ament_cmake: 0.9.9 (/opt/ros/foxy/share/ament_cmake/cmake)
[0.760s] -- Found PythonInterp: /usr/bin/python3 (found suitable version "3.8.10", minimum required is "3") 
[0.760s] -- Using PYTHON_EXECUTABLE: /usr/bin/python3
[0.921s] -- Override CMake install command with custom implementation using symlinks instead of copying resources
[1.019s] -- Configuring done
[1.020s] -- Generating done
[1.021s] -- Build files have been written to: /home/robot/ros2_ws/ROS2_Projects/build/my_robot_bringup
[1.024s] Invoked command in '/home/robot/ros2_ws/ROS2_Projects/build/my_robot_bringup' returned '0': CMAKE_PREFIX_PATH=${CMAKE_PREFIX_PATH}:/home/robot/ros2_ws/ROS2_Projects/install/my_py_pkg:/opt/ros/foxy /usr/bin/cmake /home/robot/ros2_ws/ROS2_Projects/src/my_robot_bringup -DAMENT_CMAKE_SYMLINK_INSTALL=1 -DCMAKE_INSTALL_PREFIX=/home/robot/ros2_ws/ROS2_Projects/install/my_robot_bringup
[1.026s] Invoking command in '/home/robot/ros2_ws/ROS2_Projects/build/my_robot_bringup': CMAKE_PREFIX_PATH=${CMAKE_PREFIX_PATH}:/home/robot/ros2_ws/ROS2_Projects/install/my_py_pkg:/opt/ros/foxy /usr/bin/cmake --build /home/robot/ros2_ws/ROS2_Projects/build/my_robot_bringup -- -j8 -l8
[1.062s] Invoked command in '/home/robot/ros2_ws/ROS2_Projects/build/my_robot_bringup' returned '0': CMAKE_PREFIX_PATH=${CMAKE_PREFIX_PATH}:/home/robot/ros2_ws/ROS2_Projects/install/my_py_pkg:/opt/ros/foxy /usr/bin/cmake --build /home/robot/ros2_ws/ROS2_Projects/build/my_robot_bringup -- -j8 -l8
[1.093s] Invoking command in '/home/robot/ros2_ws/ROS2_Projects/build/my_robot_bringup': CMAKE_PREFIX_PATH=${CMAKE_PREFIX_PATH}:/home/robot/ros2_ws/ROS2_Projects/install/my_py_pkg:/opt/ros/foxy /usr/bin/cmake --install /home/robot/ros2_ws/ROS2_Projects/build/my_robot_bringup
[1.100s] -- Install configuration: ""
[1.101s] -- Execute custom install script
[1.102s] -- Symlinking: /home/robot/ros2_ws/ROS2_Projects/install/my_robot_bringup/share/my_robot_bringup/launch/number_app.launch.py
[1.111s] -- Symlinking: /home/robot/ros2_ws/ROS2_Projects/install/my_robot_bringup/share/ament_index/resource_index/package_run_dependencies/my_robot_bringup
[1.119s] -- Symlinking: /home/robot/ros2_ws/ROS2_Projects/install/my_robot_bringup/share/ament_index/resource_index/parent_prefix_path/my_robot_bringup
[1.128s] -- Symlinking: /home/robot/ros2_ws/ROS2_Projects/install/my_robot_bringup/share/my_robot_bringup/environment/ament_prefix_path.sh
[1.136s] -- Symlinking: /home/robot/ros2_ws/ROS2_Projects/install/my_robot_bringup/share/my_robot_bringup/environment/ament_prefix_path.dsv
[1.144s] -- Symlinking: /home/robot/ros2_ws/ROS2_Projects/install/my_robot_bringup/share/my_robot_bringup/environment/path.sh
[1.152s] -- Symlinking: /home/robot/ros2_ws/ROS2_Projects/install/my_robot_bringup/share/my_robot_bringup/environment/path.dsv
[1.160s] -- Symlinking: /home/robot/ros2_ws/ROS2_Projects/install/my_robot_bringup/share/my_robot_bringup/local_setup.bash
[1.168s] -- Symlinking: /home/robot/ros2_ws/ROS2_Projects/install/my_robot_bringup/share/my_robot_bringup/local_setup.sh
[1.176s] -- Symlinking: /home/robot/ros2_ws/ROS2_Projects/install/my_robot_bringup/share/my_robot_bringup/local_setup.zsh
[1.184s] -- Symlinking: /home/robot/ros2_ws/ROS2_Projects/install/my_robot_bringup/share/my_robot_bringup/local_setup.dsv
[1.193s] -- Symlinking: /home/robot/ros2_ws/ROS2_Projects/install/my_robot_bringup/share/my_robot_bringup/package.dsv
[1.201s] -- Symlinking: /home/robot/ros2_ws/ROS2_Projects/install/my_robot_bringup/share/ament_index/resource_index/packages/my_robot_bringup
[1.209s] -- Symlinking: /home/robot/ros2_ws/ROS2_Projects/install/my_robot_bringup/share/my_robot_bringup/cmake/my_robot_bringupConfig.cmake
[1.217s] -- Symlinking: /home/robot/ros2_ws/ROS2_Projects/install/my_robot_bringup/share/my_robot_bringup/cmake/my_robot_bringupConfig-version.cmake
[1.225s] -- Symlinking: /home/robot/ros2_ws/ROS2_Projects/install/my_robot_bringup/share/my_robot_bringup/package.xml
[1.236s] Invoked command in '/home/robot/ros2_ws/ROS2_Projects/build/my_robot_bringup' returned '0': CMAKE_PREFIX_PATH=${CMAKE_PREFIX_PATH}:/home/robot/ros2_ws/ROS2_Projects/install/my_py_pkg:/opt/ros/foxy /usr/bin/cmake --install /home/robot/ros2_ws/ROS2_Projects/build/my_robot_bringup
