running develop
running egg_info
creating catch_all_turtles.egg-info
writing catch_all_turtles.egg-info/PKG-INFO
writing dependency_links to catch_all_turtles.egg-info/dependency_links.txt
writing entry points to catch_all_turtles.egg-info/entry_points.txt
writing requirements to catch_all_turtles.egg-info/requires.txt
writing top-level names to catch_all_turtles.egg-info/top_level.txt
writing manifest file 'catch_all_turtles.egg-info/SOURCES.txt'
reading manifest file 'catch_all_turtles.egg-info/SOURCES.txt'
writing manifest file 'catch_all_turtles.egg-info/SOURCES.txt'
running build_ext
Creating /home/robot/ros2_ws/ROS2_Projects/install/catch_all_turtles/lib/python3.8/site-packages/site.py
Creating /home/robot/ros2_ws/ROS2_Projects/install/catch_all_turtles/lib/python3.8/site-packages/catch-all-turtles.egg-link (link to .)
Installing turtlesim_controller script to /home/robot/ros2_ws/ROS2_Projects/install/catch_all_turtles/lib/catch_all_turtles

Installed /home/robot/ros2_ws/ROS2_Projects/build/catch_all_turtles
running install_data
creating /home/robot/ros2_ws/ROS2_Projects/install/catch_all_turtles/share/ament_index
creating /home/robot/ros2_ws/ROS2_Projects/install/catch_all_turtles/share/ament_index/resource_index
creating /home/robot/ros2_ws/ROS2_Projects/install/catch_all_turtles/share/ament_index/resource_index/packages
copying resource/catch_all_turtles -> /home/robot/ros2_ws/ROS2_Projects/install/catch_all_turtles/share/ament_index/resource_index/packages
copying package.xml -> /home/robot/ros2_ws/ROS2_Projects/install/catch_all_turtles/share/catch_all_turtles
