[0.652s] Invoking command in '/home/robot/ros2_ws/ROS2_Projects/build/catch_all_turtle': PYTHONPATH=/home/robot/ros2_ws/ROS2_Projects/install/catch_all_turtle/lib/python3.8/site-packages:${PYTHONPATH} /usr/bin/python3 setup.py develop --prefix /home/robot/ros2_ws/ROS2_Projects/install/catch_all_turtle --editable --build-directory /home/robot/ros2_ws/ROS2_Projects/build/catch_all_turtle/build --no-deps install_data --install-dir /home/robot/ros2_ws/ROS2_Projects/install/catch_all_turtle
[0.862s] running develop
[0.985s] running egg_info
[0.985s] creating catch_all_turtle.egg-info
[0.985s] writing catch_all_turtle.egg-info/PKG-INFO
[0.985s] writing dependency_links to catch_all_turtle.egg-info/dependency_links.txt
[0.985s] writing entry points to catch_all_turtle.egg-info/entry_points.txt
[0.986s] writing requirements to catch_all_turtle.egg-info/requires.txt
[0.986s] writing top-level names to catch_all_turtle.egg-info/top_level.txt
[0.988s] writing manifest file 'catch_all_turtle.egg-info/SOURCES.txt'
[1.014s] reading manifest file 'catch_all_turtle.egg-info/SOURCES.txt'
[1.014s] writing manifest file 'catch_all_turtle.egg-info/SOURCES.txt'
[1.042s] running build_ext
[1.043s] Creating /home/robot/ros2_ws/ROS2_Projects/install/catch_all_turtle/lib/python3.8/site-packages/site.py
[1.045s] Creating /home/robot/ros2_ws/ROS2_Projects/install/catch_all_turtle/lib/python3.8/site-packages/catch-all-turtle.egg-link (link to .)
[1.045s] Installing turtle_controller script to /home/robot/ros2_ws/ROS2_Projects/install/catch_all_turtle/lib/catch_all_turtle
[1.045s] 
[1.046s] Installed /home/robot/ros2_ws/ROS2_Projects/build/catch_all_turtle
[1.046s] running install_data
[1.046s] creating /home/robot/ros2_ws/ROS2_Projects/install/catch_all_turtle/share/ament_index
[1.046s] creating /home/robot/ros2_ws/ROS2_Projects/install/catch_all_turtle/share/ament_index/resource_index
[1.046s] creating /home/robot/ros2_ws/ROS2_Projects/install/catch_all_turtle/share/ament_index/resource_index/packages
[1.046s] copying resource/catch_all_turtle -> /home/robot/ros2_ws/ROS2_Projects/install/catch_all_turtle/share/ament_index/resource_index/packages
[1.046s] copying package.xml -> /home/robot/ros2_ws/ROS2_Projects/install/catch_all_turtle/share/catch_all_turtle
[1.071s] Invoked command in '/home/robot/ros2_ws/ROS2_Projects/build/catch_all_turtle' returned '0': PYTHONPATH=/home/robot/ros2_ws/ROS2_Projects/install/catch_all_turtle/lib/python3.8/site-packages:${PYTHONPATH} /usr/bin/python3 setup.py develop --prefix /home/robot/ros2_ws/ROS2_Projects/install/catch_all_turtle --editable --build-directory /home/robot/ros2_ws/ROS2_Projects/build/catch_all_turtle/build --no-deps install_data --install-dir /home/robot/ros2_ws/ROS2_Projects/install/catch_all_turtle
