[0.637s] Invoking command in '/home/robot/ros2_ws/src/my_py_pkg': PYTHONPATH=/home/robot/ros2_ws/install/my_py_pkg/lib/python3.8/site-packages:${PYTHONPATH} /usr/bin/python3 setup.py egg_info --egg-base ../../build/my_py_pkg build --build-base /home/robot/ros2_ws/build/my_py_pkg/build install --prefix /home/robot/ros2_ws/install/my_py_pkg --record /home/robot/ros2_ws/build/my_py_pkg/install.log --single-version-externally-managed
[0.824s] running egg_info
[0.825s] creating ../../build/my_py_pkg/my_py_pkg.egg-info
[0.825s] writing ../../build/my_py_pkg/my_py_pkg.egg-info/PKG-INFO
[0.825s] writing dependency_links to ../../build/my_py_pkg/my_py_pkg.egg-info/dependency_links.txt
[0.825s] writing entry points to ../../build/my_py_pkg/my_py_pkg.egg-info/entry_points.txt
[0.825s] writing requirements to ../../build/my_py_pkg/my_py_pkg.egg-info/requires.txt
[0.825s] writing top-level names to ../../build/my_py_pkg/my_py_pkg.egg-info/top_level.txt
[0.828s] writing manifest file '../../build/my_py_pkg/my_py_pkg.egg-info/SOURCES.txt'
[0.855s] reading manifest file '../../build/my_py_pkg/my_py_pkg.egg-info/SOURCES.txt'
[0.855s] writing manifest file '../../build/my_py_pkg/my_py_pkg.egg-info/SOURCES.txt'
[0.856s] running build
[0.856s] running build_py
[0.856s] creating /home/robot/ros2_ws/build/my_py_pkg/build
[0.856s] creating /home/robot/ros2_ws/build/my_py_pkg/build/lib
[0.856s] creating /home/robot/ros2_ws/build/my_py_pkg/build/lib/my_py_pkg
[0.856s] copying my_py_pkg/__init__.py -> /home/robot/ros2_ws/build/my_py_pkg/build/lib/my_py_pkg
[0.856s] running install
[0.856s] running install_lib
[0.857s] creating /home/robot/ros2_ws/install/my_py_pkg/lib/python3.8/site-packages/my_py_pkg
[0.857s] copying /home/robot/ros2_ws/build/my_py_pkg/build/lib/my_py_pkg/__init__.py -> /home/robot/ros2_ws/install/my_py_pkg/lib/python3.8/site-packages/my_py_pkg
[0.858s] byte-compiling /home/robot/ros2_ws/install/my_py_pkg/lib/python3.8/site-packages/my_py_pkg/__init__.py to __init__.cpython-38.pyc
[0.859s] running install_data
[0.859s] creating /home/robot/ros2_ws/install/my_py_pkg/share/ament_index
[0.859s] creating /home/robot/ros2_ws/install/my_py_pkg/share/ament_index/resource_index
[0.859s] creating /home/robot/ros2_ws/install/my_py_pkg/share/ament_index/resource_index/packages
[0.860s] copying resource/my_py_pkg -> /home/robot/ros2_ws/install/my_py_pkg/share/ament_index/resource_index/packages
[0.860s] copying package.xml -> /home/robot/ros2_ws/install/my_py_pkg/share/my_py_pkg
[0.860s] running install_egg_info
[0.861s] Copying ../../build/my_py_pkg/my_py_pkg.egg-info to /home/robot/ros2_ws/install/my_py_pkg/lib/python3.8/site-packages/my_py_pkg-0.0.0-py3.8.egg-info
[0.861s] running install_scripts
[0.875s] writing list of installed files to '/home/robot/ros2_ws/build/my_py_pkg/install.log'
[0.892s] Invoked command in '/home/robot/ros2_ws/src/my_py_pkg' returned '0': PYTHONPATH=/home/robot/ros2_ws/install/my_py_pkg/lib/python3.8/site-packages:${PYTHONPATH} /usr/bin/python3 setup.py egg_info --egg-base ../../build/my_py_pkg build --build-base /home/robot/ros2_ws/build/my_py_pkg/build install --prefix /home/robot/ros2_ws/install/my_py_pkg --record /home/robot/ros2_ws/build/my_py_pkg/install.log --single-version-externally-managed
