[0.131s] DEBUG:colcon:Command line arguments: ['/usr/bin/colcon', 'build', '--packages-select', 'catch_all_turtles']
[0.131s] DEBUG:colcon:Parsed command line arguments: Namespace(allow_overriding=[], ament_cmake_args=None, base_paths=['.'], build_base='build', catkin_cmake_args=None, catkin_skip_building_tests=False, cmake_args=None, cmake_clean_cache=False, cmake_clean_first=False, cmake_force_configure=False, cmake_target=None, cmake_target_skip_unavailable=False, continue_on_error=False, event_handlers=None, executor='parallel', ignore_user_meta=False, install_base='install', log_base=None, log_level=None, main=<bound method BuildVerb.main of <colcon_core.verb.build.BuildVerb object at 0x7f5c99046d00>>, merge_install=False, metas=['./colcon.meta'], packages_above=None, packages_above_and_dependencies=None, packages_above_depth=None, packages_end=None, packages_ignore=None, packages_ignore_regex=None, packages_select=['catch_all_turtles'], packages_select_build_failed=False, packages_select_by_dep=None, packages_select_regex=None, packages_select_test_failures=False, packages_skip=None, packages_skip_build_finished=False, packages_skip_by_dep=None, packages_skip_regex=None, packages_skip_test_passed=False, packages_skip_up_to=None, packages_start=None, packages_up_to=None, packages_up_to_regex=None, parallel_workers=8, paths=None, symlink_install=False, test_result_base=None, verb_extension=<colcon_core.verb.build.BuildVerb object at 0x7f5c99046d00>, verb_name='build', verb_parser=<colcon_defaults.argument_parser.defaults.DefaultArgumentsDecorator object at 0x7f5c990502b0>)
[0.153s] Level 1:colcon.colcon_core.package_discovery:discover_packages(colcon_meta) check parameters
[0.153s] Level 1:colcon.colcon_core.package_discovery:discover_packages(recursive) check parameters
[0.153s] Level 1:colcon.colcon_core.package_discovery:discover_packages(ignore) check parameters
[0.153s] Level 1:colcon.colcon_core.package_discovery:discover_packages(path) check parameters
[0.153s] Level 1:colcon.colcon_core.package_discovery:discover_packages(colcon_meta) discover
[0.153s] Level 1:colcon.colcon_core.package_discovery:discover_packages(recursive) discover
[0.153s] INFO:colcon.colcon_core.package_discovery:Crawling recursively for packages in '/home/robot/ros2_ws/ROS2_Projects'
[0.153s] Level 1:colcon.colcon_core.package_identification:_identify(.) by extensions ['ignore', 'ignore_ament_install']
[0.153s] Level 1:colcon.colcon_core.package_identification:_identify(.) by extension 'ignore'
[0.154s] Level 1:colcon.colcon_core.package_identification:_identify(.) by extension 'ignore_ament_install'
[0.154s] Level 1:colcon.colcon_core.package_identification:_identify(.) by extensions ['colcon_pkg']
[0.154s] Level 1:colcon.colcon_core.package_identification:_identify(.) by extension 'colcon_pkg'
[0.154s] Level 1:colcon.colcon_core.package_identification:_identify(.) by extensions ['colcon_meta']
[0.154s] Level 1:colcon.colcon_core.package_identification:_identify(.) by extension 'colcon_meta'
[0.154s] Level 1:colcon.colcon_core.package_identification:_identify(.) by extensions ['ros']
[0.154s] Level 1:colcon.colcon_core.package_identification:_identify(.) by extension 'ros'
[0.180s] Level 1:colcon.colcon_core.package_identification:_identify(.) by extensions ['cmake', 'python']
[0.180s] Level 1:colcon.colcon_core.package_identification:_identify(.) by extension 'cmake'
[0.180s] Level 1:colcon.colcon_core.package_identification:_identify(.) by extension 'python'
[0.180s] Level 1:colcon.colcon_core.package_identification:_identify(.) by extensions ['python_setup_py']
[0.180s] Level 1:colcon.colcon_core.package_identification:_identify(.) by extension 'python_setup_py'
[0.180s] Level 1:colcon.colcon_core.package_identification:_identify(build) by extensions ['ignore', 'ignore_ament_install']
[0.180s] Level 1:colcon.colcon_core.package_identification:_identify(build) by extension 'ignore'
[0.180s] Level 1:colcon.colcon_core.package_identification:_identify(build) ignored
[0.180s] Level 1:colcon.colcon_core.package_identification:_identify(install) by extensions ['ignore', 'ignore_ament_install']
[0.180s] Level 1:colcon.colcon_core.package_identification:_identify(install) by extension 'ignore'
[0.180s] Level 1:colcon.colcon_core.package_identification:_identify(install) ignored
[0.181s] Level 1:colcon.colcon_core.package_identification:_identify(log) by extensions ['ignore', 'ignore_ament_install']
[0.181s] Level 1:colcon.colcon_core.package_identification:_identify(log) by extension 'ignore'
[0.181s] Level 1:colcon.colcon_core.package_identification:_identify(log) ignored
[0.181s] Level 1:colcon.colcon_core.package_identification:_identify(src) by extensions ['ignore', 'ignore_ament_install']
[0.181s] Level 1:colcon.colcon_core.package_identification:_identify(src) by extension 'ignore'
[0.181s] Level 1:colcon.colcon_core.package_identification:_identify(src) by extension 'ignore_ament_install'
[0.181s] Level 1:colcon.colcon_core.package_identification:_identify(src) by extensions ['colcon_pkg']
[0.181s] Level 1:colcon.colcon_core.package_identification:_identify(src) by extension 'colcon_pkg'
[0.181s] Level 1:colcon.colcon_core.package_identification:_identify(src) by extensions ['colcon_meta']
[0.181s] Level 1:colcon.colcon_core.package_identification:_identify(src) by extension 'colcon_meta'
[0.181s] Level 1:colcon.colcon_core.package_identification:_identify(src) by extensions ['ros']
[0.181s] Level 1:colcon.colcon_core.package_identification:_identify(src) by extension 'ros'
[0.181s] Level 1:colcon.colcon_core.package_identification:_identify(src) by extensions ['cmake', 'python']
[0.181s] Level 1:colcon.colcon_core.package_identification:_identify(src) by extension 'cmake'
[0.181s] Level 1:colcon.colcon_core.package_identification:_identify(src) by extension 'python'
[0.181s] Level 1:colcon.colcon_core.package_identification:_identify(src) by extensions ['python_setup_py']
[0.181s] Level 1:colcon.colcon_core.package_identification:_identify(src) by extension 'python_setup_py'
[0.182s] Level 1:colcon.colcon_core.package_identification:_identify(src/catch_all_turtles) by extensions ['ignore', 'ignore_ament_install']
[0.182s] Level 1:colcon.colcon_core.package_identification:_identify(src/catch_all_turtles) by extension 'ignore'
[0.182s] Level 1:colcon.colcon_core.package_identification:_identify(src/catch_all_turtles) by extension 'ignore_ament_install'
[0.182s] Level 1:colcon.colcon_core.package_identification:_identify(src/catch_all_turtles) by extensions ['colcon_pkg']
[0.182s] Level 1:colcon.colcon_core.package_identification:_identify(src/catch_all_turtles) by extension 'colcon_pkg'
[0.182s] Level 1:colcon.colcon_core.package_identification:_identify(src/catch_all_turtles) by extensions ['colcon_meta']
[0.182s] Level 1:colcon.colcon_core.package_identification:_identify(src/catch_all_turtles) by extension 'colcon_meta'
[0.182s] Level 1:colcon.colcon_core.package_identification:_identify(src/catch_all_turtles) by extensions ['ros']
[0.182s] Level 1:colcon.colcon_core.package_identification:_identify(src/catch_all_turtles) by extension 'ros'
[0.185s] DEBUG:colcon.colcon_core.package_identification:Package 'src/catch_all_turtles' with type 'ros.ament_python' and name 'catch_all_turtles'
[0.185s] Level 1:colcon.colcon_core.package_identification:_identify(src/my_py_pkg) by extensions ['ignore', 'ignore_ament_install']
[0.185s] Level 1:colcon.colcon_core.package_identification:_identify(src/my_py_pkg) by extension 'ignore'
[0.185s] Level 1:colcon.colcon_core.package_identification:_identify(src/my_py_pkg) by extension 'ignore_ament_install'
[0.185s] Level 1:colcon.colcon_core.package_identification:_identify(src/my_py_pkg) by extensions ['colcon_pkg']
[0.185s] Level 1:colcon.colcon_core.package_identification:_identify(src/my_py_pkg) by extension 'colcon_pkg'
[0.185s] Level 1:colcon.colcon_core.package_identification:_identify(src/my_py_pkg) by extensions ['colcon_meta']
[0.185s] Level 1:colcon.colcon_core.package_identification:_identify(src/my_py_pkg) by extension 'colcon_meta'
[0.185s] Level 1:colcon.colcon_core.package_identification:_identify(src/my_py_pkg) by extensions ['ros']
[0.185s] Level 1:colcon.colcon_core.package_identification:_identify(src/my_py_pkg) by extension 'ros'
[0.186s] DEBUG:colcon.colcon_core.package_identification:Package 'src/my_py_pkg' with type 'ros.ament_python' and name 'my_py_pkg'
[0.186s] Level 1:colcon.colcon_core.package_identification:_identify(src/my_robot_bringup) by extensions ['ignore', 'ignore_ament_install']
[0.186s] Level 1:colcon.colcon_core.package_identification:_identify(src/my_robot_bringup) by extension 'ignore'
[0.186s] Level 1:colcon.colcon_core.package_identification:_identify(src/my_robot_bringup) by extension 'ignore_ament_install'
[0.186s] Level 1:colcon.colcon_core.package_identification:_identify(src/my_robot_bringup) by extensions ['colcon_pkg']
[0.186s] Level 1:colcon.colcon_core.package_identification:_identify(src/my_robot_bringup) by extension 'colcon_pkg'
[0.186s] Level 1:colcon.colcon_core.package_identification:_identify(src/my_robot_bringup) by extensions ['colcon_meta']
[0.186s] Level 1:colcon.colcon_core.package_identification:_identify(src/my_robot_bringup) by extension 'colcon_meta'
[0.186s] Level 1:colcon.colcon_core.package_identification:_identify(src/my_robot_bringup) by extensions ['ros']
[0.186s] Level 1:colcon.colcon_core.package_identification:_identify(src/my_robot_bringup) by extension 'ros'
[0.187s] DEBUG:colcon.colcon_core.package_identification:Package 'src/my_robot_bringup' with type 'ros.ament_cmake' and name 'my_robot_bringup'
[0.187s] Level 1:colcon.colcon_core.package_identification:_identify(src/my_robot_interfaces) by extensions ['ignore', 'ignore_ament_install']
[0.187s] Level 1:colcon.colcon_core.package_identification:_identify(src/my_robot_interfaces) by extension 'ignore'
[0.187s] Level 1:colcon.colcon_core.package_identification:_identify(src/my_robot_interfaces) by extension 'ignore_ament_install'
[0.187s] Level 1:colcon.colcon_core.package_identification:_identify(src/my_robot_interfaces) by extensions ['colcon_pkg']
[0.187s] Level 1:colcon.colcon_core.package_identification:_identify(src/my_robot_interfaces) by extension 'colcon_pkg'
[0.187s] Level 1:colcon.colcon_core.package_identification:_identify(src/my_robot_interfaces) by extensions ['colcon_meta']
[0.187s] Level 1:colcon.colcon_core.package_identification:_identify(src/my_robot_interfaces) by extension 'colcon_meta'
[0.187s] Level 1:colcon.colcon_core.package_identification:_identify(src/my_robot_interfaces) by extensions ['ros']
[0.187s] Level 1:colcon.colcon_core.package_identification:_identify(src/my_robot_interfaces) by extension 'ros'
[0.188s] DEBUG:colcon.colcon_core.package_identification:Package 'src/my_robot_interfaces' with type 'ros.ament_cmake' and name 'my_robot_interfaces'
[0.188s] Level 1:colcon.colcon_core.package_discovery:discover_packages(recursive) using defaults
[0.188s] Level 1:colcon.colcon_core.package_discovery:discover_packages(ignore) discover
[0.188s] Level 1:colcon.colcon_core.package_discovery:discover_packages(ignore) using defaults
[0.188s] Level 1:colcon.colcon_core.package_discovery:discover_packages(path) discover
[0.188s] Level 1:colcon.colcon_core.package_discovery:discover_packages(path) using defaults
[0.207s] INFO:colcon.colcon_core.package_selection:Skipping not selected package 'my_robot_interfaces' in 'src/my_robot_interfaces'
[0.207s] INFO:colcon.colcon_core.package_selection:Skipping not selected package 'my_py_pkg' in 'src/my_py_pkg'
[0.207s] INFO:colcon.colcon_core.package_selection:Skipping not selected package 'my_robot_bringup' in 'src/my_robot_bringup'
[0.208s] Level 1:colcon.colcon_core.package_discovery:discover_packages(prefix_path) check parameters
[0.208s] Level 1:colcon.colcon_core.package_discovery:discover_packages(prefix_path) discover
[0.210s] DEBUG:colcon.colcon_installed_package_information.package_discovery:Found 5 installed packages in /home/robot/ros2_ws/ROS2_Projects/install
[0.212s] DEBUG:colcon.colcon_installed_package_information.package_discovery:Found 256 installed packages in /opt/ros/foxy
[0.214s] Level 1:colcon.colcon_core.package_discovery:discover_packages(prefix_path) using defaults
[0.269s] Level 5:colcon.colcon_core.verb:set package 'catch_all_turtles' build argument 'cmake_args' from command line to 'None'
[0.270s] Level 5:colcon.colcon_core.verb:set package 'catch_all_turtles' build argument 'cmake_target' from command line to 'None'
[0.270s] Level 5:colcon.colcon_core.verb:set package 'catch_all_turtles' build argument 'cmake_target_skip_unavailable' from command line to 'False'
[0.270s] Level 5:colcon.colcon_core.verb:set package 'catch_all_turtles' build argument 'cmake_clean_cache' from command line to 'False'
[0.270s] Level 5:colcon.colcon_core.verb:set package 'catch_all_turtles' build argument 'cmake_clean_first' from command line to 'False'
[0.270s] Level 5:colcon.colcon_core.verb:set package 'catch_all_turtles' build argument 'cmake_force_configure' from command line to 'False'
[0.270s] Level 5:colcon.colcon_core.verb:set package 'catch_all_turtles' build argument 'ament_cmake_args' from command line to 'None'
[0.270s] Level 5:colcon.colcon_core.verb:set package 'catch_all_turtles' build argument 'catkin_cmake_args' from command line to 'None'
[0.270s] Level 5:colcon.colcon_core.verb:set package 'catch_all_turtles' build argument 'catkin_skip_building_tests' from command line to 'False'
[0.270s] DEBUG:colcon.colcon_core.verb:Building package 'catch_all_turtles' with the following arguments: {'ament_cmake_args': None, 'build_base': '/home/robot/ros2_ws/ROS2_Projects/build/catch_all_turtles', 'catkin_cmake_args': None, 'catkin_skip_building_tests': False, 'cmake_args': None, 'cmake_clean_cache': False, 'cmake_clean_first': False, 'cmake_force_configure': False, 'cmake_target': None, 'cmake_target_skip_unavailable': False, 'install_base': '/home/robot/ros2_ws/ROS2_Projects/install/catch_all_turtles', 'merge_install': False, 'path': '/home/robot/ros2_ws/ROS2_Projects/src/catch_all_turtles', 'symlink_install': False, 'test_result_base': None}
[0.271s] INFO:colcon.colcon_core.executor:Executing jobs using 'parallel' executor
[0.274s] DEBUG:colcon.colcon_parallel_executor.executor.parallel:run_until_complete
[0.275s] INFO:colcon.colcon_ros.task.ament_python.build:Building ROS package in '/home/robot/ros2_ws/ROS2_Projects/src/catch_all_turtles' with build type 'ament_python'
[0.275s] Level 1:colcon.colcon_core.shell:create_environment_hook('catch_all_turtles', 'ament_prefix_path')
[0.279s] INFO:colcon.colcon_core.plugin_system:Skipping extension 'colcon_core.shell.bat': Not used on non-Windows systems
[0.279s] INFO:colcon.colcon_core.shell:Creating environment hook '/home/robot/ros2_ws/ROS2_Projects/install/catch_all_turtles/share/catch_all_turtles/hook/ament_prefix_path.ps1'
[0.280s] INFO:colcon.colcon_core.shell:Creating environment descriptor '/home/robot/ros2_ws/ROS2_Projects/install/catch_all_turtles/share/catch_all_turtles/hook/ament_prefix_path.dsv'
[0.280s] INFO:colcon.colcon_core.shell:Creating environment hook '/home/robot/ros2_ws/ROS2_Projects/install/catch_all_turtles/share/catch_all_turtles/hook/ament_prefix_path.sh'
[0.282s] INFO:colcon.colcon_core.shell:Skip shell extension 'powershell' for command environment: Not usable outside of PowerShell
[0.282s] DEBUG:colcon.colcon_core.shell:Skip shell extension 'dsv' for command environment
[0.487s] INFO:colcon.colcon_core.task.python.build:Building Python package in '/home/robot/ros2_ws/ROS2_Projects/src/catch_all_turtles'
[0.489s] INFO:colcon.colcon_core.shell:Skip shell extension 'powershell' for command environment: Not usable outside of PowerShell
[0.489s] DEBUG:colcon.colcon_core.shell:Skip shell extension 'dsv' for command environment
[0.857s] DEBUG:colcon.colcon_core.event_handler.log_command:Invoking command in '/home/robot/ros2_ws/ROS2_Projects/build/catch_all_turtles': CMAKE_PREFIX_PATH=/home/robot/ros2_ws/ROS2_Projects/install/my_robot_interfaces:/home/robot/ros2_ws/ROS2_Projects/install/my_robot_bringup PYTHONPATH=/home/robot/ros2_ws/ROS2_Projects/install/catch_all_turtles/lib/python3.8/site-packages:/home/robot/ros2_ws/ROS2_Projects/install/my_robot_interfaces/lib/python3.8/site-packages:/home/robot/ros2_ws/ROS2_Projects/install/my_py_pkg/lib/python3.8/site-packages:/home/robot/ros2_ws/ROS2_Projects/build/catch_all_turtles:/home/robot/ros2_ws/ROS2_Projects/install/catch_all_turtles/lib/python3.8/site-packages:/home/robot/ros2_ws/ROS2_Projects/build/catch_all_turtle:/home/robot/ros2_ws/ROS2_Projects/install/catch_all_turtle/lib/python3.8/site-packages:/opt/ros/foxy/lib/python3.8/site-packages /usr/bin/python3 setup.py develop --prefix /home/robot/ros2_ws/ROS2_Projects/install/catch_all_turtles --uninstall --editable --build-directory /home/robot/ros2_ws/ROS2_Projects/build/catch_all_turtles/build
[1.207s] DEBUG:colcon.colcon_core.event_handler.log_command:Invoked command in '/home/robot/ros2_ws/ROS2_Projects/build/catch_all_turtles' returned '0': CMAKE_PREFIX_PATH=/home/robot/ros2_ws/ROS2_Projects/install/my_robot_interfaces:/home/robot/ros2_ws/ROS2_Projects/install/my_robot_bringup PYTHONPATH=/home/robot/ros2_ws/ROS2_Projects/install/catch_all_turtles/lib/python3.8/site-packages:/home/robot/ros2_ws/ROS2_Projects/install/my_robot_interfaces/lib/python3.8/site-packages:/home/robot/ros2_ws/ROS2_Projects/install/my_py_pkg/lib/python3.8/site-packages:/home/robot/ros2_ws/ROS2_Projects/build/catch_all_turtles:/home/robot/ros2_ws/ROS2_Projects/install/catch_all_turtles/lib/python3.8/site-packages:/home/robot/ros2_ws/ROS2_Projects/build/catch_all_turtle:/home/robot/ros2_ws/ROS2_Projects/install/catch_all_turtle/lib/python3.8/site-packages:/opt/ros/foxy/lib/python3.8/site-packages /usr/bin/python3 setup.py develop --prefix /home/robot/ros2_ws/ROS2_Projects/install/catch_all_turtles --uninstall --editable --build-directory /home/robot/ros2_ws/ROS2_Projects/build/catch_all_turtles/build
[1.208s] DEBUG:colcon.colcon_core.event_handler.log_command:Invoking command in '/home/robot/ros2_ws/ROS2_Projects/src/catch_all_turtles': CMAKE_PREFIX_PATH=/home/robot/ros2_ws/ROS2_Projects/install/my_robot_interfaces:/home/robot/ros2_ws/ROS2_Projects/install/my_robot_bringup PYTHONPATH=/home/robot/ros2_ws/ROS2_Projects/install/catch_all_turtles/lib/python3.8/site-packages:/home/robot/ros2_ws/ROS2_Projects/install/my_robot_interfaces/lib/python3.8/site-packages:/home/robot/ros2_ws/ROS2_Projects/install/my_py_pkg/lib/python3.8/site-packages:/home/robot/ros2_ws/ROS2_Projects/build/catch_all_turtles:/home/robot/ros2_ws/ROS2_Projects/install/catch_all_turtles/lib/python3.8/site-packages:/home/robot/ros2_ws/ROS2_Projects/build/catch_all_turtle:/home/robot/ros2_ws/ROS2_Projects/install/catch_all_turtle/lib/python3.8/site-packages:/opt/ros/foxy/lib/python3.8/site-packages /usr/bin/python3 setup.py egg_info --egg-base ../../build/catch_all_turtles build --build-base /home/robot/ros2_ws/ROS2_Projects/build/catch_all_turtles/build install --prefix /home/robot/ros2_ws/ROS2_Projects/install/catch_all_turtles --record /home/robot/ros2_ws/ROS2_Projects/build/catch_all_turtles/install.log --single-version-externally-managed
[1.468s] DEBUG:colcon.colcon_core.event_handler.log_command:Invoked command in '/home/robot/ros2_ws/ROS2_Projects/src/catch_all_turtles' returned '0': CMAKE_PREFIX_PATH=/home/robot/ros2_ws/ROS2_Projects/install/my_robot_interfaces:/home/robot/ros2_ws/ROS2_Projects/install/my_robot_bringup PYTHONPATH=/home/robot/ros2_ws/ROS2_Projects/install/catch_all_turtles/lib/python3.8/site-packages:/home/robot/ros2_ws/ROS2_Projects/install/my_robot_interfaces/lib/python3.8/site-packages:/home/robot/ros2_ws/ROS2_Projects/install/my_py_pkg/lib/python3.8/site-packages:/home/robot/ros2_ws/ROS2_Projects/build/catch_all_turtles:/home/robot/ros2_ws/ROS2_Projects/install/catch_all_turtles/lib/python3.8/site-packages:/home/robot/ros2_ws/ROS2_Projects/build/catch_all_turtle:/home/robot/ros2_ws/ROS2_Projects/install/catch_all_turtle/lib/python3.8/site-packages:/opt/ros/foxy/lib/python3.8/site-packages /usr/bin/python3 setup.py egg_info --egg-base ../../build/catch_all_turtles build --build-base /home/robot/ros2_ws/ROS2_Projects/build/catch_all_turtles/build install --prefix /home/robot/ros2_ws/ROS2_Projects/install/catch_all_turtles --record /home/robot/ros2_ws/ROS2_Projects/build/catch_all_turtles/install.log --single-version-externally-managed
[1.473s] Level 1:colcon.colcon_core.environment:checking '/home/robot/ros2_ws/ROS2_Projects/install/catch_all_turtles' for CMake module files
[1.473s] Level 1:colcon.colcon_core.environment:checking '/home/robot/ros2_ws/ROS2_Projects/install/catch_all_turtles' for CMake config files
[1.474s] Level 1:colcon.colcon_core.environment:checking '/home/robot/ros2_ws/ROS2_Projects/install/catch_all_turtles/lib'
[1.474s] Level 1:colcon.colcon_core.environment:checking '/home/robot/ros2_ws/ROS2_Projects/install/catch_all_turtles/bin'
[1.474s] Level 1:colcon.colcon_core.environment:checking '/home/robot/ros2_ws/ROS2_Projects/install/catch_all_turtles/lib/pkgconfig/catch_all_turtles.pc'
[1.475s] Level 1:colcon.colcon_core.environment:checking '/home/robot/ros2_ws/ROS2_Projects/install/catch_all_turtles/lib/python3.8/site-packages'
[1.475s] Level 1:colcon.colcon_core.shell:create_environment_hook('catch_all_turtles', 'pythonpath')
[1.477s] INFO:colcon.colcon_core.shell:Creating environment hook '/home/robot/ros2_ws/ROS2_Projects/install/catch_all_turtles/share/catch_all_turtles/hook/pythonpath.ps1'
[1.478s] INFO:colcon.colcon_core.shell:Creating environment descriptor '/home/robot/ros2_ws/ROS2_Projects/install/catch_all_turtles/share/catch_all_turtles/hook/pythonpath.dsv'
[1.478s] INFO:colcon.colcon_core.shell:Creating environment hook '/home/robot/ros2_ws/ROS2_Projects/install/catch_all_turtles/share/catch_all_turtles/hook/pythonpath.sh'
[1.479s] Level 1:colcon.colcon_core.environment:checking '/home/robot/ros2_ws/ROS2_Projects/install/catch_all_turtles/bin'
[1.479s] Level 1:colcon.colcon_core.environment:create_environment_scripts_only(catch_all_turtles)
[1.480s] INFO:colcon.colcon_core.shell:Creating package script '/home/robot/ros2_ws/ROS2_Projects/install/catch_all_turtles/share/catch_all_turtles/package.ps1'
[1.481s] INFO:colcon.colcon_core.shell:Creating package descriptor '/home/robot/ros2_ws/ROS2_Projects/install/catch_all_turtles/share/catch_all_turtles/package.dsv'
[1.481s] INFO:colcon.colcon_core.shell:Creating package script '/home/robot/ros2_ws/ROS2_Projects/install/catch_all_turtles/share/catch_all_turtles/package.sh'
[1.482s] INFO:colcon.colcon_core.shell:Creating package script '/home/robot/ros2_ws/ROS2_Projects/install/catch_all_turtles/share/catch_all_turtles/package.bash'
[1.483s] INFO:colcon.colcon_core.shell:Creating package script '/home/robot/ros2_ws/ROS2_Projects/install/catch_all_turtles/share/catch_all_turtles/package.zsh'
[1.483s] Level 1:colcon.colcon_core.environment:create_file_with_runtime_dependencies(/home/robot/ros2_ws/ROS2_Projects/install/catch_all_turtles/share/colcon-core/packages/catch_all_turtles)
[1.483s] DEBUG:colcon.colcon_parallel_executor.executor.parallel:closing loop
[1.484s] DEBUG:colcon.colcon_parallel_executor.executor.parallel:loop closed
[1.484s] DEBUG:colcon.colcon_parallel_executor.executor.parallel:run_until_complete finished with '0'
[1.484s] DEBUG:colcon.colcon_core.event_reactor:joining thread
[1.491s] INFO:colcon.colcon_core.plugin_system:Skipping extension 'colcon_notification.desktop_notification.terminal_notifier': Not used on non-Darwin systems
[1.491s] INFO:colcon.colcon_core.plugin_system:Skipping extension 'colcon_notification.desktop_notification.win32': Not used on non-Windows systems
[1.491s] INFO:colcon.colcon_notification.desktop_notification:Sending desktop notification using 'notify2'
[1.506s] DEBUG:colcon.colcon_core.event_reactor:joined thread
[1.507s] INFO:colcon.colcon_core.shell:Creating prefix script '/home/robot/ros2_ws/ROS2_Projects/install/local_setup.ps1'
[1.508s] INFO:colcon.colcon_core.shell:Creating prefix util module '/home/robot/ros2_ws/ROS2_Projects/install/_local_setup_util_ps1.py'
[1.510s] INFO:colcon.colcon_core.shell:Creating prefix chain script '/home/robot/ros2_ws/ROS2_Projects/install/setup.ps1'
[1.511s] INFO:colcon.colcon_core.shell:Creating prefix script '/home/robot/ros2_ws/ROS2_Projects/install/local_setup.sh'
[1.512s] INFO:colcon.colcon_core.shell:Creating prefix util module '/home/robot/ros2_ws/ROS2_Projects/install/_local_setup_util_sh.py'
[1.512s] INFO:colcon.colcon_core.shell:Creating prefix chain script '/home/robot/ros2_ws/ROS2_Projects/install/setup.sh'
[1.514s] INFO:colcon.colcon_core.shell:Creating prefix script '/home/robot/ros2_ws/ROS2_Projects/install/local_setup.bash'
[1.514s] INFO:colcon.colcon_core.shell:Creating prefix chain script '/home/robot/ros2_ws/ROS2_Projects/install/setup.bash'
[1.516s] INFO:colcon.colcon_core.shell:Creating prefix script '/home/robot/ros2_ws/ROS2_Projects/install/local_setup.zsh'
[1.516s] INFO:colcon.colcon_core.shell:Creating prefix chain script '/home/robot/ros2_ws/ROS2_Projects/install/setup.zsh'
