[0.574s] Invoking command in '/home/robot/ros2_ws/ROS2_Projects/build/my_py_pkg': PYTHONPATH=/home/robot/ros2_ws/ROS2_Projects/install/my_py_pkg/lib/python3.8/site-packages:/home/robot/ros2_ws/ROS2_Projects/install/my_robot_interfaces/lib/python3.8/site-packages:/home/robot/ros2_ws/ROS2_Projects/install/my_py_pkg/lib/python3.8/site-packages:/opt/ros/foxy/lib/python3.8/site-packages /usr/bin/python3 setup.py develop --prefix /home/robot/ros2_ws/ROS2_Projects/install/my_py_pkg --uninstall --editable --build-directory /home/robot/ros2_ws/ROS2_Projects/build/my_py_pkg/build
[0.778s] running develop
[0.915s] Invoked command in '/home/robot/ros2_ws/ROS2_Projects/build/my_py_pkg' returned '0': PYTHONPATH=/home/robot/ros2_ws/ROS2_Projects/install/my_py_pkg/lib/python3.8/site-packages:/home/robot/ros2_ws/ROS2_Projects/install/my_robot_interfaces/lib/python3.8/site-packages:/home/robot/ros2_ws/ROS2_Projects/install/my_py_pkg/lib/python3.8/site-packages:/opt/ros/foxy/lib/python3.8/site-packages /usr/bin/python3 setup.py develop --prefix /home/robot/ros2_ws/ROS2_Projects/install/my_py_pkg --uninstall --editable --build-directory /home/robot/ros2_ws/ROS2_Projects/build/my_py_pkg/build
[0.915s] Invoking command in '/home/robot/ros2_ws/ROS2_Projects/src/my_py_pkg': PYTHONPATH=/home/robot/ros2_ws/ROS2_Projects/install/my_py_pkg/lib/python3.8/site-packages:/home/robot/ros2_ws/ROS2_Projects/install/my_robot_interfaces/lib/python3.8/site-packages:/home/robot/ros2_ws/ROS2_Projects/install/my_py_pkg/lib/python3.8/site-packages:/opt/ros/foxy/lib/python3.8/site-packages /usr/bin/python3 setup.py egg_info --egg-base ../../build/my_py_pkg build --build-base /home/robot/ros2_ws/ROS2_Projects/build/my_py_pkg/build install --prefix /home/robot/ros2_ws/ROS2_Projects/install/my_py_pkg --record /home/robot/ros2_ws/ROS2_Projects/build/my_py_pkg/install.log --single-version-externally-managed
[1.100s] running egg_info
[1.100s] writing ../../build/my_py_pkg/my_py_pkg.egg-info/PKG-INFO
[1.101s] writing dependency_links to ../../build/my_py_pkg/my_py_pkg.egg-info/dependency_links.txt
[1.101s] writing entry points to ../../build/my_py_pkg/my_py_pkg.egg-info/entry_points.txt
[1.101s] writing requirements to ../../build/my_py_pkg/my_py_pkg.egg-info/requires.txt
[1.101s] writing top-level names to ../../build/my_py_pkg/my_py_pkg.egg-info/top_level.txt
[1.129s] reading manifest file '../../build/my_py_pkg/my_py_pkg.egg-info/SOURCES.txt'
[1.130s] writing manifest file '../../build/my_py_pkg/my_py_pkg.egg-info/SOURCES.txt'
[1.130s] running build
[1.130s] running build_py
[1.131s] running install
[1.132s] running install_lib
[1.133s] running install_data
[1.133s] running install_egg_info
[1.135s] removing '/home/robot/ros2_ws/ROS2_Projects/install/my_py_pkg/lib/python3.8/site-packages/my_py_pkg-0.0.0-py3.8.egg-info' (and everything under it)
[1.135s] Copying ../../build/my_py_pkg/my_py_pkg.egg-info to /home/robot/ros2_ws/ROS2_Projects/install/my_py_pkg/lib/python3.8/site-packages/my_py_pkg-0.0.0-py3.8.egg-info
[1.136s] running install_scripts
[1.149s] Installing add_two_ints_client script to /home/robot/ros2_ws/ROS2_Projects/install/my_py_pkg/lib/my_py_pkg
[1.149s] Installing add_two_ints_server script to /home/robot/ros2_ws/ROS2_Projects/install/my_py_pkg/lib/my_py_pkg
[1.149s] Installing hw_status_publisher script to /home/robot/ros2_ws/ROS2_Projects/install/my_py_pkg/lib/my_py_pkg
[1.149s] Installing led_panel_node script to /home/robot/ros2_ws/ROS2_Projects/install/my_py_pkg/lib/my_py_pkg
[1.150s] Installing num_publisher script to /home/robot/ros2_ws/ROS2_Projects/install/my_py_pkg/lib/my_py_pkg
[1.150s] Installing number_counter script to /home/robot/ros2_ws/ROS2_Projects/install/my_py_pkg/lib/my_py_pkg
[1.150s] Installing py_node script to /home/robot/ros2_ws/ROS2_Projects/install/my_py_pkg/lib/my_py_pkg
[1.150s] Installing robot_news_station script to /home/robot/ros2_ws/ROS2_Projects/install/my_py_pkg/lib/my_py_pkg
[1.150s] Installing smartphone script to /home/robot/ros2_ws/ROS2_Projects/install/my_py_pkg/lib/my_py_pkg
[1.150s] writing list of installed files to '/home/robot/ros2_ws/ROS2_Projects/build/my_py_pkg/install.log'
[1.169s] Invoked command in '/home/robot/ros2_ws/ROS2_Projects/src/my_py_pkg' returned '0': PYTHONPATH=/home/robot/ros2_ws/ROS2_Projects/install/my_py_pkg/lib/python3.8/site-packages:/home/robot/ros2_ws/ROS2_Projects/install/my_robot_interfaces/lib/python3.8/site-packages:/home/robot/ros2_ws/ROS2_Projects/install/my_py_pkg/lib/python3.8/site-packages:/opt/ros/foxy/lib/python3.8/site-packages /usr/bin/python3 setup.py egg_info --egg-base ../../build/my_py_pkg build --build-base /home/robot/ros2_ws/ROS2_Projects/build/my_py_pkg/build install --prefix /home/robot/ros2_ws/ROS2_Projects/install/my_py_pkg --record /home/robot/ros2_ws/ROS2_Projects/build/my_py_pkg/install.log --single-version-externally-managed
