[0.624s] Invoking command in '/home/robot/ros2_ws/ROS2_Projects/build/my_py_pkg': PYTHONPATH=/home/robot/ros2_ws/ROS2_Projects/install/my_py_pkg/lib/python3.8/site-packages:${PYTHONPATH} /usr/bin/python3 setup.py develop --prefix /home/robot/ros2_ws/ROS2_Projects/install/my_py_pkg --editable --build-directory /home/robot/ros2_ws/ROS2_Projects/build/my_py_pkg/build --no-deps install_data --install-dir /home/robot/ros2_ws/ROS2_Projects/install/my_py_pkg
[0.825s] running develop
[0.944s] running egg_info
[0.944s] writing my_py_pkg.egg-info/PKG-INFO
[0.944s] writing dependency_links to my_py_pkg.egg-info/dependency_links.txt
[0.944s] writing entry points to my_py_pkg.egg-info/entry_points.txt
[0.944s] writing requirements to my_py_pkg.egg-info/requires.txt
[0.944s] writing top-level names to my_py_pkg.egg-info/top_level.txt
[0.972s] reading manifest file 'my_py_pkg.egg-info/SOURCES.txt'
[0.973s] writing manifest file 'my_py_pkg.egg-info/SOURCES.txt'
[1.000s] running build_ext
[1.001s] Creating /home/robot/ros2_ws/ROS2_Projects/install/my_py_pkg/lib/python3.8/site-packages/my-py-pkg.egg-link (link to .)
[1.001s] Installing add_two_ints_server script to /home/robot/ros2_ws/ROS2_Projects/install/my_py_pkg/lib/my_py_pkg
[1.002s] Installing num_publisher script to /home/robot/ros2_ws/ROS2_Projects/install/my_py_pkg/lib/my_py_pkg
[1.002s] Installing number_counter script to /home/robot/ros2_ws/ROS2_Projects/install/my_py_pkg/lib/my_py_pkg
[1.002s] Installing py_node script to /home/robot/ros2_ws/ROS2_Projects/install/my_py_pkg/lib/my_py_pkg
[1.002s] Installing robot_news_station script to /home/robot/ros2_ws/ROS2_Projects/install/my_py_pkg/lib/my_py_pkg
[1.002s] Installing smartphone script to /home/robot/ros2_ws/ROS2_Projects/install/my_py_pkg/lib/my_py_pkg
[1.002s] 
[1.002s] Installed /home/robot/ros2_ws/ROS2_Projects/build/my_py_pkg
[1.002s] running install_data
[1.027s] Invoked command in '/home/robot/ros2_ws/ROS2_Projects/build/my_py_pkg' returned '0': PYTHONPATH=/home/robot/ros2_ws/ROS2_Projects/install/my_py_pkg/lib/python3.8/site-packages:${PYTHONPATH} /usr/bin/python3 setup.py develop --prefix /home/robot/ros2_ws/ROS2_Projects/install/my_py_pkg --editable --build-directory /home/robot/ros2_ws/ROS2_Projects/build/my_py_pkg/build --no-deps install_data --install-dir /home/robot/ros2_ws/ROS2_Projects/install/my_py_pkg
