[0.618s] Invoking command in '/home/robot/ros2_ws/build/my_py_pkg': PYTHONPATH=/home/robot/ros2_ws/install/my_py_pkg/lib/python3.8/site-packages:${PYTHONPATH} /usr/bin/python3 setup.py develop --prefix /home/robot/ros2_ws/install/my_py_pkg --editable --build-directory /home/robot/ros2_ws/build/my_py_pkg/build --no-deps install_data --install-dir /home/robot/ros2_ws/install/my_py_pkg
[0.830s] running develop
[0.953s] running egg_info
[0.953s] writing my_py_pkg.egg-info/PKG-INFO
[0.953s] writing dependency_links to my_py_pkg.egg-info/dependency_links.txt
[0.953s] writing entry points to my_py_pkg.egg-info/entry_points.txt
[0.953s] writing requirements to my_py_pkg.egg-info/requires.txt
[0.953s] writing top-level names to my_py_pkg.egg-info/top_level.txt
[0.981s] reading manifest file 'my_py_pkg.egg-info/SOURCES.txt'
[0.982s] writing manifest file 'my_py_pkg.egg-info/SOURCES.txt'
[1.009s] running build_ext
[1.010s] Creating /home/robot/ros2_ws/install/my_py_pkg/lib/python3.8/site-packages/my-py-pkg.egg-link (link to .)
[1.011s] Installing number_pusblisher script to /home/robot/ros2_ws/install/my_py_pkg/lib/my_py_pkg
[1.011s] Installing py_node script to /home/robot/ros2_ws/install/my_py_pkg/lib/my_py_pkg
[1.011s] Installing robot_news_station script to /home/robot/ros2_ws/install/my_py_pkg/lib/my_py_pkg
[1.012s] Installing smartphone script to /home/robot/ros2_ws/install/my_py_pkg/lib/my_py_pkg
[1.012s] 
[1.012s] Installed /home/robot/ros2_ws/build/my_py_pkg
[1.012s] running install_data
[1.037s] Invoked command in '/home/robot/ros2_ws/build/my_py_pkg' returned '0': PYTHONPATH=/home/robot/ros2_ws/install/my_py_pkg/lib/python3.8/site-packages:${PYTHONPATH} /usr/bin/python3 setup.py develop --prefix /home/robot/ros2_ws/install/my_py_pkg --editable --build-directory /home/robot/ros2_ws/build/my_py_pkg/build --no-deps install_data --install-dir /home/robot/ros2_ws/install/my_py_pkg
