[0.016s] Invoking command in '/home/robot/ros2_ws/ROS2_Projects/build/my_robot_bringup': CMAKE_PREFIX_PATH=${CMAKE_PREFIX_PATH}:/home/robot/ros2_ws/ROS2_Projects/install/my_py_pkg:/opt/ros/foxy /usr/bin/cmake --build /home/robot/ros2_ws/ROS2_Projects/build/my_robot_bringup -- -j8 -l8
[0.037s] -- Found ament_cmake: 0.9.9 (/opt/ros/foxy/share/ament_cmake/cmake)
[0.062s] -- Using PYTHON_EXECUTABLE: /usr/bin/python3
[0.216s] -- Override CMake install command with custom implementation using symlinks instead of copying resources
[0.288s] -- Configuring done
[0.290s] -- Generating done
[0.291s] -- Build files have been written to: /home/robot/ros2_ws/ROS2_Projects/build/my_robot_bringup
[0.310s] Invoked command in '/home/robot/ros2_ws/ROS2_Projects/build/my_robot_bringup' returned '0': CMAKE_PREFIX_PATH=${CMAKE_PREFIX_PATH}:/home/robot/ros2_ws/ROS2_Projects/install/my_py_pkg:/opt/ros/foxy /usr/bin/cmake --build /home/robot/ros2_ws/ROS2_Projects/build/my_robot_bringup -- -j8 -l8
[0.336s] Invoking command in '/home/robot/ros2_ws/ROS2_Projects/build/my_robot_bringup': CMAKE_PREFIX_PATH=${CMAKE_PREFIX_PATH}:/home/robot/ros2_ws/ROS2_Projects/install/my_py_pkg:/opt/ros/foxy /usr/bin/cmake --install /home/robot/ros2_ws/ROS2_Projects/build/my_robot_bringup
[0.343s] -- Install configuration: ""
[0.344s] -- Execute custom install script
[0.344s] -- Up-to-date symlink: /home/robot/ros2_ws/ROS2_Projects/install/my_robot_bringup/share/my_robot_bringup/launch/number_app.launch.py
[0.345s] -- Up-to-date symlink: /home/robot/ros2_ws/ROS2_Projects/install/my_robot_bringup/share/ament_index/resource_index/package_run_dependencies/my_robot_bringup
[0.345s] -- Up-to-date symlink: /home/robot/ros2_ws/ROS2_Projects/install/my_robot_bringup/share/ament_index/resource_index/parent_prefix_path/my_robot_bringup
[0.345s] -- Up-to-date symlink: /home/robot/ros2_ws/ROS2_Projects/install/my_robot_bringup/share/my_robot_bringup/environment/ament_prefix_path.sh
[0.345s] -- Up-to-date symlink: /home/robot/ros2_ws/ROS2_Projects/install/my_robot_bringup/share/my_robot_bringup/environment/ament_prefix_path.dsv
[0.345s] -- Up-to-date symlink: /home/robot/ros2_ws/ROS2_Projects/install/my_robot_bringup/share/my_robot_bringup/environment/path.sh
[0.346s] -- Up-to-date symlink: /home/robot/ros2_ws/ROS2_Projects/install/my_robot_bringup/share/my_robot_bringup/environment/path.dsv
[0.346s] -- Up-to-date symlink: /home/robot/ros2_ws/ROS2_Projects/install/my_robot_bringup/share/my_robot_bringup/local_setup.bash
[0.346s] -- Up-to-date symlink: /home/robot/ros2_ws/ROS2_Projects/install/my_robot_bringup/share/my_robot_bringup/local_setup.sh
[0.346s] -- Up-to-date symlink: /home/robot/ros2_ws/ROS2_Projects/install/my_robot_bringup/share/my_robot_bringup/local_setup.zsh
[0.347s] -- Up-to-date symlink: /home/robot/ros2_ws/ROS2_Projects/install/my_robot_bringup/share/my_robot_bringup/local_setup.dsv
[0.347s] -- Symlinking: /home/robot/ros2_ws/ROS2_Projects/install/my_robot_bringup/share/my_robot_bringup/package.dsv
[0.355s] -- Up-to-date symlink: /home/robot/ros2_ws/ROS2_Projects/install/my_robot_bringup/share/ament_index/resource_index/packages/my_robot_bringup
[0.355s] -- Up-to-date symlink: /home/robot/ros2_ws/ROS2_Projects/install/my_robot_bringup/share/my_robot_bringup/cmake/my_robot_bringupConfig.cmake
[0.355s] -- Up-to-date symlink: /home/robot/ros2_ws/ROS2_Projects/install/my_robot_bringup/share/my_robot_bringup/cmake/my_robot_bringupConfig-version.cmake
[0.356s] -- Up-to-date symlink: /home/robot/ros2_ws/ROS2_Projects/install/my_robot_bringup/share/my_robot_bringup/package.xml
[0.358s] Invoked command in '/home/robot/ros2_ws/ROS2_Projects/build/my_robot_bringup' returned '0': CMAKE_PREFIX_PATH=${CMAKE_PREFIX_PATH}:/home/robot/ros2_ws/ROS2_Projects/install/my_py_pkg:/opt/ros/foxy /usr/bin/cmake --install /home/robot/ros2_ws/ROS2_Projects/build/my_robot_bringup
