[0.014s] Invoking command in '/home/robot/ros2_ws/ROS2_Projects/build/my_robot_interfaces': CMAKE_PREFIX_PATH=/home/robot/ros2_ws/ROS2_Projects/install/my_py_pkg:/opt/ros/foxy /usr/bin/cmake /home/robot/ros2_ws/ROS2_Projects/src/my_robot_interfaces -DCMAKE_INSTALL_PREFIX=/home/robot/ros2_ws/ROS2_Projects/install/my_robot_interfaces
[0.207s] -- The C compiler identification is GNU 9.4.0
[0.373s] -- The CXX compiler identification is GNU 9.4.0
[0.381s] -- Check for working C compiler: /usr/bin/cc
[0.438s] -- Check for working C compiler: /usr/bin/cc -- works
[0.439s] -- Detecting C compiler ABI info
[0.498s] -- Detecting C compiler ABI info - done
[0.509s] -- Detecting C compile features
[0.510s] -- Detecting C compile features - done
[0.513s] -- Check for working CXX compiler: /usr/bin/c++
[0.580s] -- Check for working CXX compiler: /usr/bin/c++ -- works
[0.581s] -- Detecting CXX compiler ABI info
[0.650s] -- Detecting CXX compiler ABI info - done
[0.662s] -- Detecting CXX compile features
[0.662s] -- Detecting CXX compile features - done
[0.666s] -- Found ament_cmake: 0.9.9 (/opt/ros/foxy/share/ament_cmake/cmake)
[0.697s] -- Found PythonInterp: /usr/bin/python3 (found suitable version "3.8.10", minimum required is "3") 
[0.697s] -- Using PYTHON_EXECUTABLE: /usr/bin/python3
[0.887s] -- Found rosidl_default_generators: 1.0.1 (/opt/ros/foxy/share/rosidl_default_generators/cmake)
[0.892s] -- Using all available rosidl_typesupport_c: rosidl_typesupport_fastrtps_c;rosidl_typesupport_introspection_c
[0.900s] -- Found rosidl_adapter: 1.2.1 (/opt/ros/foxy/share/rosidl_adapter/cmake)
[0.990s] -- Found OpenSSL: /usr/lib/x86_64-linux-gnu/libcrypto.so (found version "1.1.1f")  
[1.013s] -- Found FastRTPS: /opt/ros/foxy/include  
[1.088s] -- Using all available rosidl_typesupport_cpp: rosidl_typesupport_fastrtps_cpp;rosidl_typesupport_introspection_cpp
[1.136s] -- Found PythonInterp: /usr/bin/python3 (found version "3.8.10") 
[1.251s] -- Found ament_cmake_ros: 0.9.2 (/opt/ros/foxy/share/ament_cmake_ros/cmake)
[1.343s] -- Using all available rosidl_typesupport_c: rosidl_typesupport_fastrtps_c;rosidl_typesupport_introspection_c
[1.350s] -- Using all available rosidl_typesupport_cpp: rosidl_typesupport_fastrtps_cpp;rosidl_typesupport_introspection_cpp
[1.374s] -- Found PythonInterp: /usr/bin/python3 (found suitable version "3.8.10", minimum required is "3.5") 
[1.375s] -- Found python_cmake_module: 0.8.1 (/opt/ros/foxy/share/python_cmake_module/cmake)
[1.405s] -- Found PythonLibs: /usr/lib/x86_64-linux-gnu/libpython3.8.so (found suitable version "3.8.10", minimum required is "3.5") 
[1.405s] -- Using PYTHON_EXECUTABLE: /usr/bin/python3
[1.405s] -- Using PYTHON_INCLUDE_DIRS: /usr/include/python3.8
[1.406s] -- Using PYTHON_LIBRARIES: /usr/lib/x86_64-linux-gnu/libpython3.8.so
[1.430s] -- Found PythonExtra: .so  
[1.479s] -- Configuring done
[1.505s] -- Generating done
[1.507s] -- Build files have been written to: /home/robot/ros2_ws/ROS2_Projects/build/my_robot_interfaces
[1.512s] Invoked command in '/home/robot/ros2_ws/ROS2_Projects/build/my_robot_interfaces' returned '0': CMAKE_PREFIX_PATH=/home/robot/ros2_ws/ROS2_Projects/install/my_py_pkg:/opt/ros/foxy /usr/bin/cmake /home/robot/ros2_ws/ROS2_Projects/src/my_robot_interfaces -DCMAKE_INSTALL_PREFIX=/home/robot/ros2_ws/ROS2_Projects/install/my_robot_interfaces
[1.515s] Invoking command in '/home/robot/ros2_ws/ROS2_Projects/build/my_robot_interfaces': CMAKE_PREFIX_PATH=/home/robot/ros2_ws/ROS2_Projects/install/my_py_pkg:/opt/ros/foxy /usr/bin/cmake --build /home/robot/ros2_ws/ROS2_Projects/build/my_robot_interfaces -- -j8 -l8
[1.550s] [  3%] [34m[1mGenerating C code for ROS interfaces[0m
[1.551s] [35m[1mScanning dependencies of target my_robot_interfaces__cpp[0m
[1.560s] [  6%] [34m[1mGenerating C++ code for ROS interfaces[0m
[1.755s] [  6%] Built target my_robot_interfaces__cpp
[1.763s] [35m[1mScanning dependencies of target my_robot_interfaces__rosidl_generator_c[0m
[1.764s] [ 16%] [34m[1mGenerating C++ introspection for ROS interfaces[0m
[1.764s] [ 16%] [34m[1mGenerating C++ type support for eProsima Fast-RTPS[0m
[1.764s] [ 16%] [34m[1mGenerating C++ type support dispatch for ROS interfaces[0m
[1.774s] [ 19%] [32mBuilding C object CMakeFiles/my_robot_interfaces__rosidl_generator_c.dir/rosidl_generator_c/my_robot_interfaces/msg/detail/hardware_status__functions.c.o[0m
[1.822s] [ 22%] [32m[1mLinking C shared library libmy_robot_interfaces__rosidl_generator_c.so[0m
[1.852s] [ 22%] Built target my_robot_interfaces__rosidl_generator_c
[1.861s] [ 25%] [34m[1mGenerating C introspection for ROS interfaces[0m
[1.865s] [ 29%] [34m[1mGenerating C type support dispatch for ROS interfaces[0m
[1.951s] [35m[1mScanning dependencies of target my_robot_interfaces__rosidl_typesupport_cpp[0m
[1.965s] [ 32%] [32mBuilding CXX object CMakeFiles/my_robot_interfaces__rosidl_typesupport_cpp.dir/rosidl_typesupport_cpp/my_robot_interfaces/msg/hardware_status__type_support.cpp.o[0m
[1.968s] [35m[1mScanning dependencies of target my_robot_interfaces__rosidl_typesupport_introspection_cpp[0m
[1.980s] [ 35%] [32mBuilding CXX object CMakeFiles/my_robot_interfaces__rosidl_typesupport_introspection_cpp.dir/rosidl_typesupport_introspection_cpp/my_robot_interfaces/msg/detail/hardware_status__type_support.cpp.o[0m
[1.980s] [35m[1mScanning dependencies of target my_robot_interfaces__rosidl_typesupport_fastrtps_cpp[0m
[1.997s] [ 38%] [32mBuilding CXX object CMakeFiles/my_robot_interfaces__rosidl_typesupport_fastrtps_cpp.dir/rosidl_typesupport_fastrtps_cpp/my_robot_interfaces/msg/detail/dds_fastrtps/hardware_status__type_support.cpp.o[0m
[2.165s] [35m[1mScanning dependencies of target my_robot_interfaces__rosidl_typesupport_c[0m
[2.177s] [ 41%] [32mBuilding CXX object CMakeFiles/my_robot_interfaces__rosidl_typesupport_c.dir/rosidl_typesupport_c/my_robot_interfaces/msg/hardware_status__type_support.cpp.o[0m
[2.188s] [35m[1mScanning dependencies of target my_robot_interfaces__rosidl_typesupport_introspection_c[0m
[2.200s] [ 45%] [32mBuilding C object CMakeFiles/my_robot_interfaces__rosidl_typesupport_introspection_c.dir/rosidl_typesupport_introspection_c/my_robot_interfaces/msg/detail/hardware_status__type_support.c.o[0m
[2.209s] [ 48%] [32m[1mLinking CXX shared library libmy_robot_interfaces__rosidl_typesupport_c.so[0m
[2.230s] [ 51%] [32m[1mLinking C shared library libmy_robot_interfaces__rosidl_typesupport_introspection_c.so[0m
[2.247s] [ 51%] Built target my_robot_interfaces__rosidl_typesupport_c
[2.257s] [ 51%] Built target my_robot_interfaces__rosidl_typesupport_introspection_c
[2.382s] [ 54%] [32m[1mLinking CXX shared library libmy_robot_interfaces__rosidl_typesupport_cpp.so[0m
[2.393s] [ 58%] [32m[1mLinking CXX shared library libmy_robot_interfaces__rosidl_typesupport_introspection_cpp.so[0m
[2.413s] [ 61%] [32m[1mLinking CXX shared library libmy_robot_interfaces__rosidl_typesupport_fastrtps_cpp.so[0m
[2.419s] [ 61%] Built target my_robot_interfaces__rosidl_typesupport_cpp
[2.452s] [ 61%] Built target my_robot_interfaces__rosidl_typesupport_introspection_cpp
[2.496s] [ 61%] Built target my_robot_interfaces__rosidl_typesupport_fastrtps_cpp
[2.505s] [ 64%] [34m[1mGenerating C type support for eProsima Fast-RTPS[0m
[2.693s] [35m[1mScanning dependencies of target my_robot_interfaces__rosidl_typesupport_fastrtps_c[0m
[2.706s] [ 67%] [32mBuilding CXX object CMakeFiles/my_robot_interfaces__rosidl_typesupport_fastrtps_c.dir/rosidl_typesupport_fastrtps_c/my_robot_interfaces/msg/detail/hardware_status__type_support_c.cpp.o[0m
[3.013s] [ 70%] [32m[1mLinking CXX shared library libmy_robot_interfaces__rosidl_typesupport_fastrtps_c.so[0m
[3.095s] [ 70%] Built target my_robot_interfaces__rosidl_typesupport_fastrtps_c
[3.104s] [35m[1mScanning dependencies of target my_robot_interfaces[0m
[3.114s] [ 70%] Built target my_robot_interfaces
[3.123s] [35m[1mScanning dependencies of target my_robot_interfaces__py[0m
[3.133s] [ 74%] [34m[1mGenerating Python code for ROS interfaces[0m
[3.466s] [ 74%] Built target my_robot_interfaces__py
[3.475s] [35m[1mScanning dependencies of target my_robot_interfaces__python[0m
[3.510s] [ 77%] [32mBuilding C object CMakeFiles/my_robot_interfaces__python.dir/rosidl_generator_py/my_robot_interfaces/msg/_hardware_status_s.c.o[0m
[3.597s] [ 80%] [32m[1mLinking C shared library rosidl_generator_py/my_robot_interfaces/libmy_robot_interfaces__python.so[0m
[3.631s] [ 80%] Built target my_robot_interfaces__python
[3.640s] [35m[1mScanning dependencies of target my_robot_interfaces__rosidl_typesupport_introspection_c__pyext[0m
[3.640s] [35m[1mScanning dependencies of target my_robot_interfaces__rosidl_typesupport_c__pyext[0m
[3.640s] [35m[1mScanning dependencies of target my_robot_interfaces__rosidl_typesupport_fastrtps_c__pyext[0m
[3.658s] [ 87%] [32mBuilding C object CMakeFiles/my_robot_interfaces__rosidl_typesupport_c__pyext.dir/rosidl_generator_py/my_robot_interfaces/_my_robot_interfaces_s.ep.rosidl_typesupport_c.c.o[0m
[3.658s] [ 87%] [32mBuilding C object CMakeFiles/my_robot_interfaces__rosidl_typesupport_introspection_c__pyext.dir/rosidl_generator_py/my_robot_interfaces/_my_robot_interfaces_s.ep.rosidl_typesupport_introspection_c.c.o[0m
[3.658s] [ 90%] [32mBuilding C object CMakeFiles/my_robot_interfaces__rosidl_typesupport_fastrtps_c__pyext.dir/rosidl_generator_py/my_robot_interfaces/_my_robot_interfaces_s.ep.rosidl_typesupport_fastrtps_c.c.o[0m
[3.727s] [100%] [32m[1mLinking CXX shared library rosidl_generator_py/my_robot_interfaces/my_robot_interfaces_s__rosidl_typesupport_fastrtps_c.cpython-38-x86_64-linux-gnu.so[0m
[3.727s] [100%] [32m[1mLinking C shared library rosidl_generator_py/my_robot_interfaces/my_robot_interfaces_s__rosidl_typesupport_introspection_c.cpython-38-x86_64-linux-gnu.so[0m
[3.727s] [100%] [32m[1mLinking C shared library rosidl_generator_py/my_robot_interfaces/my_robot_interfaces_s__rosidl_typesupport_c.cpython-38-x86_64-linux-gnu.so[0m
[3.757s] [100%] Built target my_robot_interfaces__rosidl_typesupport_c__pyext
[3.757s] [100%] Built target my_robot_interfaces__rosidl_typesupport_introspection_c__pyext
[3.784s] [100%] Built target my_robot_interfaces__rosidl_typesupport_fastrtps_c__pyext
[3.794s] Invoked command in '/home/robot/ros2_ws/ROS2_Projects/build/my_robot_interfaces' returned '0': CMAKE_PREFIX_PATH=/home/robot/ros2_ws/ROS2_Projects/install/my_py_pkg:/opt/ros/foxy /usr/bin/cmake --build /home/robot/ros2_ws/ROS2_Projects/build/my_robot_interfaces -- -j8 -l8
[3.840s] Invoking command in '/home/robot/ros2_ws/ROS2_Projects/build/my_robot_interfaces': CMAKE_PREFIX_PATH=/home/robot/ros2_ws/ROS2_Projects/install/my_py_pkg:/opt/ros/foxy /usr/bin/cmake --install /home/robot/ros2_ws/ROS2_Projects/build/my_robot_interfaces
[3.848s] -- Install configuration: ""
[3.848s] -- Installing: /home/robot/ros2_ws/ROS2_Projects/install/my_robot_interfaces/share/ament_index/resource_index/rosidl_interfaces/my_robot_interfaces
[3.848s] -- Installing: /home/robot/ros2_ws/ROS2_Projects/install/my_robot_interfaces/include/my_robot_interfaces
[3.848s] -- Installing: /home/robot/ros2_ws/ROS2_Projects/install/my_robot_interfaces/include/my_robot_interfaces/msg
[3.848s] -- Installing: /home/robot/ros2_ws/ROS2_Projects/install/my_robot_interfaces/include/my_robot_interfaces/msg/rosidl_generator_c__visibility_control.h
[3.849s] -- Installing: /home/robot/ros2_ws/ROS2_Projects/install/my_robot_interfaces/include/my_robot_interfaces/msg/hardware_status.h
[3.849s] -- Installing: /home/robot/ros2_ws/ROS2_Projects/install/my_robot_interfaces/include/my_robot_interfaces/msg/detail
[3.849s] -- Installing: /home/robot/ros2_ws/ROS2_Projects/install/my_robot_interfaces/include/my_robot_interfaces/msg/detail/hardware_status__functions.c
[3.849s] -- Installing: /home/robot/ros2_ws/ROS2_Projects/install/my_robot_interfaces/include/my_robot_interfaces/msg/detail/hardware_status__struct.h
[3.849s] -- Installing: /home/robot/ros2_ws/ROS2_Projects/install/my_robot_interfaces/include/my_robot_interfaces/msg/detail/hardware_status__type_support.h
[3.849s] -- Installing: /home/robot/ros2_ws/ROS2_Projects/install/my_robot_interfaces/include/my_robot_interfaces/msg/detail/hardware_status__functions.h
[3.849s] -- Installing: /home/robot/ros2_ws/ROS2_Projects/install/my_robot_interfaces/share/my_robot_interfaces/environment/library_path.sh
[3.849s] -- Installing: /home/robot/ros2_ws/ROS2_Projects/install/my_robot_interfaces/share/my_robot_interfaces/environment/library_path.dsv
[3.849s] -- Installing: /home/robot/ros2_ws/ROS2_Projects/install/my_robot_interfaces/lib/libmy_robot_interfaces__rosidl_generator_c.so
[3.849s] -- Set runtime path of "/home/robot/ros2_ws/ROS2_Projects/install/my_robot_interfaces/lib/libmy_robot_interfaces__rosidl_generator_c.so" to ""
[3.850s] -- Up-to-date: /home/robot/ros2_ws/ROS2_Projects/install/my_robot_interfaces/include/my_robot_interfaces
[3.850s] -- Up-to-date: /home/robot/ros2_ws/ROS2_Projects/install/my_robot_interfaces/include/my_robot_interfaces/msg
[3.850s] -- Installing: /home/robot/ros2_ws/ROS2_Projects/install/my_robot_interfaces/include/my_robot_interfaces/msg/rosidl_typesupport_fastrtps_c__visibility_control.h
[3.850s] -- Up-to-date: /home/robot/ros2_ws/ROS2_Projects/install/my_robot_interfaces/include/my_robot_interfaces/msg/detail
[3.850s] -- Installing: /home/robot/ros2_ws/ROS2_Projects/install/my_robot_interfaces/include/my_robot_interfaces/msg/detail/hardware_status__rosidl_typesupport_fastrtps_c.h
[3.850s] -- Installing: /home/robot/ros2_ws/ROS2_Projects/install/my_robot_interfaces/lib/libmy_robot_interfaces__rosidl_typesupport_fastrtps_c.so
[3.850s] -- Set runtime path of "/home/robot/ros2_ws/ROS2_Projects/install/my_robot_interfaces/lib/libmy_robot_interfaces__rosidl_typesupport_fastrtps_c.so" to ""
[3.850s] -- Up-to-date: /home/robot/ros2_ws/ROS2_Projects/install/my_robot_interfaces/include/my_robot_interfaces
[3.850s] -- Up-to-date: /home/robot/ros2_ws/ROS2_Projects/install/my_robot_interfaces/include/my_robot_interfaces/msg
[3.850s] -- Installing: /home/robot/ros2_ws/ROS2_Projects/install/my_robot_interfaces/include/my_robot_interfaces/msg/rosidl_typesupport_fastrtps_cpp__visibility_control.h
[3.851s] -- Up-to-date: /home/robot/ros2_ws/ROS2_Projects/install/my_robot_interfaces/include/my_robot_interfaces/msg/detail
[3.851s] -- Installing: /home/robot/ros2_ws/ROS2_Projects/install/my_robot_interfaces/include/my_robot_interfaces/msg/detail/dds_fastrtps
[3.851s] -- Installing: /home/robot/ros2_ws/ROS2_Projects/install/my_robot_interfaces/include/my_robot_interfaces/msg/detail/hardware_status__rosidl_typesupport_fastrtps_cpp.hpp
[3.851s] -- Installing: /home/robot/ros2_ws/ROS2_Projects/install/my_robot_interfaces/lib/libmy_robot_interfaces__rosidl_typesupport_fastrtps_cpp.so
[3.851s] -- Set runtime path of "/home/robot/ros2_ws/ROS2_Projects/install/my_robot_interfaces/lib/libmy_robot_interfaces__rosidl_typesupport_fastrtps_cpp.so" to ""
[3.851s] -- Up-to-date: /home/robot/ros2_ws/ROS2_Projects/install/my_robot_interfaces/include/my_robot_interfaces
[3.851s] -- Up-to-date: /home/robot/ros2_ws/ROS2_Projects/install/my_robot_interfaces/include/my_robot_interfaces/msg
[3.851s] -- Installing: /home/robot/ros2_ws/ROS2_Projects/install/my_robot_interfaces/include/my_robot_interfaces/msg/rosidl_typesupport_introspection_c__visibility_control.h
[3.851s] -- Up-to-date: /home/robot/ros2_ws/ROS2_Projects/install/my_robot_interfaces/include/my_robot_interfaces/msg/detail
[3.851s] -- Installing: /home/robot/ros2_ws/ROS2_Projects/install/my_robot_interfaces/include/my_robot_interfaces/msg/detail/hardware_status__type_support.c
[3.851s] -- Installing: /home/robot/ros2_ws/ROS2_Projects/install/my_robot_interfaces/include/my_robot_interfaces/msg/detail/hardware_status__rosidl_typesupport_introspection_c.h
[3.852s] -- Installing: /home/robot/ros2_ws/ROS2_Projects/install/my_robot_interfaces/lib/libmy_robot_interfaces__rosidl_typesupport_introspection_c.so
[3.852s] -- Set runtime path of "/home/robot/ros2_ws/ROS2_Projects/install/my_robot_interfaces/lib/libmy_robot_interfaces__rosidl_typesupport_introspection_c.so" to ""
[3.852s] -- Installing: /home/robot/ros2_ws/ROS2_Projects/install/my_robot_interfaces/lib/libmy_robot_interfaces__rosidl_typesupport_c.so
[3.852s] -- Set runtime path of "/home/robot/ros2_ws/ROS2_Projects/install/my_robot_interfaces/lib/libmy_robot_interfaces__rosidl_typesupport_c.so" to ""
[3.852s] -- Up-to-date: /home/robot/ros2_ws/ROS2_Projects/install/my_robot_interfaces/include/my_robot_interfaces
[3.852s] -- Up-to-date: /home/robot/ros2_ws/ROS2_Projects/install/my_robot_interfaces/include/my_robot_interfaces/msg
[3.852s] -- Installing: /home/robot/ros2_ws/ROS2_Projects/install/my_robot_interfaces/include/my_robot_interfaces/msg/hardware_status.hpp
[3.852s] -- Up-to-date: /home/robot/ros2_ws/ROS2_Projects/install/my_robot_interfaces/include/my_robot_interfaces/msg/detail
[3.852s] -- Installing: /home/robot/ros2_ws/ROS2_Projects/install/my_robot_interfaces/include/my_robot_interfaces/msg/detail/hardware_status__builder.hpp
[3.852s] -- Installing: /home/robot/ros2_ws/ROS2_Projects/install/my_robot_interfaces/include/my_robot_interfaces/msg/detail/hardware_status__struct.hpp
[3.853s] -- Installing: /home/robot/ros2_ws/ROS2_Projects/install/my_robot_interfaces/include/my_robot_interfaces/msg/detail/hardware_status__traits.hpp
[3.853s] -- Up-to-date: /home/robot/ros2_ws/ROS2_Projects/install/my_robot_interfaces/include/my_robot_interfaces
[3.853s] -- Up-to-date: /home/robot/ros2_ws/ROS2_Projects/install/my_robot_interfaces/include/my_robot_interfaces/msg
[3.853s] -- Up-to-date: /home/robot/ros2_ws/ROS2_Projects/install/my_robot_interfaces/include/my_robot_interfaces/msg/detail
[3.853s] -- Installing: /home/robot/ros2_ws/ROS2_Projects/install/my_robot_interfaces/include/my_robot_interfaces/msg/detail/hardware_status__rosidl_typesupport_introspection_cpp.hpp
[3.853s] -- Installing: /home/robot/ros2_ws/ROS2_Projects/install/my_robot_interfaces/include/my_robot_interfaces/msg/detail/hardware_status__type_support.cpp
[3.853s] -- Installing: /home/robot/ros2_ws/ROS2_Projects/install/my_robot_interfaces/lib/libmy_robot_interfaces__rosidl_typesupport_introspection_cpp.so
[3.853s] -- Set runtime path of "/home/robot/ros2_ws/ROS2_Projects/install/my_robot_interfaces/lib/libmy_robot_interfaces__rosidl_typesupport_introspection_cpp.so" to ""
[3.853s] -- Installing: /home/robot/ros2_ws/ROS2_Projects/install/my_robot_interfaces/lib/libmy_robot_interfaces__rosidl_typesupport_cpp.so
[3.853s] -- Set runtime path of "/home/robot/ros2_ws/ROS2_Projects/install/my_robot_interfaces/lib/libmy_robot_interfaces__rosidl_typesupport_cpp.so" to ""
[3.853s] -- Installing: /home/robot/ros2_ws/ROS2_Projects/install/my_robot_interfaces/share/my_robot_interfaces/environment/pythonpath.sh
[3.854s] -- Installing: /home/robot/ros2_ws/ROS2_Projects/install/my_robot_interfaces/share/my_robot_interfaces/environment/pythonpath.dsv
[3.854s] -- Installing: /home/robot/ros2_ws/ROS2_Projects/install/my_robot_interfaces/lib/python3.8/site-packages/my_robot_interfaces/__init__.py
[3.883s] Compiling '/home/robot/ros2_ws/ROS2_Projects/install/my_robot_interfaces/lib/python3.8/site-packages/my_robot_interfaces/__init__.py'...
[3.886s] -- Installing: /home/robot/ros2_ws/ROS2_Projects/install/my_robot_interfaces/lib/python3.8/site-packages/my_robot_interfaces/msg
[3.886s] -- Installing: /home/robot/ros2_ws/ROS2_Projects/install/my_robot_interfaces/lib/python3.8/site-packages/my_robot_interfaces/msg/__init__.py
[3.887s] -- Installing: /home/robot/ros2_ws/ROS2_Projects/install/my_robot_interfaces/lib/python3.8/site-packages/my_robot_interfaces/msg/_hardware_status.py
[3.887s] -- Installing: /home/robot/ros2_ws/ROS2_Projects/install/my_robot_interfaces/lib/python3.8/site-packages/my_robot_interfaces/msg/_hardware_status_s.c
[3.887s] -- Installing: /home/robot/ros2_ws/ROS2_Projects/install/my_robot_interfaces/lib/python3.8/site-packages/my_robot_interfaces/my_robot_interfaces_s__rosidl_typesupport_fastrtps_c.cpython-38-x86_64-linux-gnu.so
[3.887s] -- Set runtime path of "/home/robot/ros2_ws/ROS2_Projects/install/my_robot_interfaces/lib/python3.8/site-packages/my_robot_interfaces/my_robot_interfaces_s__rosidl_typesupport_fastrtps_c.cpython-38-x86_64-linux-gnu.so" to ""
[3.887s] -- Installing: /home/robot/ros2_ws/ROS2_Projects/install/my_robot_interfaces/lib/python3.8/site-packages/my_robot_interfaces/my_robot_interfaces_s__rosidl_typesupport_introspection_c.cpython-38-x86_64-linux-gnu.so
[3.888s] -- Set runtime path of "/home/robot/ros2_ws/ROS2_Projects/install/my_robot_interfaces/lib/python3.8/site-packages/my_robot_interfaces/my_robot_interfaces_s__rosidl_typesupport_introspection_c.cpython-38-x86_64-linux-gnu.so" to ""
[3.888s] -- Installing: /home/robot/ros2_ws/ROS2_Projects/install/my_robot_interfaces/lib/python3.8/site-packages/my_robot_interfaces/my_robot_interfaces_s__rosidl_typesupport_c.cpython-38-x86_64-linux-gnu.so
[3.888s] -- Set runtime path of "/home/robot/ros2_ws/ROS2_Projects/install/my_robot_interfaces/lib/python3.8/site-packages/my_robot_interfaces/my_robot_interfaces_s__rosidl_typesupport_c.cpython-38-x86_64-linux-gnu.so" to ""
[3.889s] -- Installing: /home/robot/ros2_ws/ROS2_Projects/install/my_robot_interfaces/lib/libmy_robot_interfaces__python.so
[3.889s] -- Set runtime path of "/home/robot/ros2_ws/ROS2_Projects/install/my_robot_interfaces/lib/libmy_robot_interfaces__python.so" to ""
[3.889s] -- Installing: /home/robot/ros2_ws/ROS2_Projects/install/my_robot_interfaces/share/my_robot_interfaces/msg/HardwareStatus.idl
[3.889s] -- Installing: /home/robot/ros2_ws/ROS2_Projects/install/my_robot_interfaces/share/my_robot_interfaces/msg/HardwareStatus.msg
[3.889s] -- Installing: /home/robot/ros2_ws/ROS2_Projects/install/my_robot_interfaces/share/ament_index/resource_index/package_run_dependencies/my_robot_interfaces
[3.889s] -- Installing: /home/robot/ros2_ws/ROS2_Projects/install/my_robot_interfaces/share/ament_index/resource_index/parent_prefix_path/my_robot_interfaces
[3.889s] -- Installing: /home/robot/ros2_ws/ROS2_Projects/install/my_robot_interfaces/share/my_robot_interfaces/environment/ament_prefix_path.sh
[3.889s] -- Installing: /home/robot/ros2_ws/ROS2_Projects/install/my_robot_interfaces/share/my_robot_interfaces/environment/ament_prefix_path.dsv
[3.890s] -- Installing: /home/robot/ros2_ws/ROS2_Projects/install/my_robot_interfaces/share/my_robot_interfaces/environment/path.sh
[3.890s] -- Installing: /home/robot/ros2_ws/ROS2_Projects/install/my_robot_interfaces/share/my_robot_interfaces/environment/path.dsv
[3.890s] -- Installing: /home/robot/ros2_ws/ROS2_Projects/install/my_robot_interfaces/share/my_robot_interfaces/local_setup.bash
[3.890s] -- Installing: /home/robot/ros2_ws/ROS2_Projects/install/my_robot_interfaces/share/my_robot_interfaces/local_setup.sh
[3.890s] -- Installing: /home/robot/ros2_ws/ROS2_Projects/install/my_robot_interfaces/share/my_robot_interfaces/local_setup.zsh
[3.890s] -- Installing: /home/robot/ros2_ws/ROS2_Projects/install/my_robot_interfaces/share/my_robot_interfaces/local_setup.dsv
[3.890s] -- Installing: /home/robot/ros2_ws/ROS2_Projects/install/my_robot_interfaces/share/my_robot_interfaces/package.dsv
[3.890s] -- Installing: /home/robot/ros2_ws/ROS2_Projects/install/my_robot_interfaces/share/ament_index/resource_index/packages/my_robot_interfaces
[3.890s] -- Installing: /home/robot/ros2_ws/ROS2_Projects/install/my_robot_interfaces/share/my_robot_interfaces/cmake/my_robot_interfaces__rosidl_generator_cExport.cmake
[3.891s] -- Installing: /home/robot/ros2_ws/ROS2_Projects/install/my_robot_interfaces/share/my_robot_interfaces/cmake/my_robot_interfaces__rosidl_generator_cExport-noconfig.cmake
[3.891s] -- Installing: /home/robot/ros2_ws/ROS2_Projects/install/my_robot_interfaces/share/my_robot_interfaces/cmake/my_robot_interfaces__rosidl_typesupport_introspection_cExport.cmake
[3.891s] -- Installing: /home/robot/ros2_ws/ROS2_Projects/install/my_robot_interfaces/share/my_robot_interfaces/cmake/my_robot_interfaces__rosidl_typesupport_introspection_cExport-noconfig.cmake
[3.891s] -- Installing: /home/robot/ros2_ws/ROS2_Projects/install/my_robot_interfaces/share/my_robot_interfaces/cmake/my_robot_interfaces__rosidl_typesupport_cExport.cmake
[3.891s] -- Installing: /home/robot/ros2_ws/ROS2_Projects/install/my_robot_interfaces/share/my_robot_interfaces/cmake/my_robot_interfaces__rosidl_typesupport_cExport-noconfig.cmake
[3.891s] -- Installing: /home/robot/ros2_ws/ROS2_Projects/install/my_robot_interfaces/share/my_robot_interfaces/cmake/my_robot_interfaces__rosidl_generator_cppExport.cmake
[3.891s] -- Installing: /home/robot/ros2_ws/ROS2_Projects/install/my_robot_interfaces/share/my_robot_interfaces/cmake/my_robot_interfaces__rosidl_typesupport_introspection_cppExport.cmake
[3.892s] -- Installing: /home/robot/ros2_ws/ROS2_Projects/install/my_robot_interfaces/share/my_robot_interfaces/cmake/my_robot_interfaces__rosidl_typesupport_introspection_cppExport-noconfig.cmake
[3.892s] -- Installing: /home/robot/ros2_ws/ROS2_Projects/install/my_robot_interfaces/share/my_robot_interfaces/cmake/my_robot_interfaces__rosidl_typesupport_cppExport.cmake
[3.892s] -- Installing: /home/robot/ros2_ws/ROS2_Projects/install/my_robot_interfaces/share/my_robot_interfaces/cmake/my_robot_interfaces__rosidl_typesupport_cppExport-noconfig.cmake
[3.892s] -- Installing: /home/robot/ros2_ws/ROS2_Projects/install/my_robot_interfaces/share/my_robot_interfaces/cmake/rosidl_cmake-extras.cmake
[3.892s] -- Installing: /home/robot/ros2_ws/ROS2_Projects/install/my_robot_interfaces/share/my_robot_interfaces/cmake/ament_cmake_export_dependencies-extras.cmake
[3.892s] -- Installing: /home/robot/ros2_ws/ROS2_Projects/install/my_robot_interfaces/share/my_robot_interfaces/cmake/ament_cmake_export_libraries-extras.cmake
[3.892s] -- Installing: /home/robot/ros2_ws/ROS2_Projects/install/my_robot_interfaces/share/my_robot_interfaces/cmake/ament_cmake_export_targets-extras.cmake
[3.892s] -- Installing: /home/robot/ros2_ws/ROS2_Projects/install/my_robot_interfaces/share/my_robot_interfaces/cmake/ament_cmake_export_include_directories-extras.cmake
[3.892s] -- Installing: /home/robot/ros2_ws/ROS2_Projects/install/my_robot_interfaces/share/my_robot_interfaces/cmake/rosidl_cmake_export_typesupport_libraries-extras.cmake
[3.893s] -- Installing: /home/robot/ros2_ws/ROS2_Projects/install/my_robot_interfaces/share/my_robot_interfaces/cmake/rosidl_cmake_export_typesupport_targets-extras.cmake
[3.893s] -- Installing: /home/robot/ros2_ws/ROS2_Projects/install/my_robot_interfaces/share/my_robot_interfaces/cmake/my_robot_interfacesConfig.cmake
[3.893s] -- Installing: /home/robot/ros2_ws/ROS2_Projects/install/my_robot_interfaces/share/my_robot_interfaces/cmake/my_robot_interfacesConfig-version.cmake
[3.893s] -- Installing: /home/robot/ros2_ws/ROS2_Projects/install/my_robot_interfaces/share/my_robot_interfaces/package.xml
[3.895s] Invoked command in '/home/robot/ros2_ws/ROS2_Projects/build/my_robot_interfaces' returned '0': CMAKE_PREFIX_PATH=/home/robot/ros2_ws/ROS2_Projects/install/my_py_pkg:/opt/ros/foxy /usr/bin/cmake --install /home/robot/ros2_ws/ROS2_Projects/build/my_robot_interfaces
