[0.556s] Invoking command in '/home/robot/ros2_ws/src/my_py_pkg': PYTHONPATH=/home/robot/ros2_ws/install/my_py_pkg/lib/python3.8/site-packages:${PYTHONPATH} /usr/bin/python3 setup.py egg_info --egg-base ../../build/my_py_pkg build --build-base /home/robot/ros2_ws/build/my_py_pkg/build install --prefix /home/robot/ros2_ws/install/my_py_pkg --record /home/robot/ros2_ws/build/my_py_pkg/install.log --single-version-externally-managed
[0.746s] running egg_info
[0.746s] writing ../../build/my_py_pkg/my_py_pkg.egg-info/PKG-INFO
[0.746s] writing dependency_links to ../../build/my_py_pkg/my_py_pkg.egg-info/dependency_links.txt
[0.746s] writing entry points to ../../build/my_py_pkg/my_py_pkg.egg-info/entry_points.txt
[0.747s] writing requirements to ../../build/my_py_pkg/my_py_pkg.egg-info/requires.txt
[0.747s] writing top-level names to ../../build/my_py_pkg/my_py_pkg.egg-info/top_level.txt
[0.775s] reading manifest file '../../build/my_py_pkg/my_py_pkg.egg-info/SOURCES.txt'
[0.776s] writing manifest file '../../build/my_py_pkg/my_py_pkg.egg-info/SOURCES.txt'
[0.776s] running build
[0.776s] running build_py
[0.776s] copying my_py_pkg/my_first_node.py -> /home/robot/ros2_ws/build/my_py_pkg/build/lib/my_py_pkg
[0.777s] running install
[0.777s] running install_lib
[0.778s] copying /home/robot/ros2_ws/build/my_py_pkg/build/lib/my_py_pkg/my_first_node.py -> /home/robot/ros2_ws/install/my_py_pkg/lib/python3.8/site-packages/my_py_pkg
[0.778s] byte-compiling /home/robot/ros2_ws/install/my_py_pkg/lib/python3.8/site-packages/my_py_pkg/my_first_node.py to my_first_node.cpython-38.pyc
[0.780s] running install_data
[0.780s] running install_egg_info
[0.781s] removing '/home/robot/ros2_ws/install/my_py_pkg/lib/python3.8/site-packages/my_py_pkg-0.0.0-py3.8.egg-info' (and everything under it)
[0.782s] Copying ../../build/my_py_pkg/my_py_pkg.egg-info to /home/robot/ros2_ws/install/my_py_pkg/lib/python3.8/site-packages/my_py_pkg-0.0.0-py3.8.egg-info
[0.782s] running install_scripts
[0.795s] Installing py_node script to /home/robot/ros2_ws/install/my_py_pkg/lib/my_py_pkg
[0.796s] writing list of installed files to '/home/robot/ros2_ws/build/my_py_pkg/install.log'
[0.814s] Invoked command in '/home/robot/ros2_ws/src/my_py_pkg' returned '0': PYTHONPATH=/home/robot/ros2_ws/install/my_py_pkg/lib/python3.8/site-packages:${PYTHONPATH} /usr/bin/python3 setup.py egg_info --egg-base ../../build/my_py_pkg build --build-base /home/robot/ros2_ws/build/my_py_pkg/build install --prefix /home/robot/ros2_ws/install/my_py_pkg --record /home/robot/ros2_ws/build/my_py_pkg/install.log --single-version-externally-managed
