[0.011s] Invoking command in '/home/robot/ros2_ws/ROS2_Projects/build/my_robot_interfaces': CMAKE_PREFIX_PATH=${CMAKE_PREFIX_PATH}:/home/robot/ros2_ws/ROS2_Projects/install/my_py_pkg:/opt/ros/foxy /usr/bin/cmake /home/robot/ros2_ws/ROS2_Projects/src/my_robot_interfaces -DCMAKE_INSTALL_PREFIX=/home/robot/ros2_ws/ROS2_Projects/install/my_robot_interfaces
[0.084s] -- The C compiler identification is GNU 9.4.0
[0.139s] -- The CXX compiler identification is GNU 9.4.0
[0.142s] -- Check for working C compiler: /usr/bin/cc
[0.199s] -- Check for working C compiler: /usr/bin/cc -- works
[0.200s] -- Detecting C compiler ABI info
[0.260s] -- Detecting C compiler ABI info - done
[0.271s] -- Detecting C compile features
[0.271s] -- Detecting C compile features - done
[0.274s] -- Check for working CXX compiler: /usr/bin/c++
[0.340s] -- Check for working CXX compiler: /usr/bin/c++ -- works
[0.341s] -- Detecting CXX compiler ABI info
[0.411s] -- Detecting CXX compiler ABI info - done
[0.423s] -- Detecting CXX compile features
[0.423s] -- Detecting CXX compile features - done
[0.425s] -- Found ament_cmake: 0.9.9 (/opt/ros/foxy/share/ament_cmake/cmake)
[0.452s] -- Found PythonInterp: /usr/bin/python3 (found suitable version "3.8.10", minimum required is "3") 
[0.452s] -- Using PYTHON_EXECUTABLE: /usr/bin/python3
[0.622s] -- Found rosidl_default_generators: 1.0.1 (/opt/ros/foxy/share/rosidl_default_generators/cmake)
[0.624s] -- Using all available rosidl_typesupport_c: rosidl_typesupport_fastrtps_c;rosidl_typesupport_introspection_c
[0.629s] -- Found rosidl_adapter: 1.2.1 (/opt/ros/foxy/share/rosidl_adapter/cmake)
[0.699s] -- Found OpenSSL: /usr/lib/x86_64-linux-gnu/libcrypto.so (found version "1.1.1f")  
[0.722s] -- Found FastRTPS: /opt/ros/foxy/include  
[0.790s] -- Using all available rosidl_typesupport_cpp: rosidl_typesupport_fastrtps_cpp;rosidl_typesupport_introspection_cpp
[0.833s] -- Found PythonInterp: /usr/bin/python3 (found version "3.8.10") 
[0.944s] -- Found ament_cmake_ros: 0.9.2 (/opt/ros/foxy/share/ament_cmake_ros/cmake)
[1.024s] -- Using all available rosidl_typesupport_c: rosidl_typesupport_fastrtps_c;rosidl_typesupport_introspection_c
[1.031s] -- Using all available rosidl_typesupport_cpp: rosidl_typesupport_fastrtps_cpp;rosidl_typesupport_introspection_cpp
[1.054s] -- Found PythonInterp: /usr/bin/python3 (found suitable version "3.8.10", minimum required is "3.5") 
[1.055s] -- Found python_cmake_module: 0.8.1 (/opt/ros/foxy/share/python_cmake_module/cmake)
[1.081s] -- Found PythonLibs: /usr/lib/x86_64-linux-gnu/libpython3.8.so (found suitable version "3.8.10", minimum required is "3.5") 
[1.081s] -- Using PYTHON_EXECUTABLE: /usr/bin/python3
[1.081s] -- Using PYTHON_INCLUDE_DIRS: /usr/include/python3.8
[1.081s] -- Using PYTHON_LIBRARIES: /usr/lib/x86_64-linux-gnu/libpython3.8.so
[1.102s] -- Found PythonExtra: .so  
[1.144s] -- Configuring done
[1.169s] -- Generating done
[1.172s] -- Build files have been written to: /home/robot/ros2_ws/ROS2_Projects/build/my_robot_interfaces
[1.180s] Invoked command in '/home/robot/ros2_ws/ROS2_Projects/build/my_robot_interfaces' returned '0': CMAKE_PREFIX_PATH=${CMAKE_PREFIX_PATH}:/home/robot/ros2_ws/ROS2_Projects/install/my_py_pkg:/opt/ros/foxy /usr/bin/cmake /home/robot/ros2_ws/ROS2_Projects/src/my_robot_interfaces -DCMAKE_INSTALL_PREFIX=/home/robot/ros2_ws/ROS2_Projects/install/my_robot_interfaces
[1.181s] Invoking command in '/home/robot/ros2_ws/ROS2_Projects/build/my_robot_interfaces': CMAKE_PREFIX_PATH=${CMAKE_PREFIX_PATH}:/home/robot/ros2_ws/ROS2_Projects/install/my_py_pkg:/opt/ros/foxy /usr/bin/cmake --build /home/robot/ros2_ws/ROS2_Projects/build/my_robot_interfaces -- -j8 -l8
[1.216s] [  3%] [34m[1mGenerating C code for ROS interfaces[0m
[1.216s] [35m[1mScanning dependencies of target my_robot_interfaces__cpp[0m
[1.226s] [  6%] [34m[1mGenerating C++ code for ROS interfaces[0m
[1.415s] [35m[1mScanning dependencies of target my_robot_interfaces__rosidl_generator_c[0m
[1.425s] [  9%] [32mBuilding C object CMakeFiles/my_robot_interfaces__rosidl_generator_c.dir/rosidl_generator_c/my_robot_interfaces/msg/detail/hardware_status__functions.c.o[0m
[1.431s] [  9%] Built target my_robot_interfaces__cpp
[1.440s] [ 19%] [34m[1mGenerating C++ type support dispatch for ROS interfaces[0m
[1.440s] [ 19%] [34m[1mGenerating C++ type support for eProsima Fast-RTPS[0m
[1.440s] [ 19%] [34m[1mGenerating C++ introspection for ROS interfaces[0m
[1.461s] [ 22%] [32m[1mLinking C shared library libmy_robot_interfaces__rosidl_generator_c.so[0m
[1.492s] [ 22%] Built target my_robot_interfaces__rosidl_generator_c
[1.502s] [ 25%] [34m[1mGenerating C introspection for ROS interfaces[0m
[1.505s] [ 29%] [34m[1mGenerating C type support dispatch for ROS interfaces[0m
[1.624s] [35m[1mScanning dependencies of target my_robot_interfaces__rosidl_typesupport_cpp[0m
[1.636s] [ 32%] [32mBuilding CXX object CMakeFiles/my_robot_interfaces__rosidl_typesupport_cpp.dir/rosidl_typesupport_cpp/my_robot_interfaces/msg/hardware_status__type_support.cpp.o[0m
[1.646s] [35m[1mScanning dependencies of target my_robot_interfaces__rosidl_typesupport_introspection_cpp[0m
[1.654s] [35m[1mScanning dependencies of target my_robot_interfaces__rosidl_typesupport_fastrtps_cpp[0m
[1.657s] [ 35%] [32mBuilding CXX object CMakeFiles/my_robot_interfaces__rosidl_typesupport_introspection_cpp.dir/rosidl_typesupport_introspection_cpp/my_robot_interfaces/msg/detail/hardware_status__type_support.cpp.o[0m
[1.669s] [ 38%] [32mBuilding CXX object CMakeFiles/my_robot_interfaces__rosidl_typesupport_fastrtps_cpp.dir/rosidl_typesupport_fastrtps_cpp/my_robot_interfaces/msg/detail/dds_fastrtps/hardware_status__type_support.cpp.o[0m
[1.813s] [35m[1mScanning dependencies of target my_robot_interfaces__rosidl_typesupport_c[0m
[1.827s] [ 41%] [32mBuilding CXX object CMakeFiles/my_robot_interfaces__rosidl_typesupport_c.dir/rosidl_typesupport_c/my_robot_interfaces/msg/hardware_status__type_support.cpp.o[0m
[1.836s] [35m[1mScanning dependencies of target my_robot_interfaces__rosidl_typesupport_introspection_c[0m
[1.851s] [ 45%] [32mBuilding C object CMakeFiles/my_robot_interfaces__rosidl_typesupport_introspection_c.dir/rosidl_typesupport_introspection_c/my_robot_interfaces/msg/detail/hardware_status__type_support.c.o[0m
[1.859s] [ 48%] [32m[1mLinking CXX shared library libmy_robot_interfaces__rosidl_typesupport_c.so[0m
[1.896s] [ 48%] Built target my_robot_interfaces__rosidl_typesupport_c
[1.897s] [ 51%] [32m[1mLinking C shared library libmy_robot_interfaces__rosidl_typesupport_introspection_c.so[0m
[1.905s] [ 54%] [32m[1mLinking CXX shared library libmy_robot_interfaces__rosidl_typesupport_cpp.so[0m
[1.923s] [ 54%] Built target my_robot_interfaces__rosidl_typesupport_introspection_c
[1.942s] [ 54%] Built target my_robot_interfaces__rosidl_typesupport_cpp
[1.946s] [ 58%] [32m[1mLinking CXX shared library libmy_robot_interfaces__rosidl_typesupport_introspection_cpp.so[0m
[2.004s] [ 58%] Built target my_robot_interfaces__rosidl_typesupport_introspection_cpp
[2.079s] [ 61%] [32m[1mLinking CXX shared library libmy_robot_interfaces__rosidl_typesupport_fastrtps_cpp.so[0m
[2.155s] [ 61%] Built target my_robot_interfaces__rosidl_typesupport_fastrtps_cpp
[2.164s] [ 64%] [34m[1mGenerating C type support for eProsima Fast-RTPS[0m
[2.360s] [35m[1mScanning dependencies of target my_robot_interfaces__rosidl_typesupport_fastrtps_c[0m
[2.372s] [ 67%] [32mBuilding CXX object CMakeFiles/my_robot_interfaces__rosidl_typesupport_fastrtps_c.dir/rosidl_typesupport_fastrtps_c/my_robot_interfaces/msg/detail/hardware_status__type_support_c.cpp.o[0m
[2.661s] [ 70%] [32m[1mLinking CXX shared library libmy_robot_interfaces__rosidl_typesupport_fastrtps_c.so[0m
[2.737s] [ 70%] Built target my_robot_interfaces__rosidl_typesupport_fastrtps_c
[2.745s] [35m[1mScanning dependencies of target my_robot_interfaces[0m
[2.754s] [ 70%] Built target my_robot_interfaces
[2.763s] [35m[1mScanning dependencies of target my_robot_interfaces__py[0m
[2.773s] [ 74%] [34m[1mGenerating Python code for ROS interfaces[0m
[3.070s] [ 74%] Built target my_robot_interfaces__py
[3.078s] [35m[1mScanning dependencies of target my_robot_interfaces__python[0m
[3.094s] [ 77%] [32mBuilding C object CMakeFiles/my_robot_interfaces__python.dir/rosidl_generator_py/my_robot_interfaces/msg/_hardware_status_s.c.o[0m
[3.173s] [ 80%] [32m[1mLinking C shared library rosidl_generator_py/my_robot_interfaces/libmy_robot_interfaces__python.so[0m
[3.207s] [ 80%] Built target my_robot_interfaces__python
[3.216s] [35m[1mScanning dependencies of target my_robot_interfaces__rosidl_typesupport_introspection_c__pyext[0m
[3.216s] [35m[1mScanning dependencies of target my_robot_interfaces__rosidl_typesupport_c__pyext[0m
[3.217s] [35m[1mScanning dependencies of target my_robot_interfaces__rosidl_typesupport_fastrtps_c__pyext[0m
[3.232s] [ 83%] [32mBuilding C object CMakeFiles/my_robot_interfaces__rosidl_typesupport_c__pyext.dir/rosidl_generator_py/my_robot_interfaces/_my_robot_interfaces_s.ep.rosidl_typesupport_c.c.o[0m
[3.233s] [ 90%] [32mBuilding C object CMakeFiles/my_robot_interfaces__rosidl_typesupport_introspection_c__pyext.dir/rosidl_generator_py/my_robot_interfaces/_my_robot_interfaces_s.ep.rosidl_typesupport_introspection_c.c.o[0m
[3.233s] [ 90%] [32mBuilding C object CMakeFiles/my_robot_interfaces__rosidl_typesupport_fastrtps_c__pyext.dir/rosidl_generator_py/my_robot_interfaces/_my_robot_interfaces_s.ep.rosidl_typesupport_fastrtps_c.c.o[0m
[3.303s] [100%] [32m[1mLinking C shared library rosidl_generator_py/my_robot_interfaces/my_robot_interfaces_s__rosidl_typesupport_introspection_c.cpython-38-x86_64-linux-gnu.so[0m
[3.303s] [100%] [32m[1mLinking CXX shared library rosidl_generator_py/my_robot_interfaces/my_robot_interfaces_s__rosidl_typesupport_fastrtps_c.cpython-38-x86_64-linux-gnu.so[0m
[3.303s] [100%] [32m[1mLinking C shared library rosidl_generator_py/my_robot_interfaces/my_robot_interfaces_s__rosidl_typesupport_c.cpython-38-x86_64-linux-gnu.so[0m
[3.333s] [100%] Built target my_robot_interfaces__rosidl_typesupport_c__pyext
[3.333s] [100%] Built target my_robot_interfaces__rosidl_typesupport_introspection_c__pyext
[3.361s] [100%] Built target my_robot_interfaces__rosidl_typesupport_fastrtps_c__pyext
[3.371s] Invoked command in '/home/robot/ros2_ws/ROS2_Projects/build/my_robot_interfaces' returned '0': CMAKE_PREFIX_PATH=${CMAKE_PREFIX_PATH}:/home/robot/ros2_ws/ROS2_Projects/install/my_py_pkg:/opt/ros/foxy /usr/bin/cmake --build /home/robot/ros2_ws/ROS2_Projects/build/my_robot_interfaces -- -j8 -l8
[3.419s] Invoking command in '/home/robot/ros2_ws/ROS2_Projects/build/my_robot_interfaces': CMAKE_PREFIX_PATH=${CMAKE_PREFIX_PATH}:/home/robot/ros2_ws/ROS2_Projects/install/my_py_pkg:/opt/ros/foxy /usr/bin/cmake --install /home/robot/ros2_ws/ROS2_Projects/build/my_robot_interfaces
[3.427s] -- Install configuration: ""
[3.427s] -- Installing: /home/robot/ros2_ws/ROS2_Projects/install/my_robot_interfaces/share/ament_index/resource_index/rosidl_interfaces/my_robot_interfaces
[3.427s] -- Installing: /home/robot/ros2_ws/ROS2_Projects/install/my_robot_interfaces/include/my_robot_interfaces
[3.427s] -- Installing: /home/robot/ros2_ws/ROS2_Projects/install/my_robot_interfaces/include/my_robot_interfaces/msg
[3.427s] -- Installing: /home/robot/ros2_ws/ROS2_Projects/install/my_robot_interfaces/include/my_robot_interfaces/msg/rosidl_generator_c__visibility_control.h
[3.428s] -- Installing: /home/robot/ros2_ws/ROS2_Projects/install/my_robot_interfaces/include/my_robot_interfaces/msg/hardware_status.h
[3.428s] -- Installing: /home/robot/ros2_ws/ROS2_Projects/install/my_robot_interfaces/include/my_robot_interfaces/msg/detail
[3.428s] -- Installing: /home/robot/ros2_ws/ROS2_Projects/install/my_robot_interfaces/include/my_robot_interfaces/msg/detail/hardware_status__functions.c
[3.428s] -- Installing: /home/robot/ros2_ws/ROS2_Projects/install/my_robot_interfaces/include/my_robot_interfaces/msg/detail/hardware_status__struct.h
[3.428s] -- Installing: /home/robot/ros2_ws/ROS2_Projects/install/my_robot_interfaces/include/my_robot_interfaces/msg/detail/hardware_status__type_support.h
[3.428s] -- Installing: /home/robot/ros2_ws/ROS2_Projects/install/my_robot_interfaces/include/my_robot_interfaces/msg/detail/hardware_status__functions.h
[3.428s] -- Installing: /home/robot/ros2_ws/ROS2_Projects/install/my_robot_interfaces/share/my_robot_interfaces/environment/library_path.sh
[3.428s] -- Installing: /home/robot/ros2_ws/ROS2_Projects/install/my_robot_interfaces/share/my_robot_interfaces/environment/library_path.dsv
[3.428s] -- Installing: /home/robot/ros2_ws/ROS2_Projects/install/my_robot_interfaces/lib/libmy_robot_interfaces__rosidl_generator_c.so
[3.428s] -- Set runtime path of "/home/robot/ros2_ws/ROS2_Projects/install/my_robot_interfaces/lib/libmy_robot_interfaces__rosidl_generator_c.so" to ""
[3.429s] -- Up-to-date: /home/robot/ros2_ws/ROS2_Projects/install/my_robot_interfaces/include/my_robot_interfaces
[3.429s] -- Up-to-date: /home/robot/ros2_ws/ROS2_Projects/install/my_robot_interfaces/include/my_robot_interfaces/msg
[3.429s] -- Installing: /home/robot/ros2_ws/ROS2_Projects/install/my_robot_interfaces/include/my_robot_interfaces/msg/rosidl_typesupport_fastrtps_c__visibility_control.h
[3.429s] -- Up-to-date: /home/robot/ros2_ws/ROS2_Projects/install/my_robot_interfaces/include/my_robot_interfaces/msg/detail
[3.429s] -- Installing: /home/robot/ros2_ws/ROS2_Projects/install/my_robot_interfaces/include/my_robot_interfaces/msg/detail/hardware_status__rosidl_typesupport_fastrtps_c.h
[3.429s] -- Installing: /home/robot/ros2_ws/ROS2_Projects/install/my_robot_interfaces/lib/libmy_robot_interfaces__rosidl_typesupport_fastrtps_c.so
[3.429s] -- Set runtime path of "/home/robot/ros2_ws/ROS2_Projects/install/my_robot_interfaces/lib/libmy_robot_interfaces__rosidl_typesupport_fastrtps_c.so" to ""
[3.429s] -- Up-to-date: /home/robot/ros2_ws/ROS2_Projects/install/my_robot_interfaces/include/my_robot_interfaces
[3.430s] -- Up-to-date: /home/robot/ros2_ws/ROS2_Projects/install/my_robot_interfaces/include/my_robot_interfaces/msg
[3.430s] -- Installing: /home/robot/ros2_ws/ROS2_Projects/install/my_robot_interfaces/include/my_robot_interfaces/msg/rosidl_typesupport_fastrtps_cpp__visibility_control.h
[3.430s] -- Up-to-date: /home/robot/ros2_ws/ROS2_Projects/install/my_robot_interfaces/include/my_robot_interfaces/msg/detail
[3.430s] -- Installing: /home/robot/ros2_ws/ROS2_Projects/install/my_robot_interfaces/include/my_robot_interfaces/msg/detail/dds_fastrtps
[3.430s] -- Installing: /home/robot/ros2_ws/ROS2_Projects/install/my_robot_interfaces/include/my_robot_interfaces/msg/detail/hardware_status__rosidl_typesupport_fastrtps_cpp.hpp
[3.430s] -- Installing: /home/robot/ros2_ws/ROS2_Projects/install/my_robot_interfaces/lib/libmy_robot_interfaces__rosidl_typesupport_fastrtps_cpp.so
[3.430s] -- Set runtime path of "/home/robot/ros2_ws/ROS2_Projects/install/my_robot_interfaces/lib/libmy_robot_interfaces__rosidl_typesupport_fastrtps_cpp.so" to ""
[3.430s] -- Up-to-date: /home/robot/ros2_ws/ROS2_Projects/install/my_robot_interfaces/include/my_robot_interfaces
[3.430s] -- Up-to-date: /home/robot/ros2_ws/ROS2_Projects/install/my_robot_interfaces/include/my_robot_interfaces/msg
[3.430s] -- Installing: /home/robot/ros2_ws/ROS2_Projects/install/my_robot_interfaces/include/my_robot_interfaces/msg/rosidl_typesupport_introspection_c__visibility_control.h
[3.430s] -- Up-to-date: /home/robot/ros2_ws/ROS2_Projects/install/my_robot_interfaces/include/my_robot_interfaces/msg/detail
[3.431s] -- Installing: /home/robot/ros2_ws/ROS2_Projects/install/my_robot_interfaces/include/my_robot_interfaces/msg/detail/hardware_status__type_support.c
[3.431s] -- Installing: /home/robot/ros2_ws/ROS2_Projects/install/my_robot_interfaces/include/my_robot_interfaces/msg/detail/hardware_status__rosidl_typesupport_introspection_c.h
[3.431s] -- Installing: /home/robot/ros2_ws/ROS2_Projects/install/my_robot_interfaces/lib/libmy_robot_interfaces__rosidl_typesupport_introspection_c.so
[3.431s] -- Set runtime path of "/home/robot/ros2_ws/ROS2_Projects/install/my_robot_interfaces/lib/libmy_robot_interfaces__rosidl_typesupport_introspection_c.so" to ""
[3.431s] -- Installing: /home/robot/ros2_ws/ROS2_Projects/install/my_robot_interfaces/lib/libmy_robot_interfaces__rosidl_typesupport_c.so
[3.431s] -- Set runtime path of "/home/robot/ros2_ws/ROS2_Projects/install/my_robot_interfaces/lib/libmy_robot_interfaces__rosidl_typesupport_c.so" to ""
[3.431s] -- Up-to-date: /home/robot/ros2_ws/ROS2_Projects/install/my_robot_interfaces/include/my_robot_interfaces
[3.431s] -- Up-to-date: /home/robot/ros2_ws/ROS2_Projects/install/my_robot_interfaces/include/my_robot_interfaces/msg
[3.431s] -- Installing: /home/robot/ros2_ws/ROS2_Projects/install/my_robot_interfaces/include/my_robot_interfaces/msg/hardware_status.hpp
[3.431s] -- Up-to-date: /home/robot/ros2_ws/ROS2_Projects/install/my_robot_interfaces/include/my_robot_interfaces/msg/detail
[3.431s] -- Installing: /home/robot/ros2_ws/ROS2_Projects/install/my_robot_interfaces/include/my_robot_interfaces/msg/detail/hardware_status__builder.hpp
[3.432s] -- Installing: /home/robot/ros2_ws/ROS2_Projects/install/my_robot_interfaces/include/my_robot_interfaces/msg/detail/hardware_status__struct.hpp
[3.432s] -- Installing: /home/robot/ros2_ws/ROS2_Projects/install/my_robot_interfaces/include/my_robot_interfaces/msg/detail/hardware_status__traits.hpp
[3.432s] -- Up-to-date: /home/robot/ros2_ws/ROS2_Projects/install/my_robot_interfaces/include/my_robot_interfaces
[3.432s] -- Up-to-date: /home/robot/ros2_ws/ROS2_Projects/install/my_robot_interfaces/include/my_robot_interfaces/msg
[3.432s] -- Up-to-date: /home/robot/ros2_ws/ROS2_Projects/install/my_robot_interfaces/include/my_robot_interfaces/msg/detail
[3.432s] -- Installing: /home/robot/ros2_ws/ROS2_Projects/install/my_robot_interfaces/include/my_robot_interfaces/msg/detail/hardware_status__rosidl_typesupport_introspection_cpp.hpp
[3.432s] -- Installing: /home/robot/ros2_ws/ROS2_Projects/install/my_robot_interfaces/include/my_robot_interfaces/msg/detail/hardware_status__type_support.cpp
[3.432s] -- Installing: /home/robot/ros2_ws/ROS2_Projects/install/my_robot_interfaces/lib/libmy_robot_interfaces__rosidl_typesupport_introspection_cpp.so
[3.432s] -- Set runtime path of "/home/robot/ros2_ws/ROS2_Projects/install/my_robot_interfaces/lib/libmy_robot_interfaces__rosidl_typesupport_introspection_cpp.so" to ""
[3.432s] -- Installing: /home/robot/ros2_ws/ROS2_Projects/install/my_robot_interfaces/lib/libmy_robot_interfaces__rosidl_typesupport_cpp.so
[3.432s] -- Set runtime path of "/home/robot/ros2_ws/ROS2_Projects/install/my_robot_interfaces/lib/libmy_robot_interfaces__rosidl_typesupport_cpp.so" to ""
[3.433s] -- Installing: /home/robot/ros2_ws/ROS2_Projects/install/my_robot_interfaces/share/my_robot_interfaces/environment/pythonpath.sh
[3.433s] -- Installing: /home/robot/ros2_ws/ROS2_Projects/install/my_robot_interfaces/share/my_robot_interfaces/environment/pythonpath.dsv
[3.433s] -- Installing: /home/robot/ros2_ws/ROS2_Projects/install/my_robot_interfaces/lib/python3.8/site-packages/my_robot_interfaces/__init__.py
[3.463s] Compiling '/home/robot/ros2_ws/ROS2_Projects/install/my_robot_interfaces/lib/python3.8/site-packages/my_robot_interfaces/__init__.py'...
[3.467s] -- Installing: /home/robot/ros2_ws/ROS2_Projects/install/my_robot_interfaces/lib/python3.8/site-packages/my_robot_interfaces/msg
[3.467s] -- Installing: /home/robot/ros2_ws/ROS2_Projects/install/my_robot_interfaces/lib/python3.8/site-packages/my_robot_interfaces/msg/__init__.py
[3.467s] -- Installing: /home/robot/ros2_ws/ROS2_Projects/install/my_robot_interfaces/lib/python3.8/site-packages/my_robot_interfaces/msg/_hardware_status.py
[3.467s] -- Installing: /home/robot/ros2_ws/ROS2_Projects/install/my_robot_interfaces/lib/python3.8/site-packages/my_robot_interfaces/msg/_hardware_status_s.c
[3.467s] -- Installing: /home/robot/ros2_ws/ROS2_Projects/install/my_robot_interfaces/lib/python3.8/site-packages/my_robot_interfaces/my_robot_interfaces_s__rosidl_typesupport_fastrtps_c.cpython-38-x86_64-linux-gnu.so
[3.468s] -- Set runtime path of "/home/robot/ros2_ws/ROS2_Projects/install/my_robot_interfaces/lib/python3.8/site-packages/my_robot_interfaces/my_robot_interfaces_s__rosidl_typesupport_fastrtps_c.cpython-38-x86_64-linux-gnu.so" to ""
[3.468s] -- Installing: /home/robot/ros2_ws/ROS2_Projects/install/my_robot_interfaces/lib/python3.8/site-packages/my_robot_interfaces/my_robot_interfaces_s__rosidl_typesupport_introspection_c.cpython-38-x86_64-linux-gnu.so
[3.468s] -- Set runtime path of "/home/robot/ros2_ws/ROS2_Projects/install/my_robot_interfaces/lib/python3.8/site-packages/my_robot_interfaces/my_robot_interfaces_s__rosidl_typesupport_introspection_c.cpython-38-x86_64-linux-gnu.so" to ""
[3.469s] -- Installing: /home/robot/ros2_ws/ROS2_Projects/install/my_robot_interfaces/lib/python3.8/site-packages/my_robot_interfaces/my_robot_interfaces_s__rosidl_typesupport_c.cpython-38-x86_64-linux-gnu.so
[3.469s] -- Set runtime path of "/home/robot/ros2_ws/ROS2_Projects/install/my_robot_interfaces/lib/python3.8/site-packages/my_robot_interfaces/my_robot_interfaces_s__rosidl_typesupport_c.cpython-38-x86_64-linux-gnu.so" to ""
[3.469s] -- Installing: /home/robot/ros2_ws/ROS2_Projects/install/my_robot_interfaces/lib/libmy_robot_interfaces__python.so
[3.469s] -- Set runtime path of "/home/robot/ros2_ws/ROS2_Projects/install/my_robot_interfaces/lib/libmy_robot_interfaces__python.so" to ""
[3.469s] -- Installing: /home/robot/ros2_ws/ROS2_Projects/install/my_robot_interfaces/share/my_robot_interfaces/msg/HardwareStatus.idl
[3.469s] -- Installing: /home/robot/ros2_ws/ROS2_Projects/install/my_robot_interfaces/share/my_robot_interfaces/msg/HardwareStatus.msg
[3.470s] -- Installing: /home/robot/ros2_ws/ROS2_Projects/install/my_robot_interfaces/share/ament_index/resource_index/package_run_dependencies/my_robot_interfaces
[3.470s] -- Installing: /home/robot/ros2_ws/ROS2_Projects/install/my_robot_interfaces/share/ament_index/resource_index/parent_prefix_path/my_robot_interfaces
[3.470s] -- Installing: /home/robot/ros2_ws/ROS2_Projects/install/my_robot_interfaces/share/my_robot_interfaces/environment/ament_prefix_path.sh
[3.470s] -- Installing: /home/robot/ros2_ws/ROS2_Projects/install/my_robot_interfaces/share/my_robot_interfaces/environment/ament_prefix_path.dsv
[3.470s] -- Installing: /home/robot/ros2_ws/ROS2_Projects/install/my_robot_interfaces/share/my_robot_interfaces/environment/path.sh
[3.470s] -- Installing: /home/robot/ros2_ws/ROS2_Projects/install/my_robot_interfaces/share/my_robot_interfaces/environment/path.dsv
[3.470s] -- Installing: /home/robot/ros2_ws/ROS2_Projects/install/my_robot_interfaces/share/my_robot_interfaces/local_setup.bash
[3.470s] -- Installing: /home/robot/ros2_ws/ROS2_Projects/install/my_robot_interfaces/share/my_robot_interfaces/local_setup.sh
[3.470s] -- Installing: /home/robot/ros2_ws/ROS2_Projects/install/my_robot_interfaces/share/my_robot_interfaces/local_setup.zsh
[3.471s] -- Installing: /home/robot/ros2_ws/ROS2_Projects/install/my_robot_interfaces/share/my_robot_interfaces/local_setup.dsv
[3.471s] -- Installing: /home/robot/ros2_ws/ROS2_Projects/install/my_robot_interfaces/share/my_robot_interfaces/package.dsv
[3.471s] -- Installing: /home/robot/ros2_ws/ROS2_Projects/install/my_robot_interfaces/share/ament_index/resource_index/packages/my_robot_interfaces
[3.471s] -- Installing: /home/robot/ros2_ws/ROS2_Projects/install/my_robot_interfaces/share/my_robot_interfaces/cmake/my_robot_interfaces__rosidl_generator_cExport.cmake
[3.471s] -- Installing: /home/robot/ros2_ws/ROS2_Projects/install/my_robot_interfaces/share/my_robot_interfaces/cmake/my_robot_interfaces__rosidl_generator_cExport-noconfig.cmake
[3.471s] -- Installing: /home/robot/ros2_ws/ROS2_Projects/install/my_robot_interfaces/share/my_robot_interfaces/cmake/my_robot_interfaces__rosidl_typesupport_introspection_cExport.cmake
[3.471s] -- Installing: /home/robot/ros2_ws/ROS2_Projects/install/my_robot_interfaces/share/my_robot_interfaces/cmake/my_robot_interfaces__rosidl_typesupport_introspection_cExport-noconfig.cmake
[3.472s] -- Installing: /home/robot/ros2_ws/ROS2_Projects/install/my_robot_interfaces/share/my_robot_interfaces/cmake/my_robot_interfaces__rosidl_typesupport_cExport.cmake
[3.472s] -- Installing: /home/robot/ros2_ws/ROS2_Projects/install/my_robot_interfaces/share/my_robot_interfaces/cmake/my_robot_interfaces__rosidl_typesupport_cExport-noconfig.cmake
[3.472s] -- Installing: /home/robot/ros2_ws/ROS2_Projects/install/my_robot_interfaces/share/my_robot_interfaces/cmake/my_robot_interfaces__rosidl_generator_cppExport.cmake
[3.472s] -- Installing: /home/robot/ros2_ws/ROS2_Projects/install/my_robot_interfaces/share/my_robot_interfaces/cmake/my_robot_interfaces__rosidl_typesupport_introspection_cppExport.cmake
[3.472s] -- Installing: /home/robot/ros2_ws/ROS2_Projects/install/my_robot_interfaces/share/my_robot_interfaces/cmake/my_robot_interfaces__rosidl_typesupport_introspection_cppExport-noconfig.cmake
[3.472s] -- Installing: /home/robot/ros2_ws/ROS2_Projects/install/my_robot_interfaces/share/my_robot_interfaces/cmake/my_robot_interfaces__rosidl_typesupport_cppExport.cmake
[3.472s] -- Installing: /home/robot/ros2_ws/ROS2_Projects/install/my_robot_interfaces/share/my_robot_interfaces/cmake/my_robot_interfaces__rosidl_typesupport_cppExport-noconfig.cmake
[3.472s] -- Installing: /home/robot/ros2_ws/ROS2_Projects/install/my_robot_interfaces/share/my_robot_interfaces/cmake/rosidl_cmake-extras.cmake
[3.473s] -- Installing: /home/robot/ros2_ws/ROS2_Projects/install/my_robot_interfaces/share/my_robot_interfaces/cmake/ament_cmake_export_dependencies-extras.cmake
[3.473s] -- Installing: /home/robot/ros2_ws/ROS2_Projects/install/my_robot_interfaces/share/my_robot_interfaces/cmake/ament_cmake_export_libraries-extras.cmake
[3.473s] -- Installing: /home/robot/ros2_ws/ROS2_Projects/install/my_robot_interfaces/share/my_robot_interfaces/cmake/ament_cmake_export_targets-extras.cmake
[3.473s] -- Installing: /home/robot/ros2_ws/ROS2_Projects/install/my_robot_interfaces/share/my_robot_interfaces/cmake/ament_cmake_export_include_directories-extras.cmake
[3.473s] -- Installing: /home/robot/ros2_ws/ROS2_Projects/install/my_robot_interfaces/share/my_robot_interfaces/cmake/rosidl_cmake_export_typesupport_libraries-extras.cmake
[3.473s] -- Installing: /home/robot/ros2_ws/ROS2_Projects/install/my_robot_interfaces/share/my_robot_interfaces/cmake/rosidl_cmake_export_typesupport_targets-extras.cmake
[3.473s] -- Installing: /home/robot/ros2_ws/ROS2_Projects/install/my_robot_interfaces/share/my_robot_interfaces/cmake/my_robot_interfacesConfig.cmake
[3.473s] -- Installing: /home/robot/ros2_ws/ROS2_Projects/install/my_robot_interfaces/share/my_robot_interfaces/cmake/my_robot_interfacesConfig-version.cmake
[3.473s] -- Installing: /home/robot/ros2_ws/ROS2_Projects/install/my_robot_interfaces/share/my_robot_interfaces/package.xml
[3.476s] Invoked command in '/home/robot/ros2_ws/ROS2_Projects/build/my_robot_interfaces' returned '0': CMAKE_PREFIX_PATH=${CMAKE_PREFIX_PATH}:/home/robot/ros2_ws/ROS2_Projects/install/my_py_pkg:/opt/ros/foxy /usr/bin/cmake --install /home/robot/ros2_ws/ROS2_Projects/build/my_robot_interfaces
