[0.117s] DEBUG:colcon:Command line arguments: ['/usr/bin/colcon', 'build', '--packages-select', 'my_robot_interfaces', 'symlink-install']
[0.117s] DEBUG:colcon:Parsed command line arguments: Namespace(allow_overriding=[], ament_cmake_args=None, base_paths=['.'], build_base='build', catkin_cmake_args=None, catkin_skip_building_tests=False, cmake_args=None, cmake_clean_cache=False, cmake_clean_first=False, cmake_force_configure=False, cmake_target=None, cmake_target_skip_unavailable=False, continue_on_error=False, event_handlers=None, executor='parallel', ignore_user_meta=False, install_base='install', log_base=None, log_level=None, main=<bound method BuildVerb.main of <colcon_core.verb.build.BuildVerb object at 0x7f55376a4730>>, merge_install=False, metas=['./colcon.meta'], packages_above=None, packages_above_and_dependencies=None, packages_above_depth=None, packages_end=None, packages_ignore=None, packages_ignore_regex=None, packages_select=['my_robot_interfaces', 'symlink-install'], packages_select_build_failed=False, packages_select_by_dep=None, packages_select_regex=None, packages_select_test_failures=False, packages_skip=None, packages_skip_build_finished=False, packages_skip_by_dep=None, packages_skip_regex=None, packages_skip_test_passed=False, packages_skip_up_to=None, packages_start=None, packages_up_to=None, packages_up_to_regex=None, parallel_workers=8, paths=None, symlink_install=False, test_result_base=None, verb_extension=<colcon_core.verb.build.BuildVerb object at 0x7f55376a4730>, verb_name='build', verb_parser=<colcon_defaults.argument_parser.defaults.DefaultArgumentsDecorator object at 0x7f55376a4c70>)
[0.137s] Level 1:colcon.colcon_core.package_discovery:discover_packages(colcon_meta) check parameters
[0.138s] Level 1:colcon.colcon_core.package_discovery:discover_packages(recursive) check parameters
[0.138s] Level 1:colcon.colcon_core.package_discovery:discover_packages(ignore) check parameters
[0.138s] Level 1:colcon.colcon_core.package_discovery:discover_packages(path) check parameters
[0.138s] Level 1:colcon.colcon_core.package_discovery:discover_packages(colcon_meta) discover
[0.138s] Level 1:colcon.colcon_core.package_discovery:discover_packages(recursive) discover
[0.138s] INFO:colcon.colcon_core.package_discovery:Crawling recursively for packages in '/home/robot/ros2_ws/ROS2_Projects'
[0.138s] Level 1:colcon.colcon_core.package_identification:_identify(.) by extensions ['ignore', 'ignore_ament_install']
[0.138s] Level 1:colcon.colcon_core.package_identification:_identify(.) by extension 'ignore'
[0.138s] Level 1:colcon.colcon_core.package_identification:_identify(.) by extension 'ignore_ament_install'
[0.138s] Level 1:colcon.colcon_core.package_identification:_identify(.) by extensions ['colcon_pkg']
[0.138s] Level 1:colcon.colcon_core.package_identification:_identify(.) by extension 'colcon_pkg'
[0.138s] Level 1:colcon.colcon_core.package_identification:_identify(.) by extensions ['colcon_meta']
[0.138s] Level 1:colcon.colcon_core.package_identification:_identify(.) by extension 'colcon_meta'
[0.138s] Level 1:colcon.colcon_core.package_identification:_identify(.) by extensions ['ros']
[0.138s] Level 1:colcon.colcon_core.package_identification:_identify(.) by extension 'ros'
[0.163s] Level 1:colcon.colcon_core.package_identification:_identify(.) by extensions ['cmake', 'python']
[0.163s] Level 1:colcon.colcon_core.package_identification:_identify(.) by extension 'cmake'
[0.163s] Level 1:colcon.colcon_core.package_identification:_identify(.) by extension 'python'
[0.163s] Level 1:colcon.colcon_core.package_identification:_identify(.) by extensions ['python_setup_py']
[0.163s] Level 1:colcon.colcon_core.package_identification:_identify(.) by extension 'python_setup_py'
[0.163s] Level 1:colcon.colcon_core.package_identification:_identify(build) by extensions ['ignore', 'ignore_ament_install']
[0.164s] Level 1:colcon.colcon_core.package_identification:_identify(build) by extension 'ignore'
[0.164s] Level 1:colcon.colcon_core.package_identification:_identify(build) ignored
[0.164s] Level 1:colcon.colcon_core.package_identification:_identify(install) by extensions ['ignore', 'ignore_ament_install']
[0.164s] Level 1:colcon.colcon_core.package_identification:_identify(install) by extension 'ignore'
[0.164s] Level 1:colcon.colcon_core.package_identification:_identify(install) ignored
[0.164s] Level 1:colcon.colcon_core.package_identification:_identify(log) by extensions ['ignore', 'ignore_ament_install']
[0.164s] Level 1:colcon.colcon_core.package_identification:_identify(log) by extension 'ignore'
[0.164s] Level 1:colcon.colcon_core.package_identification:_identify(log) ignored
[0.164s] Level 1:colcon.colcon_core.package_identification:_identify(src) by extensions ['ignore', 'ignore_ament_install']
[0.164s] Level 1:colcon.colcon_core.package_identification:_identify(src) by extension 'ignore'
[0.164s] Level 1:colcon.colcon_core.package_identification:_identify(src) by extension 'ignore_ament_install'
[0.164s] Level 1:colcon.colcon_core.package_identification:_identify(src) by extensions ['colcon_pkg']
[0.164s] Level 1:colcon.colcon_core.package_identification:_identify(src) by extension 'colcon_pkg'
[0.165s] Level 1:colcon.colcon_core.package_identification:_identify(src) by extensions ['colcon_meta']
[0.165s] Level 1:colcon.colcon_core.package_identification:_identify(src) by extension 'colcon_meta'
[0.165s] Level 1:colcon.colcon_core.package_identification:_identify(src) by extensions ['ros']
[0.165s] Level 1:colcon.colcon_core.package_identification:_identify(src) by extension 'ros'
[0.165s] Level 1:colcon.colcon_core.package_identification:_identify(src) by extensions ['cmake', 'python']
[0.165s] Level 1:colcon.colcon_core.package_identification:_identify(src) by extension 'cmake'
[0.165s] Level 1:colcon.colcon_core.package_identification:_identify(src) by extension 'python'
[0.165s] Level 1:colcon.colcon_core.package_identification:_identify(src) by extensions ['python_setup_py']
[0.165s] Level 1:colcon.colcon_core.package_identification:_identify(src) by extension 'python_setup_py'
[0.165s] Level 1:colcon.colcon_core.package_identification:_identify(src/my_py_pkg) by extensions ['ignore', 'ignore_ament_install']
[0.165s] Level 1:colcon.colcon_core.package_identification:_identify(src/my_py_pkg) by extension 'ignore'
[0.165s] Level 1:colcon.colcon_core.package_identification:_identify(src/my_py_pkg) by extension 'ignore_ament_install'
[0.165s] Level 1:colcon.colcon_core.package_identification:_identify(src/my_py_pkg) by extensions ['colcon_pkg']
[0.165s] Level 1:colcon.colcon_core.package_identification:_identify(src/my_py_pkg) by extension 'colcon_pkg'
[0.165s] Level 1:colcon.colcon_core.package_identification:_identify(src/my_py_pkg) by extensions ['colcon_meta']
[0.165s] Level 1:colcon.colcon_core.package_identification:_identify(src/my_py_pkg) by extension 'colcon_meta'
[0.165s] Level 1:colcon.colcon_core.package_identification:_identify(src/my_py_pkg) by extensions ['ros']
[0.165s] Level 1:colcon.colcon_core.package_identification:_identify(src/my_py_pkg) by extension 'ros'
[0.168s] DEBUG:colcon.colcon_core.package_identification:Package 'src/my_py_pkg' with type 'ros.ament_python' and name 'my_py_pkg'
[0.168s] Level 1:colcon.colcon_core.package_identification:_identify(src/my_robot_interfaces) by extensions ['ignore', 'ignore_ament_install']
[0.168s] Level 1:colcon.colcon_core.package_identification:_identify(src/my_robot_interfaces) by extension 'ignore'
[0.168s] Level 1:colcon.colcon_core.package_identification:_identify(src/my_robot_interfaces) by extension 'ignore_ament_install'
[0.168s] Level 1:colcon.colcon_core.package_identification:_identify(src/my_robot_interfaces) by extensions ['colcon_pkg']
[0.168s] Level 1:colcon.colcon_core.package_identification:_identify(src/my_robot_interfaces) by extension 'colcon_pkg'
[0.168s] Level 1:colcon.colcon_core.package_identification:_identify(src/my_robot_interfaces) by extensions ['colcon_meta']
[0.168s] Level 1:colcon.colcon_core.package_identification:_identify(src/my_robot_interfaces) by extension 'colcon_meta'
[0.168s] Level 1:colcon.colcon_core.package_identification:_identify(src/my_robot_interfaces) by extensions ['ros']
[0.168s] Level 1:colcon.colcon_core.package_identification:_identify(src/my_robot_interfaces) by extension 'ros'
[0.169s] DEBUG:colcon.colcon_core.package_identification:Package 'src/my_robot_interfaces' with type 'ros.ament_cmake' and name 'my_robot_interfaces'
[0.169s] Level 1:colcon.colcon_core.package_discovery:discover_packages(recursive) using defaults
[0.169s] Level 1:colcon.colcon_core.package_discovery:discover_packages(ignore) discover
[0.169s] Level 1:colcon.colcon_core.package_discovery:discover_packages(ignore) using defaults
[0.169s] Level 1:colcon.colcon_core.package_discovery:discover_packages(path) discover
[0.169s] Level 1:colcon.colcon_core.package_discovery:discover_packages(path) using defaults
[0.170s] WARNING:colcon.colcon_core.package_selection:ignoring unknown package 'symlink-install' in --packages-select
[0.189s] INFO:colcon.colcon_core.package_selection:Skipping not selected package 'my_py_pkg' in 'src/my_py_pkg'
[0.189s] Level 1:colcon.colcon_core.package_discovery:discover_packages(prefix_path) check parameters
[0.189s] Level 1:colcon.colcon_core.package_discovery:discover_packages(prefix_path) discover
[0.192s] DEBUG:colcon.colcon_installed_package_information.package_discovery:Found 1 installed packages in /home/robot/ros2_ws/ROS2_Projects/install
[0.193s] DEBUG:colcon.colcon_installed_package_information.package_discovery:Found 256 installed packages in /opt/ros/foxy
[0.195s] Level 1:colcon.colcon_core.package_discovery:discover_packages(prefix_path) using defaults
[0.253s] Level 5:colcon.colcon_core.verb:set package 'my_robot_interfaces' build argument 'cmake_args' from command line to 'None'
[0.253s] Level 5:colcon.colcon_core.verb:set package 'my_robot_interfaces' build argument 'cmake_target' from command line to 'None'
[0.253s] Level 5:colcon.colcon_core.verb:set package 'my_robot_interfaces' build argument 'cmake_target_skip_unavailable' from command line to 'False'
[0.253s] Level 5:colcon.colcon_core.verb:set package 'my_robot_interfaces' build argument 'cmake_clean_cache' from command line to 'False'
[0.253s] Level 5:colcon.colcon_core.verb:set package 'my_robot_interfaces' build argument 'cmake_clean_first' from command line to 'False'
[0.253s] Level 5:colcon.colcon_core.verb:set package 'my_robot_interfaces' build argument 'cmake_force_configure' from command line to 'False'
[0.253s] Level 5:colcon.colcon_core.verb:set package 'my_robot_interfaces' build argument 'ament_cmake_args' from command line to 'None'
[0.254s] Level 5:colcon.colcon_core.verb:set package 'my_robot_interfaces' build argument 'catkin_cmake_args' from command line to 'None'
[0.254s] Level 5:colcon.colcon_core.verb:set package 'my_robot_interfaces' build argument 'catkin_skip_building_tests' from command line to 'False'
[0.254s] DEBUG:colcon.colcon_core.verb:Building package 'my_robot_interfaces' with the following arguments: {'ament_cmake_args': None, 'build_base': '/home/robot/ros2_ws/ROS2_Projects/build/my_robot_interfaces', 'catkin_cmake_args': None, 'catkin_skip_building_tests': False, 'cmake_args': None, 'cmake_clean_cache': False, 'cmake_clean_first': False, 'cmake_force_configure': False, 'cmake_target': None, 'cmake_target_skip_unavailable': False, 'install_base': '/home/robot/ros2_ws/ROS2_Projects/install/my_robot_interfaces', 'merge_install': False, 'path': '/home/robot/ros2_ws/ROS2_Projects/src/my_robot_interfaces', 'symlink_install': False, 'test_result_base': None}
[0.254s] INFO:colcon.colcon_core.executor:Executing jobs using 'parallel' executor
[0.258s] DEBUG:colcon.colcon_parallel_executor.executor.parallel:run_until_complete
[0.258s] INFO:colcon.colcon_ros.task.ament_cmake.build:Building ROS package in '/home/robot/ros2_ws/ROS2_Projects/src/my_robot_interfaces' with build type 'ament_cmake'
[0.258s] INFO:colcon.colcon_cmake.task.cmake.build:Building CMake package in '/home/robot/ros2_ws/ROS2_Projects/src/my_robot_interfaces'
[0.262s] INFO:colcon.colcon_core.plugin_system:Skipping extension 'colcon_core.shell.bat': Not used on non-Windows systems
[0.262s] INFO:colcon.colcon_core.shell:Skip shell extension 'powershell' for command environment: Not usable outside of PowerShell
[0.262s] DEBUG:colcon.colcon_core.shell:Skip shell extension 'dsv' for command environment
[0.274s] DEBUG:colcon.colcon_core.event_handler.log_command:Invoking command in '/home/robot/ros2_ws/ROS2_Projects/build/my_robot_interfaces': CMAKE_PREFIX_PATH=/home/robot/ros2_ws/ROS2_Projects/install/my_py_pkg:/opt/ros/foxy /usr/bin/cmake /home/robot/ros2_ws/ROS2_Projects/src/my_robot_interfaces -DCMAKE_INSTALL_PREFIX=/home/robot/ros2_ws/ROS2_Projects/install/my_robot_interfaces
[1.771s] DEBUG:colcon.colcon_core.event_handler.log_command:Invoked command in '/home/robot/ros2_ws/ROS2_Projects/build/my_robot_interfaces' returned '0': CMAKE_PREFIX_PATH=/home/robot/ros2_ws/ROS2_Projects/install/my_py_pkg:/opt/ros/foxy /usr/bin/cmake /home/robot/ros2_ws/ROS2_Projects/src/my_robot_interfaces -DCMAKE_INSTALL_PREFIX=/home/robot/ros2_ws/ROS2_Projects/install/my_robot_interfaces
[1.773s] DEBUG:colcon.colcon_core.event_handler.log_command:Invoking command in '/home/robot/ros2_ws/ROS2_Projects/build/my_robot_interfaces': CMAKE_PREFIX_PATH=/home/robot/ros2_ws/ROS2_Projects/install/my_py_pkg:/opt/ros/foxy /usr/bin/cmake --build /home/robot/ros2_ws/ROS2_Projects/build/my_robot_interfaces -- -j8 -l8
[4.052s] DEBUG:colcon.colcon_core.event_handler.log_command:Invoked command in '/home/robot/ros2_ws/ROS2_Projects/build/my_robot_interfaces' returned '0': CMAKE_PREFIX_PATH=/home/robot/ros2_ws/ROS2_Projects/install/my_py_pkg:/opt/ros/foxy /usr/bin/cmake --build /home/robot/ros2_ws/ROS2_Projects/build/my_robot_interfaces -- -j8 -l8
[4.099s] DEBUG:colcon.colcon_core.event_handler.log_command:Invoking command in '/home/robot/ros2_ws/ROS2_Projects/build/my_robot_interfaces': CMAKE_PREFIX_PATH=/home/robot/ros2_ws/ROS2_Projects/install/my_py_pkg:/opt/ros/foxy /usr/bin/cmake --install /home/robot/ros2_ws/ROS2_Projects/build/my_robot_interfaces
[4.153s] Level 1:colcon.colcon_core.environment:create_environment_scripts_only(my_robot_interfaces)
[4.154s] DEBUG:colcon.colcon_core.event_handler.log_command:Invoked command in '/home/robot/ros2_ws/ROS2_Projects/build/my_robot_interfaces' returned '0': CMAKE_PREFIX_PATH=/home/robot/ros2_ws/ROS2_Projects/install/my_py_pkg:/opt/ros/foxy /usr/bin/cmake --install /home/robot/ros2_ws/ROS2_Projects/build/my_robot_interfaces
[4.159s] Level 1:colcon.colcon_core.environment:checking '/home/robot/ros2_ws/ROS2_Projects/install/my_robot_interfaces' for CMake module files
[4.159s] Level 1:colcon.colcon_core.environment:checking '/home/robot/ros2_ws/ROS2_Projects/install/my_robot_interfaces' for CMake config files
[4.160s] Level 1:colcon.colcon_core.shell:create_environment_hook('my_robot_interfaces', 'cmake_prefix_path')
[4.161s] INFO:colcon.colcon_core.shell:Creating environment hook '/home/robot/ros2_ws/ROS2_Projects/install/my_robot_interfaces/share/my_robot_interfaces/hook/cmake_prefix_path.ps1'
[4.161s] INFO:colcon.colcon_core.shell:Creating environment descriptor '/home/robot/ros2_ws/ROS2_Projects/install/my_robot_interfaces/share/my_robot_interfaces/hook/cmake_prefix_path.dsv'
[4.162s] INFO:colcon.colcon_core.shell:Creating environment hook '/home/robot/ros2_ws/ROS2_Projects/install/my_robot_interfaces/share/my_robot_interfaces/hook/cmake_prefix_path.sh'
[4.163s] Level 1:colcon.colcon_core.environment:checking '/home/robot/ros2_ws/ROS2_Projects/install/my_robot_interfaces/lib'
[4.163s] Level 1:colcon.colcon_core.shell:create_environment_hook('my_robot_interfaces', 'ld_library_path_lib')
[4.164s] INFO:colcon.colcon_core.shell:Creating environment hook '/home/robot/ros2_ws/ROS2_Projects/install/my_robot_interfaces/share/my_robot_interfaces/hook/ld_library_path_lib.ps1'
[4.164s] INFO:colcon.colcon_core.shell:Creating environment descriptor '/home/robot/ros2_ws/ROS2_Projects/install/my_robot_interfaces/share/my_robot_interfaces/hook/ld_library_path_lib.dsv'
[4.165s] INFO:colcon.colcon_core.shell:Creating environment hook '/home/robot/ros2_ws/ROS2_Projects/install/my_robot_interfaces/share/my_robot_interfaces/hook/ld_library_path_lib.sh'
[4.165s] Level 1:colcon.colcon_core.environment:checking '/home/robot/ros2_ws/ROS2_Projects/install/my_robot_interfaces/bin'
[4.165s] Level 1:colcon.colcon_core.environment:checking '/home/robot/ros2_ws/ROS2_Projects/install/my_robot_interfaces/lib/pkgconfig/my_robot_interfaces.pc'
[4.165s] Level 1:colcon.colcon_core.environment:checking '/home/robot/ros2_ws/ROS2_Projects/install/my_robot_interfaces/lib/python3.8/site-packages'
[4.165s] Level 1:colcon.colcon_core.shell:create_environment_hook('my_robot_interfaces', 'pythonpath')
[4.167s] INFO:colcon.colcon_core.shell:Creating environment hook '/home/robot/ros2_ws/ROS2_Projects/install/my_robot_interfaces/share/my_robot_interfaces/hook/pythonpath.ps1'
[4.167s] INFO:colcon.colcon_core.shell:Creating environment descriptor '/home/robot/ros2_ws/ROS2_Projects/install/my_robot_interfaces/share/my_robot_interfaces/hook/pythonpath.dsv'
[4.167s] INFO:colcon.colcon_core.shell:Creating environment hook '/home/robot/ros2_ws/ROS2_Projects/install/my_robot_interfaces/share/my_robot_interfaces/hook/pythonpath.sh'
[4.167s] Level 1:colcon.colcon_core.environment:checking '/home/robot/ros2_ws/ROS2_Projects/install/my_robot_interfaces/bin'
[4.169s] INFO:colcon.colcon_core.shell:Creating package script '/home/robot/ros2_ws/ROS2_Projects/install/my_robot_interfaces/share/my_robot_interfaces/package.ps1'
[4.169s] INFO:colcon.colcon_core.shell:Creating package descriptor '/home/robot/ros2_ws/ROS2_Projects/install/my_robot_interfaces/share/my_robot_interfaces/package.dsv'
[4.170s] INFO:colcon.colcon_core.shell:Creating package script '/home/robot/ros2_ws/ROS2_Projects/install/my_robot_interfaces/share/my_robot_interfaces/package.sh'
[4.171s] INFO:colcon.colcon_core.shell:Creating package script '/home/robot/ros2_ws/ROS2_Projects/install/my_robot_interfaces/share/my_robot_interfaces/package.bash'
[4.171s] INFO:colcon.colcon_core.shell:Creating package script '/home/robot/ros2_ws/ROS2_Projects/install/my_robot_interfaces/share/my_robot_interfaces/package.zsh'
[4.172s] Level 1:colcon.colcon_core.environment:create_file_with_runtime_dependencies(/home/robot/ros2_ws/ROS2_Projects/install/my_robot_interfaces/share/colcon-core/packages/my_robot_interfaces)
[4.208s] Level 1:colcon.colcon_core.environment:create_environment_scripts_only(my_robot_interfaces)
[4.210s] Level 1:colcon.colcon_core.environment:checking '/home/robot/ros2_ws/ROS2_Projects/install/my_robot_interfaces' for CMake module files
[4.210s] Level 1:colcon.colcon_core.environment:checking '/home/robot/ros2_ws/ROS2_Projects/install/my_robot_interfaces' for CMake config files
[4.211s] Level 1:colcon.colcon_core.shell:create_environment_hook('my_robot_interfaces', 'cmake_prefix_path')
[4.213s] INFO:colcon.colcon_core.shell:Creating environment hook '/home/robot/ros2_ws/ROS2_Projects/install/my_robot_interfaces/share/my_robot_interfaces/hook/cmake_prefix_path.ps1'
[4.214s] INFO:colcon.colcon_core.shell:Creating environment descriptor '/home/robot/ros2_ws/ROS2_Projects/install/my_robot_interfaces/share/my_robot_interfaces/hook/cmake_prefix_path.dsv'
[4.214s] INFO:colcon.colcon_core.shell:Creating environment hook '/home/robot/ros2_ws/ROS2_Projects/install/my_robot_interfaces/share/my_robot_interfaces/hook/cmake_prefix_path.sh'
[4.215s] Level 1:colcon.colcon_core.environment:checking '/home/robot/ros2_ws/ROS2_Projects/install/my_robot_interfaces/lib'
[4.215s] Level 1:colcon.colcon_core.shell:create_environment_hook('my_robot_interfaces', 'ld_library_path_lib')
[4.216s] INFO:colcon.colcon_core.shell:Creating environment hook '/home/robot/ros2_ws/ROS2_Projects/install/my_robot_interfaces/share/my_robot_interfaces/hook/ld_library_path_lib.ps1'
[4.216s] INFO:colcon.colcon_core.shell:Creating environment descriptor '/home/robot/ros2_ws/ROS2_Projects/install/my_robot_interfaces/share/my_robot_interfaces/hook/ld_library_path_lib.dsv'
[4.216s] INFO:colcon.colcon_core.shell:Creating environment hook '/home/robot/ros2_ws/ROS2_Projects/install/my_robot_interfaces/share/my_robot_interfaces/hook/ld_library_path_lib.sh'
[4.217s] Level 1:colcon.colcon_core.environment:checking '/home/robot/ros2_ws/ROS2_Projects/install/my_robot_interfaces/bin'
[4.217s] Level 1:colcon.colcon_core.environment:checking '/home/robot/ros2_ws/ROS2_Projects/install/my_robot_interfaces/lib/pkgconfig/my_robot_interfaces.pc'
[4.217s] Level 1:colcon.colcon_core.environment:checking '/home/robot/ros2_ws/ROS2_Projects/install/my_robot_interfaces/lib/python3.8/site-packages'
[4.217s] Level 1:colcon.colcon_core.shell:create_environment_hook('my_robot_interfaces', 'pythonpath')
[4.218s] INFO:colcon.colcon_core.shell:Creating environment hook '/home/robot/ros2_ws/ROS2_Projects/install/my_robot_interfaces/share/my_robot_interfaces/hook/pythonpath.ps1'
[4.219s] INFO:colcon.colcon_core.shell:Creating environment descriptor '/home/robot/ros2_ws/ROS2_Projects/install/my_robot_interfaces/share/my_robot_interfaces/hook/pythonpath.dsv'
[4.219s] INFO:colcon.colcon_core.shell:Creating environment hook '/home/robot/ros2_ws/ROS2_Projects/install/my_robot_interfaces/share/my_robot_interfaces/hook/pythonpath.sh'
[4.219s] Level 1:colcon.colcon_core.environment:checking '/home/robot/ros2_ws/ROS2_Projects/install/my_robot_interfaces/bin'
[4.221s] INFO:colcon.colcon_core.shell:Creating package script '/home/robot/ros2_ws/ROS2_Projects/install/my_robot_interfaces/share/my_robot_interfaces/package.ps1'
[4.221s] INFO:colcon.colcon_core.shell:Creating package descriptor '/home/robot/ros2_ws/ROS2_Projects/install/my_robot_interfaces/share/my_robot_interfaces/package.dsv'
[4.222s] INFO:colcon.colcon_core.shell:Creating package script '/home/robot/ros2_ws/ROS2_Projects/install/my_robot_interfaces/share/my_robot_interfaces/package.sh'
[4.222s] INFO:colcon.colcon_core.shell:Creating package script '/home/robot/ros2_ws/ROS2_Projects/install/my_robot_interfaces/share/my_robot_interfaces/package.bash'
[4.223s] INFO:colcon.colcon_core.shell:Creating package script '/home/robot/ros2_ws/ROS2_Projects/install/my_robot_interfaces/share/my_robot_interfaces/package.zsh'
[4.223s] Level 1:colcon.colcon_core.environment:create_file_with_runtime_dependencies(/home/robot/ros2_ws/ROS2_Projects/install/my_robot_interfaces/share/colcon-core/packages/my_robot_interfaces)
[4.223s] DEBUG:colcon.colcon_parallel_executor.executor.parallel:closing loop
[4.224s] DEBUG:colcon.colcon_parallel_executor.executor.parallel:loop closed
[4.224s] DEBUG:colcon.colcon_parallel_executor.executor.parallel:run_until_complete finished with '0'
[4.224s] DEBUG:colcon.colcon_core.event_reactor:joining thread
[4.230s] INFO:colcon.colcon_core.plugin_system:Skipping extension 'colcon_notification.desktop_notification.terminal_notifier': Not used on non-Darwin systems
[4.230s] INFO:colcon.colcon_core.plugin_system:Skipping extension 'colcon_notification.desktop_notification.win32': Not used on non-Windows systems
[4.230s] INFO:colcon.colcon_notification.desktop_notification:Sending desktop notification using 'notify2'
[4.245s] DEBUG:colcon.colcon_core.event_reactor:joined thread
[4.247s] INFO:colcon.colcon_core.shell:Creating prefix script '/home/robot/ros2_ws/ROS2_Projects/install/local_setup.ps1'
[4.247s] INFO:colcon.colcon_core.shell:Creating prefix util module '/home/robot/ros2_ws/ROS2_Projects/install/_local_setup_util_ps1.py'
[4.249s] INFO:colcon.colcon_core.shell:Creating prefix chain script '/home/robot/ros2_ws/ROS2_Projects/install/setup.ps1'
[4.250s] INFO:colcon.colcon_core.shell:Creating prefix script '/home/robot/ros2_ws/ROS2_Projects/install/local_setup.sh'
[4.251s] INFO:colcon.colcon_core.shell:Creating prefix util module '/home/robot/ros2_ws/ROS2_Projects/install/_local_setup_util_sh.py'
[4.251s] INFO:colcon.colcon_core.shell:Creating prefix chain script '/home/robot/ros2_ws/ROS2_Projects/install/setup.sh'
[4.253s] INFO:colcon.colcon_core.shell:Creating prefix script '/home/robot/ros2_ws/ROS2_Projects/install/local_setup.bash'
[4.253s] INFO:colcon.colcon_core.shell:Creating prefix chain script '/home/robot/ros2_ws/ROS2_Projects/install/setup.bash'
[4.255s] INFO:colcon.colcon_core.shell:Creating prefix script '/home/robot/ros2_ws/ROS2_Projects/install/local_setup.zsh'
[4.255s] INFO:colcon.colcon_core.shell:Creating prefix chain script '/home/robot/ros2_ws/ROS2_Projects/install/setup.zsh'
