[0.016s] Invoking command in '/home/robot/ros2_ws/ROS2_Projects/build/my_robot_bringup': AMENT_PREFIX_PATH=/home/robot/ros2_ws/ROS2_Projects/install/my_py_pkg:/home/robot/ros2_ws/ROS2_Projects/install/my_robot_bringup:/home/robot/ros2_ws/ROS2_Projects/install/my_robot_interfaces:/opt/ros/foxy CMAKE_PREFIX_PATH=/home/robot/ros2_ws/ROS2_Projects/install/my_robot_interfaces:/home/robot/ros2_ws/ROS2_Projects/install/my_robot_bringup:/home/robot/ros2_ws/ROS2_Projects/install/my_py_pkg:/opt/ros/foxy /usr/bin/cmake --build /home/robot/ros2_ws/ROS2_Projects/build/my_robot_bringup -- -j8 -l8
[0.049s] Invoked command in '/home/robot/ros2_ws/ROS2_Projects/build/my_robot_bringup' returned '0': AMENT_PREFIX_PATH=/home/robot/ros2_ws/ROS2_Projects/install/my_py_pkg:/home/robot/ros2_ws/ROS2_Projects/install/my_robot_bringup:/home/robot/ros2_ws/ROS2_Projects/install/my_robot_interfaces:/opt/ros/foxy CMAKE_PREFIX_PATH=/home/robot/ros2_ws/ROS2_Projects/install/my_robot_interfaces:/home/robot/ros2_ws/ROS2_Projects/install/my_robot_bringup:/home/robot/ros2_ws/ROS2_Projects/install/my_py_pkg:/opt/ros/foxy /usr/bin/cmake --build /home/robot/ros2_ws/ROS2_Projects/build/my_robot_bringup -- -j8 -l8
[0.077s] Invoking command in '/home/robot/ros2_ws/ROS2_Projects/build/my_robot_bringup': AMENT_PREFIX_PATH=/home/robot/ros2_ws/ROS2_Projects/install/my_py_pkg:/home/robot/ros2_ws/ROS2_Projects/install/my_robot_bringup:/home/robot/ros2_ws/ROS2_Projects/install/my_robot_interfaces:/opt/ros/foxy CMAKE_PREFIX_PATH=/home/robot/ros2_ws/ROS2_Projects/install/my_robot_interfaces:/home/robot/ros2_ws/ROS2_Projects/install/my_robot_bringup:/home/robot/ros2_ws/ROS2_Projects/install/my_py_pkg:/opt/ros/foxy /usr/bin/cmake --install /home/robot/ros2_ws/ROS2_Projects/build/my_robot_bringup
[0.084s] -- Install configuration: ""
[0.084s] -- Execute custom install script
[0.085s] -- Symlinking: /home/robot/ros2_ws/ROS2_Projects/install/my_robot_bringup/share/my_robot_bringup/launch/activity.launch.py
[0.092s] -- Up-to-date symlink: /home/robot/ros2_ws/ROS2_Projects/install/my_robot_bringup/share/my_robot_bringup/launch/number_app.launch.py
[0.093s] -- Up-to-date symlink: /home/robot/ros2_ws/ROS2_Projects/install/my_robot_bringup/share/ament_index/resource_index/package_run_dependencies/my_robot_bringup
[0.093s] -- Up-to-date symlink: /home/robot/ros2_ws/ROS2_Projects/install/my_robot_bringup/share/ament_index/resource_index/parent_prefix_path/my_robot_bringup
[0.093s] -- Up-to-date symlink: /home/robot/ros2_ws/ROS2_Projects/install/my_robot_bringup/share/my_robot_bringup/environment/ament_prefix_path.sh
[0.093s] -- Up-to-date symlink: /home/robot/ros2_ws/ROS2_Projects/install/my_robot_bringup/share/my_robot_bringup/environment/ament_prefix_path.dsv
[0.094s] -- Up-to-date symlink: /home/robot/ros2_ws/ROS2_Projects/install/my_robot_bringup/share/my_robot_bringup/environment/path.sh
[0.094s] -- Up-to-date symlink: /home/robot/ros2_ws/ROS2_Projects/install/my_robot_bringup/share/my_robot_bringup/environment/path.dsv
[0.094s] -- Up-to-date symlink: /home/robot/ros2_ws/ROS2_Projects/install/my_robot_bringup/share/my_robot_bringup/local_setup.bash
[0.094s] -- Up-to-date symlink: /home/robot/ros2_ws/ROS2_Projects/install/my_robot_bringup/share/my_robot_bringup/local_setup.sh
[0.095s] -- Up-to-date symlink: /home/robot/ros2_ws/ROS2_Projects/install/my_robot_bringup/share/my_robot_bringup/local_setup.zsh
[0.095s] -- Up-to-date symlink: /home/robot/ros2_ws/ROS2_Projects/install/my_robot_bringup/share/my_robot_bringup/local_setup.dsv
[0.095s] -- Symlinking: /home/robot/ros2_ws/ROS2_Projects/install/my_robot_bringup/share/my_robot_bringup/package.dsv
[0.103s] -- Up-to-date symlink: /home/robot/ros2_ws/ROS2_Projects/install/my_robot_bringup/share/ament_index/resource_index/packages/my_robot_bringup
[0.103s] -- Up-to-date symlink: /home/robot/ros2_ws/ROS2_Projects/install/my_robot_bringup/share/my_robot_bringup/cmake/my_robot_bringupConfig.cmake
[0.104s] -- Up-to-date symlink: /home/robot/ros2_ws/ROS2_Projects/install/my_robot_bringup/share/my_robot_bringup/cmake/my_robot_bringupConfig-version.cmake
[0.104s] -- Up-to-date symlink: /home/robot/ros2_ws/ROS2_Projects/install/my_robot_bringup/share/my_robot_bringup/package.xml
[0.107s] Invoked command in '/home/robot/ros2_ws/ROS2_Projects/build/my_robot_bringup' returned '0': AMENT_PREFIX_PATH=/home/robot/ros2_ws/ROS2_Projects/install/my_py_pkg:/home/robot/ros2_ws/ROS2_Projects/install/my_robot_bringup:/home/robot/ros2_ws/ROS2_Projects/install/my_robot_interfaces:/opt/ros/foxy CMAKE_PREFIX_PATH=/home/robot/ros2_ws/ROS2_Projects/install/my_robot_interfaces:/home/robot/ros2_ws/ROS2_Projects/install/my_robot_bringup:/home/robot/ros2_ws/ROS2_Projects/install/my_py_pkg:/opt/ros/foxy /usr/bin/cmake --install /home/robot/ros2_ws/ROS2_Projects/build/my_robot_bringup
